TRACE::2024-02-07.21:13:58::SCWPlatform::Trying to open the hw design at D:/Emphasis_B/Labs/Lab_4/Lab_4_Exercise_2/platform_project/hw/lab_1_exercise_1_hardware_wrapper.xsa
TRACE::2024-02-07.21:13:58::SCWPlatform::DSA given D:/Emphasis_B/Labs/Lab_4/Lab_4_Exercise_2/platform_project/hw/lab_1_exercise_1_hardware_wrapper.xsa
TRACE::2024-02-07.21:13:58::SCWPlatform::DSA absoulate path D:/Emphasis_B/Labs/Lab_4/Lab_4_Exercise_2/platform_project/hw/lab_1_exercise_1_hardware_wrapper.xsa
TRACE::2024-02-07.21:13:58::SCWPlatform::DSA directory D:/Emphasis_B/Labs/Lab_4/Lab_4_Exercise_2/platform_project/hw
TRACE::2024-02-07.21:13:58::SCWPlatform:: Platform Path D:/Emphasis_B/Labs/Lab_4/Lab_4_Exercise_2/platform_project/hw/lab_1_exercise_1_hardware_wrapper.xsa
TRACE::2024-02-07.21:13:58::SCWPlatform:: Unique name xilinx:nexys-a7-100t::0.0
TRACE::2024-02-07.21:13:58::SCWPlatform::Do not have an existing db opened. 
TRACE::2024-02-07.21:13:58::SCWPlatform::Opened new HwDB with name pmod_design_with_uart_wrapper_0
TRACE::2024-02-07.21:13:58::SCWWriter::formatted JSON is {
	"platformName":	"platform_project",
	"sprVersion":	"2.0",
	"mode":	"gui",
	"dsaType":	"Fixed",
	"platformDesc":	"platform_project",
	"platHandOff":	"D:/Emphasis_B/Labs/Lab_4/lab_1_exercise_1_hardware_wrapper.xsa",
	"platIntHandOff":	"<platformDir>/hw/lab_1_exercise_1_hardware_wrapper.xsa",
	"deviceType":	"FPGA",
	"platIsPrebuiltAutogen":	"false",
	"platIsNoBootBsp":	"false",
	"hasFsblMakeHasChanges":	"false",
	"hasPmufwMakeHasChanges":	"false",
	"platPreBuiltFlag":	false,
	"platformSamplesDir":	""
}
TRACE::2024-02-07.21:13:58::SCWWriter::formatted JSON is {
	"platformName":	"platform_project",
	"sprVersion":	"2.0",
	"mode":	"gui",
	"dsaType":	"Fixed",
	"platformDesc":	"platform_project",
	"platHandOff":	"D:/Emphasis_B/Labs/Lab_4/lab_1_exercise_1_hardware_wrapper.xsa",
	"platIntHandOff":	"<platformDir>/hw/lab_1_exercise_1_hardware_wrapper.xsa",
	"deviceType":	"FPGA",
	"platIsPrebuiltAutogen":	"false",
	"platIsNoBootBsp":	"false",
	"hasFsblMakeHasChanges":	"false",
	"hasPmufwMakeHasChanges":	"false",
	"platPreBuiltFlag":	false,
	"platformSamplesDir":	"",
	"platActiveSys":	"platform_project",
	"systems":	[{
			"systemName":	"platform_project",
			"systemDesc":	"platform_project",
			"sysIsBootAutoGen":	"true",
			"systemDispName":	"platform_project"
		}]
}
TRACE::2024-02-07.21:13:58::SCWPlatform::Boot application domains not present, creating them
TRACE::2024-02-07.21:13:58::SCWPlatform::Pure FPGA device, no boot application will be created.
TRACE::2024-02-07.21:13:58::SCWWriter::formatted JSON is {
	"platformName":	"platform_project",
	"sprVersion":	"2.0",
	"mode":	"gui",
	"dsaType":	"Fixed",
	"platformDesc":	"platform_project",
	"platHandOff":	"D:/Emphasis_B/Labs/Lab_4/lab_1_exercise_1_hardware_wrapper.xsa",
	"platIntHandOff":	"<platformDir>/hw/lab_1_exercise_1_hardware_wrapper.xsa",
	"deviceType":	"FPGA",
	"platIsPrebuiltAutogen":	"false",
	"platIsNoBootBsp":	"false",
	"hasFsblMakeHasChanges":	"false",
	"hasPmufwMakeHasChanges":	"false",
	"platPreBuiltFlag":	false,
	"platformSamplesDir":	"",
	"platActiveSys":	"platform_project",
	"systems":	[{
			"systemName":	"platform_project",
			"systemDesc":	"platform_project",
			"sysIsBootAutoGen":	"true",
			"systemDispName":	"platform_project"
		}]
}
TRACE::2024-02-07.21:13:58::SCWPlatform::Trying to open the hw design at D:/Emphasis_B/Labs/Lab_4/Lab_4_Exercise_2/platform_project/hw/lab_1_exercise_1_hardware_wrapper.xsa
TRACE::2024-02-07.21:13:58::SCWPlatform::DSA given D:/Emphasis_B/Labs/Lab_4/Lab_4_Exercise_2/platform_project/hw/lab_1_exercise_1_hardware_wrapper.xsa
TRACE::2024-02-07.21:13:58::SCWPlatform::DSA absoulate path D:/Emphasis_B/Labs/Lab_4/Lab_4_Exercise_2/platform_project/hw/lab_1_exercise_1_hardware_wrapper.xsa
TRACE::2024-02-07.21:13:58::SCWPlatform::DSA directory D:/Emphasis_B/Labs/Lab_4/Lab_4_Exercise_2/platform_project/hw
TRACE::2024-02-07.21:13:58::SCWPlatform:: Platform Path D:/Emphasis_B/Labs/Lab_4/Lab_4_Exercise_2/platform_project/hw/lab_1_exercise_1_hardware_wrapper.xsa
TRACE::2024-02-07.21:13:58::SCWPlatform:: Unique name xilinx:nexys-a7-100t::0.0
TRACE::2024-02-07.21:13:58::SCWPlatform::Trying to set the existing hwdb with name pmod_design_with_uart_wrapper_0
TRACE::2024-02-07.21:13:58::SCWPlatform::Opened existing hwdb pmod_design_with_uart_wrapper_0
TRACE::2024-02-07.21:13:58::SCWPlatform::Found the Hw Db part of the input DSA
TRACE::2024-02-07.21:13:58::SCWPlatform::Trying to open the hw design at D:/Emphasis_B/Labs/Lab_4/Lab_4_Exercise_2/platform_project/hw/lab_1_exercise_1_hardware_wrapper.xsa
TRACE::2024-02-07.21:13:58::SCWPlatform::DSA given D:/Emphasis_B/Labs/Lab_4/Lab_4_Exercise_2/platform_project/hw/lab_1_exercise_1_hardware_wrapper.xsa
TRACE::2024-02-07.21:13:58::SCWPlatform::DSA absoulate path D:/Emphasis_B/Labs/Lab_4/Lab_4_Exercise_2/platform_project/hw/lab_1_exercise_1_hardware_wrapper.xsa
TRACE::2024-02-07.21:13:58::SCWPlatform::DSA directory D:/Emphasis_B/Labs/Lab_4/Lab_4_Exercise_2/platform_project/hw
TRACE::2024-02-07.21:13:58::SCWPlatform:: Platform Path D:/Emphasis_B/Labs/Lab_4/Lab_4_Exercise_2/platform_project/hw/lab_1_exercise_1_hardware_wrapper.xsa
TRACE::2024-02-07.21:13:58::SCWPlatform:: Unique name xilinx:nexys-a7-100t::0.0
TRACE::2024-02-07.21:13:58::SCWPlatform::Trying to set the existing hwdb with name pmod_design_with_uart_wrapper_0
TRACE::2024-02-07.21:13:58::SCWPlatform::Opened existing hwdb pmod_design_with_uart_wrapper_0
TRACE::2024-02-07.21:13:58::SCWPlatform::Found the Hw Db part of the input DSA
TRACE::2024-02-07.21:13:58::SCWPlatform::Trying to open the hw design at D:/Emphasis_B/Labs/Lab_4/Lab_4_Exercise_2/platform_project/hw/lab_1_exercise_1_hardware_wrapper.xsa
TRACE::2024-02-07.21:13:58::SCWPlatform::DSA given D:/Emphasis_B/Labs/Lab_4/Lab_4_Exercise_2/platform_project/hw/lab_1_exercise_1_hardware_wrapper.xsa
TRACE::2024-02-07.21:13:58::SCWPlatform::DSA absoulate path D:/Emphasis_B/Labs/Lab_4/Lab_4_Exercise_2/platform_project/hw/lab_1_exercise_1_hardware_wrapper.xsa
TRACE::2024-02-07.21:13:58::SCWPlatform::DSA directory D:/Emphasis_B/Labs/Lab_4/Lab_4_Exercise_2/platform_project/hw
TRACE::2024-02-07.21:13:58::SCWPlatform:: Platform Path D:/Emphasis_B/Labs/Lab_4/Lab_4_Exercise_2/platform_project/hw/lab_1_exercise_1_hardware_wrapper.xsa
TRACE::2024-02-07.21:13:58::SCWPlatform:: Unique name xilinx:nexys-a7-100t::0.0
TRACE::2024-02-07.21:13:58::SCWPlatform::Trying to set the existing hwdb with name pmod_design_with_uart_wrapper_0
TRACE::2024-02-07.21:13:58::SCWPlatform::Opened existing hwdb pmod_design_with_uart_wrapper_0
TRACE::2024-02-07.21:13:58::SCWPlatform::Found the Hw Db part of the input DSA
TRACE::2024-02-07.21:13:58::SCWDomain::checking for install qemu data   : 
TRACE::2024-02-07.21:13:58::SCWPlatform::Trying to open the hw design at D:/Emphasis_B/Labs/Lab_4/Lab_4_Exercise_2/platform_project/hw/lab_1_exercise_1_hardware_wrapper.xsa
TRACE::2024-02-07.21:13:58::SCWPlatform::DSA given D:/Emphasis_B/Labs/Lab_4/Lab_4_Exercise_2/platform_project/hw/lab_1_exercise_1_hardware_wrapper.xsa
TRACE::2024-02-07.21:13:58::SCWPlatform::DSA absoulate path D:/Emphasis_B/Labs/Lab_4/Lab_4_Exercise_2/platform_project/hw/lab_1_exercise_1_hardware_wrapper.xsa
TRACE::2024-02-07.21:13:58::SCWPlatform::DSA directory D:/Emphasis_B/Labs/Lab_4/Lab_4_Exercise_2/platform_project/hw
TRACE::2024-02-07.21:13:58::SCWPlatform:: Platform Path D:/Emphasis_B/Labs/Lab_4/Lab_4_Exercise_2/platform_project/hw/lab_1_exercise_1_hardware_wrapper.xsa
TRACE::2024-02-07.21:13:58::SCWPlatform:: Unique name xilinx:nexys-a7-100t::0.0
TRACE::2024-02-07.21:13:58::SCWPlatform::Trying to set the existing hwdb with name pmod_design_with_uart_wrapper_0
TRACE::2024-02-07.21:13:58::SCWPlatform::Opened existing hwdb pmod_design_with_uart_wrapper_0
TRACE::2024-02-07.21:13:58::SCWPlatform::Found the Hw Db part of the input DSA
TRACE::2024-02-07.21:13:58::SCWPlatform::Trying to open the hw design at D:/Emphasis_B/Labs/Lab_4/Lab_4_Exercise_2/platform_project/hw/lab_1_exercise_1_hardware_wrapper.xsa
TRACE::2024-02-07.21:13:58::SCWPlatform::DSA given D:/Emphasis_B/Labs/Lab_4/Lab_4_Exercise_2/platform_project/hw/lab_1_exercise_1_hardware_wrapper.xsa
TRACE::2024-02-07.21:13:58::SCWPlatform::DSA absoulate path D:/Emphasis_B/Labs/Lab_4/Lab_4_Exercise_2/platform_project/hw/lab_1_exercise_1_hardware_wrapper.xsa
TRACE::2024-02-07.21:13:58::SCWPlatform::DSA directory D:/Emphasis_B/Labs/Lab_4/Lab_4_Exercise_2/platform_project/hw
TRACE::2024-02-07.21:13:58::SCWPlatform:: Platform Path D:/Emphasis_B/Labs/Lab_4/Lab_4_Exercise_2/platform_project/hw/lab_1_exercise_1_hardware_wrapper.xsa
TRACE::2024-02-07.21:13:58::SCWPlatform:: Unique name xilinx:nexys-a7-100t::0.0
TRACE::2024-02-07.21:13:58::SCWPlatform::Trying to set the existing hwdb with name pmod_design_with_uart_wrapper_0
TRACE::2024-02-07.21:13:58::SCWPlatform::Opened existing hwdb pmod_design_with_uart_wrapper_0
TRACE::2024-02-07.21:13:58::SCWPlatform::Found the Hw Db part of the input DSA
TRACE::2024-02-07.21:13:58::SCWPlatform::Trying to open the hw design at D:/Emphasis_B/Labs/Lab_4/Lab_4_Exercise_2/platform_project/hw/lab_1_exercise_1_hardware_wrapper.xsa
TRACE::2024-02-07.21:13:58::SCWPlatform::DSA given D:/Emphasis_B/Labs/Lab_4/Lab_4_Exercise_2/platform_project/hw/lab_1_exercise_1_hardware_wrapper.xsa
TRACE::2024-02-07.21:13:58::SCWPlatform::DSA absoulate path D:/Emphasis_B/Labs/Lab_4/Lab_4_Exercise_2/platform_project/hw/lab_1_exercise_1_hardware_wrapper.xsa
TRACE::2024-02-07.21:13:58::SCWPlatform::DSA directory D:/Emphasis_B/Labs/Lab_4/Lab_4_Exercise_2/platform_project/hw
TRACE::2024-02-07.21:13:58::SCWPlatform:: Platform Path D:/Emphasis_B/Labs/Lab_4/Lab_4_Exercise_2/platform_project/hw/lab_1_exercise_1_hardware_wrapper.xsa
TRACE::2024-02-07.21:13:58::SCWPlatform:: Unique name xilinx:nexys-a7-100t::0.0
TRACE::2024-02-07.21:13:58::SCWPlatform::Trying to set the existing hwdb with name pmod_design_with_uart_wrapper_0
TRACE::2024-02-07.21:13:58::SCWPlatform::Opened existing hwdb pmod_design_with_uart_wrapper_0
TRACE::2024-02-07.21:13:58::SCWPlatform::Found the Hw Db part of the input DSA
TRACE::2024-02-07.21:13:58::SCWMssOS::Checking the sw design at  D:/Emphasis_B/Labs/Lab_4/Lab_4_Exercise_2/platform_project/microblaze_0/standalone_domain/bsp/system.mss
TRACE::2024-02-07.21:13:58::SCWMssOS::DEBUG:  swdes dump  
TRACE::2024-02-07.21:13:58::SCWMssOS::No sw design opened at  D:/Emphasis_B/Labs/Lab_4/Lab_4_Exercise_2/platform_project/microblaze_0/standalone_domain/bsp/system.mss
TRACE::2024-02-07.21:13:58::SCWMssOS::mss does not exists at D:/Emphasis_B/Labs/Lab_4/Lab_4_Exercise_2/platform_project/microblaze_0/standalone_domain/bsp/system.mss
TRACE::2024-02-07.21:13:58::SCWMssOS::Creating sw design at  D:/Emphasis_B/Labs/Lab_4/Lab_4_Exercise_2/platform_project/microblaze_0/standalone_domain/bsp/system.mss
TRACE::2024-02-07.21:13:58::SCWMssOS::Adding the swdes entry, created swdb D:/Emphasis_B/Labs/Lab_4/Lab_4_Exercise_2/platform_project/microblaze_0/standalone_domain/bsp/system.mss with des name D:/Emphasis_B/Labs/Lab_4/Lab_4_Exercise_2/platform_project/microblaze_0/standalone_domain/bsp/system.mss
TRACE::2024-02-07.21:13:58::SCWMssOS::updating the scw layer changes to swdes at   D:/Emphasis_B/Labs/Lab_4/Lab_4_Exercise_2/platform_project/microblaze_0/standalone_domain/bsp/system.mss
TRACE::2024-02-07.21:13:58::SCWMssOS::Writing mss at D:/Emphasis_B/Labs/Lab_4/Lab_4_Exercise_2/platform_project/microblaze_0/standalone_domain/bsp/system.mss
TRACE::2024-02-07.21:13:58::SCWMssOS::Completed writing the mss file at D:/Emphasis_B/Labs/Lab_4/Lab_4_Exercise_2/platform_project/microblaze_0/standalone_domain/bsp
TRACE::2024-02-07.21:13:58::SCWMssOS::Picking up changes from newly written mss file into SCW Layer. 
TRACE::2024-02-07.21:13:58::SCWMssOS::Updated the changes from newly written mss file into SCW Layer. 
TRACE::2024-02-07.21:13:58::SCWMssOS::Completed writing the mss file at D:/Emphasis_B/Labs/Lab_4/Lab_4_Exercise_2/platform_project/microblaze_0/standalone_domain/bsp
TRACE::2024-02-07.21:13:58::SCWMssOS::Forcing BSP Sources regeneration.
TRACE::2024-02-07.21:14:00::SCWMssOS::Saving the mss changes D:/Emphasis_B/Labs/Lab_4/Lab_4_Exercise_2/platform_project/microblaze_0/standalone_domain/bsp/system.mss
TRACE::2024-02-07.21:14:00::SCWMssOS::Adding the swdes entry, mss present, able to open swdb D:/Emphasis_B/Labs/Lab_4/Lab_4_Exercise_2/platform_project/microblaze_0/standalone_domain/bsp/system.mss with des name system
TRACE::2024-02-07.21:14:00::SCWMssOS::Writing the mss file completed D:/Emphasis_B/Labs/Lab_4/Lab_4_Exercise_2/platform_project/microblaze_0/standalone_domain/bsp/system.mss
TRACE::2024-02-07.21:14:00::SCWMssOS::Commit changes completed.
TRACE::2024-02-07.21:14:00::SCWPlatform::Trying to open the hw design at D:/Emphasis_B/Labs/Lab_4/Lab_4_Exercise_2/platform_project/hw/lab_1_exercise_1_hardware_wrapper.xsa
TRACE::2024-02-07.21:14:00::SCWPlatform::DSA given D:/Emphasis_B/Labs/Lab_4/Lab_4_Exercise_2/platform_project/hw/lab_1_exercise_1_hardware_wrapper.xsa
TRACE::2024-02-07.21:14:00::SCWPlatform::DSA absoulate path D:/Emphasis_B/Labs/Lab_4/Lab_4_Exercise_2/platform_project/hw/lab_1_exercise_1_hardware_wrapper.xsa
TRACE::2024-02-07.21:14:00::SCWPlatform::DSA directory D:/Emphasis_B/Labs/Lab_4/Lab_4_Exercise_2/platform_project/hw
TRACE::2024-02-07.21:14:00::SCWPlatform:: Platform Path D:/Emphasis_B/Labs/Lab_4/Lab_4_Exercise_2/platform_project/hw/lab_1_exercise_1_hardware_wrapper.xsa
TRACE::2024-02-07.21:14:00::SCWPlatform:: Unique name xilinx:nexys-a7-100t::0.0
TRACE::2024-02-07.21:14:00::SCWPlatform::Trying to set the existing hwdb with name pmod_design_with_uart_wrapper_0
TRACE::2024-02-07.21:14:00::SCWPlatform::Opened existing hwdb pmod_design_with_uart_wrapper_0
TRACE::2024-02-07.21:14:00::SCWPlatform::Found the Hw Db part of the input DSA
TRACE::2024-02-07.21:14:00::SCWMssOS::Checking the sw design at  D:/Emphasis_B/Labs/Lab_4/Lab_4_Exercise_2/platform_project/microblaze_0/standalone_domain/bsp/system.mss
TRACE::2024-02-07.21:14:00::SCWMssOS::DEBUG:  swdes dump  D:/Emphasis_B/Labs/Lab_4/Lab_4_Exercise_2/platform_project/microblaze_0/standalone_domain/bsp/system.mss|system||

TRACE::2024-02-07.21:14:00::SCWMssOS::Sw design exists and opened at  D:/Emphasis_B/Labs/Lab_4/Lab_4_Exercise_2/platform_project/microblaze_0/standalone_domain/bsp/system.mss
TRACE::2024-02-07.21:14:00::SCWPlatform::Trying to open the hw design at D:/Emphasis_B/Labs/Lab_4/Lab_4_Exercise_2/platform_project/hw/lab_1_exercise_1_hardware_wrapper.xsa
TRACE::2024-02-07.21:14:00::SCWPlatform::DSA given D:/Emphasis_B/Labs/Lab_4/Lab_4_Exercise_2/platform_project/hw/lab_1_exercise_1_hardware_wrapper.xsa
TRACE::2024-02-07.21:14:00::SCWPlatform::DSA absoulate path D:/Emphasis_B/Labs/Lab_4/Lab_4_Exercise_2/platform_project/hw/lab_1_exercise_1_hardware_wrapper.xsa
TRACE::2024-02-07.21:14:00::SCWPlatform::DSA directory D:/Emphasis_B/Labs/Lab_4/Lab_4_Exercise_2/platform_project/hw
TRACE::2024-02-07.21:14:00::SCWPlatform:: Platform Path D:/Emphasis_B/Labs/Lab_4/Lab_4_Exercise_2/platform_project/hw/lab_1_exercise_1_hardware_wrapper.xsa
TRACE::2024-02-07.21:14:00::SCWPlatform:: Unique name xilinx:nexys-a7-100t::0.0
TRACE::2024-02-07.21:14:00::SCWPlatform::Trying to set the existing hwdb with name pmod_design_with_uart_wrapper_0
TRACE::2024-02-07.21:14:00::SCWPlatform::Opened existing hwdb pmod_design_with_uart_wrapper_0
TRACE::2024-02-07.21:14:00::SCWPlatform::Found the Hw Db part of the input DSA
TRACE::2024-02-07.21:14:00::SCWMssOS::Checking the sw design at  D:/Emphasis_B/Labs/Lab_4/Lab_4_Exercise_2/platform_project/microblaze_0/standalone_domain/bsp/system.mss
TRACE::2024-02-07.21:14:00::SCWMssOS::DEBUG:  swdes dump  D:/Emphasis_B/Labs/Lab_4/Lab_4_Exercise_2/platform_project/microblaze_0/standalone_domain/bsp/system.mss|system||

TRACE::2024-02-07.21:14:00::SCWMssOS::Sw design exists and opened at  D:/Emphasis_B/Labs/Lab_4/Lab_4_Exercise_2/platform_project/microblaze_0/standalone_domain/bsp/system.mss
TRACE::2024-02-07.21:14:00::SCWPlatform::Trying to open the hw design at D:/Emphasis_B/Labs/Lab_4/Lab_4_Exercise_2/platform_project/hw/lab_1_exercise_1_hardware_wrapper.xsa
TRACE::2024-02-07.21:14:00::SCWPlatform::DSA given D:/Emphasis_B/Labs/Lab_4/Lab_4_Exercise_2/platform_project/hw/lab_1_exercise_1_hardware_wrapper.xsa
TRACE::2024-02-07.21:14:00::SCWPlatform::DSA absoulate path D:/Emphasis_B/Labs/Lab_4/Lab_4_Exercise_2/platform_project/hw/lab_1_exercise_1_hardware_wrapper.xsa
TRACE::2024-02-07.21:14:00::SCWPlatform::DSA directory D:/Emphasis_B/Labs/Lab_4/Lab_4_Exercise_2/platform_project/hw
TRACE::2024-02-07.21:14:00::SCWPlatform:: Platform Path D:/Emphasis_B/Labs/Lab_4/Lab_4_Exercise_2/platform_project/hw/lab_1_exercise_1_hardware_wrapper.xsa
TRACE::2024-02-07.21:14:00::SCWPlatform:: Unique name xilinx:nexys-a7-100t::0.0
TRACE::2024-02-07.21:14:00::SCWPlatform::Trying to set the existing hwdb with name pmod_design_with_uart_wrapper_0
TRACE::2024-02-07.21:14:00::SCWPlatform::Opened existing hwdb pmod_design_with_uart_wrapper_0
TRACE::2024-02-07.21:14:00::SCWPlatform::Found the Hw Db part of the input DSA
TRACE::2024-02-07.21:14:00::SCWMssOS::Checking the sw design at  D:/Emphasis_B/Labs/Lab_4/Lab_4_Exercise_2/platform_project/microblaze_0/standalone_domain/bsp/system.mss
TRACE::2024-02-07.21:14:00::SCWMssOS::DEBUG:  swdes dump  D:/Emphasis_B/Labs/Lab_4/Lab_4_Exercise_2/platform_project/microblaze_0/standalone_domain/bsp/system.mss|system||

TRACE::2024-02-07.21:14:00::SCWMssOS::Sw design exists and opened at  D:/Emphasis_B/Labs/Lab_4/Lab_4_Exercise_2/platform_project/microblaze_0/standalone_domain/bsp/system.mss
TRACE::2024-02-07.21:14:00::SCWWriter::formatted JSON is {
	"platformName":	"platform_project",
	"sprVersion":	"2.0",
	"mode":	"gui",
	"dsaType":	"Fixed",
	"platformDesc":	"platform_project",
	"platHandOff":	"D:/Emphasis_B/Labs/Lab_4/lab_1_exercise_1_hardware_wrapper.xsa",
	"platIntHandOff":	"<platformDir>/hw/lab_1_exercise_1_hardware_wrapper.xsa",
	"deviceType":	"FPGA",
	"platIsPrebuiltAutogen":	"false",
	"platIsNoBootBsp":	"false",
	"hasFsblMakeHasChanges":	"false",
	"hasPmufwMakeHasChanges":	"false",
	"platPreBuiltFlag":	false,
	"platformSamplesDir":	"",
	"platActiveSys":	"platform_project",
	"systems":	[{
			"systemName":	"platform_project",
			"systemDesc":	"platform_project",
			"sysIsBootAutoGen":	"true",
			"systemDispName":	"platform_project",
			"sysActiveDom":	"standalone_domain",
			"sysDefaultDom":	"standalone_domain",
			"domains":	[{
					"domainName":	"standalone_domain",
					"domainDispName":	"standalone_domain",
					"domainDesc":	"standalone_domain",
					"processors":	"microblaze_0",
					"os":	"standalone",
					"sdxOs":	"standalone",
					"debugEnable":	"False",
					"domRuntimes":	["cpp"],
					"swRepo":	"",
					"mssOsVer":	"8.1",
					"mssFile":	"",
					"md5Digest":	"dcd0321eec59abe70789c26a35f96372",
					"compatibleApp":	"",
					"domType":	"mssDomain",
					"arch":	"32-bit",
					"appSettings":	{
						"appCompilerFlags":	"",
						"appLinkerFlags":	""
					},
					"addedLibs":	[],
					"libOptions":	{
						"libsContainingOptions":	[]
					},
					"prebuiltLibs":	{
						"prebuiltIncPath":	[],
						"prebuiltLibPath":	[]
					},
					"isolation":	{
					}
				}]
		}]
}
LOG::2024-02-07.21:14:00::SCWPlatform::Started generating the artifacts platform platform_project
TRACE::2024-02-07.21:14:00::SCWPlatform::Sanity checking of platform is completed
LOG::2024-02-07.21:14:00::SCWPlatform::Started generating the artifacts for system configuration platform_project
LOG::2024-02-07.21:14:00::SCWSystem::Checking the domain standalone_domain
LOG::2024-02-07.21:14:00::SCWSystem::Not a boot domain 
LOG::2024-02-07.21:14:00::SCWSystem::Started Processing the domain standalone_domain
TRACE::2024-02-07.21:14:00::SCWDomain::Generating domain artifcats
TRACE::2024-02-07.21:14:00::SCWMssOS::Generating standalone artifcats
TRACE::2024-02-07.21:14:00::SCWMssOS:: Copying the user libraries. 
TRACE::2024-02-07.21:14:00::SCWPlatform::Trying to open the hw design at D:/Emphasis_B/Labs/Lab_4/Lab_4_Exercise_2/platform_project/hw/lab_1_exercise_1_hardware_wrapper.xsa
TRACE::2024-02-07.21:14:00::SCWPlatform::DSA given D:/Emphasis_B/Labs/Lab_4/Lab_4_Exercise_2/platform_project/hw/lab_1_exercise_1_hardware_wrapper.xsa
TRACE::2024-02-07.21:14:00::SCWPlatform::DSA absoulate path D:/Emphasis_B/Labs/Lab_4/Lab_4_Exercise_2/platform_project/hw/lab_1_exercise_1_hardware_wrapper.xsa
TRACE::2024-02-07.21:14:00::SCWPlatform::DSA directory D:/Emphasis_B/Labs/Lab_4/Lab_4_Exercise_2/platform_project/hw
TRACE::2024-02-07.21:14:00::SCWPlatform:: Platform Path D:/Emphasis_B/Labs/Lab_4/Lab_4_Exercise_2/platform_project/hw/lab_1_exercise_1_hardware_wrapper.xsa
TRACE::2024-02-07.21:14:00::SCWPlatform:: Unique name xilinx:nexys-a7-100t::0.0
TRACE::2024-02-07.21:14:00::SCWPlatform::Trying to set the existing hwdb with name pmod_design_with_uart_wrapper_0
TRACE::2024-02-07.21:14:00::SCWPlatform::Opened existing hwdb pmod_design_with_uart_wrapper_0
TRACE::2024-02-07.21:14:00::SCWPlatform::Found the Hw Db part of the input DSA
TRACE::2024-02-07.21:14:00::SCWMssOS::Checking the sw design at  D:/Emphasis_B/Labs/Lab_4/Lab_4_Exercise_2/platform_project/microblaze_0/standalone_domain/bsp/system.mss
TRACE::2024-02-07.21:14:00::SCWMssOS::DEBUG:  swdes dump  D:/Emphasis_B/Labs/Lab_4/Lab_4_Exercise_2/platform_project/microblaze_0/standalone_domain/bsp/system.mss|system||

TRACE::2024-02-07.21:14:00::SCWMssOS::Sw design exists and opened at  D:/Emphasis_B/Labs/Lab_4/Lab_4_Exercise_2/platform_project/microblaze_0/standalone_domain/bsp/system.mss
TRACE::2024-02-07.21:14:00::SCWMssOS::Completed writing the mss file at D:/Emphasis_B/Labs/Lab_4/Lab_4_Exercise_2/platform_project/microblaze_0/standalone_domain/bsp
TRACE::2024-02-07.21:14:00::SCWMssOS::Mss edits present, copying mssfile into export location D:/Emphasis_B/Labs/Lab_4/Lab_4_Exercise_2/platform_project/microblaze_0/standalone_domain/bsp/system.mss
TRACE::2024-02-07.21:14:00::SCWMssOS::bsp generated is upto date with the mss file. Skipping bsp generation.
TRACE::2024-02-07.21:14:00::SCWMssOS::BSP is already built. skipping the bsp build ... 
TRACE::2024-02-07.21:14:00::SCWDomain::Skipping the build for domain :  standalone_domain
TRACE::2024-02-07.21:14:00::SCWMssOS::skipping the bsp build ... 
TRACE::2024-02-07.21:14:00::SCWMssOS::Copying to export directory.
TRACE::2024-02-07.21:14:00::SCWMssOS:: Checking if to create the Supporting Applications
TRACE::2024-02-07.21:14:00::SCWMssOS:: No Linux domain exists, trying to generate FSBL 
LOG::2024-02-07.21:14:00::SCWSystem::Completed Processing the domain standalone_domain
LOG::2024-02-07.21:14:00::SCWSystem::Completed Processing the sysconfig platform_project
LOG::2024-02-07.21:14:00::SCWPlatform::Completed generating the artifacts for system configuration platform_project
TRACE::2024-02-07.21:14:00::SCWPlatform::Started preparing the platform 
TRACE::2024-02-07.21:14:00::SCWSystem::Writing the bif file for system config platform_project
TRACE::2024-02-07.21:14:00::SCWSystem::dir created 
TRACE::2024-02-07.21:14:00::SCWSystem::Writing the bif 
TRACE::2024-02-07.21:14:00::SCWPlatform::Started writing the spfm file 
TRACE::2024-02-07.21:14:00::SCWPlatform::Started writing the xpfm file 
TRACE::2024-02-07.21:14:00::SCWPlatform::Completed generating the platform
TRACE::2024-02-07.21:14:00::SCWMssOS::Saving the mss changes D:/Emphasis_B/Labs/Lab_4/Lab_4_Exercise_2/platform_project/microblaze_0/standalone_domain/bsp/system.mss
TRACE::2024-02-07.21:14:00::SCWMssOS::Found a swdesign opened with the mssfile.
TRACE::2024-02-07.21:14:00::SCWMssOS::Completed writemss as part of save.
TRACE::2024-02-07.21:14:00::SCWMssOS::Commit changes completed.
TRACE::2024-02-07.21:14:00::SCWPlatform::Trying to open the hw design at D:/Emphasis_B/Labs/Lab_4/Lab_4_Exercise_2/platform_project/hw/lab_1_exercise_1_hardware_wrapper.xsa
TRACE::2024-02-07.21:14:00::SCWPlatform::DSA given D:/Emphasis_B/Labs/Lab_4/Lab_4_Exercise_2/platform_project/hw/lab_1_exercise_1_hardware_wrapper.xsa
TRACE::2024-02-07.21:14:00::SCWPlatform::DSA absoulate path D:/Emphasis_B/Labs/Lab_4/Lab_4_Exercise_2/platform_project/hw/lab_1_exercise_1_hardware_wrapper.xsa
TRACE::2024-02-07.21:14:00::SCWPlatform::DSA directory D:/Emphasis_B/Labs/Lab_4/Lab_4_Exercise_2/platform_project/hw
TRACE::2024-02-07.21:14:00::SCWPlatform:: Platform Path D:/Emphasis_B/Labs/Lab_4/Lab_4_Exercise_2/platform_project/hw/lab_1_exercise_1_hardware_wrapper.xsa
TRACE::2024-02-07.21:14:00::SCWPlatform:: Unique name xilinx:nexys-a7-100t::0.0
TRACE::2024-02-07.21:14:00::SCWPlatform::Trying to set the existing hwdb with name pmod_design_with_uart_wrapper_0
TRACE::2024-02-07.21:14:00::SCWPlatform::Opened existing hwdb pmod_design_with_uart_wrapper_0
TRACE::2024-02-07.21:14:00::SCWPlatform::Found the Hw Db part of the input DSA
TRACE::2024-02-07.21:14:00::SCWMssOS::Checking the sw design at  D:/Emphasis_B/Labs/Lab_4/Lab_4_Exercise_2/platform_project/microblaze_0/standalone_domain/bsp/system.mss
TRACE::2024-02-07.21:14:00::SCWMssOS::DEBUG:  swdes dump  D:/Emphasis_B/Labs/Lab_4/Lab_4_Exercise_2/platform_project/microblaze_0/standalone_domain/bsp/system.mss|system||

TRACE::2024-02-07.21:14:00::SCWMssOS::Sw design exists and opened at  D:/Emphasis_B/Labs/Lab_4/Lab_4_Exercise_2/platform_project/microblaze_0/standalone_domain/bsp/system.mss
TRACE::2024-02-07.21:14:00::SCWPlatform::Trying to open the hw design at D:/Emphasis_B/Labs/Lab_4/Lab_4_Exercise_2/platform_project/hw/lab_1_exercise_1_hardware_wrapper.xsa
TRACE::2024-02-07.21:14:00::SCWPlatform::DSA given D:/Emphasis_B/Labs/Lab_4/Lab_4_Exercise_2/platform_project/hw/lab_1_exercise_1_hardware_wrapper.xsa
TRACE::2024-02-07.21:14:00::SCWPlatform::DSA absoulate path D:/Emphasis_B/Labs/Lab_4/Lab_4_Exercise_2/platform_project/hw/lab_1_exercise_1_hardware_wrapper.xsa
TRACE::2024-02-07.21:14:00::SCWPlatform::DSA directory D:/Emphasis_B/Labs/Lab_4/Lab_4_Exercise_2/platform_project/hw
TRACE::2024-02-07.21:14:00::SCWPlatform:: Platform Path D:/Emphasis_B/Labs/Lab_4/Lab_4_Exercise_2/platform_project/hw/lab_1_exercise_1_hardware_wrapper.xsa
TRACE::2024-02-07.21:14:00::SCWPlatform:: Unique name xilinx:nexys-a7-100t::0.0
TRACE::2024-02-07.21:14:00::SCWPlatform::Trying to set the existing hwdb with name pmod_design_with_uart_wrapper_0
TRACE::2024-02-07.21:14:00::SCWPlatform::Opened existing hwdb pmod_design_with_uart_wrapper_0
TRACE::2024-02-07.21:14:00::SCWPlatform::Found the Hw Db part of the input DSA
TRACE::2024-02-07.21:14:00::SCWMssOS::Checking the sw design at  D:/Emphasis_B/Labs/Lab_4/Lab_4_Exercise_2/platform_project/microblaze_0/standalone_domain/bsp/system.mss
TRACE::2024-02-07.21:14:00::SCWMssOS::DEBUG:  swdes dump  D:/Emphasis_B/Labs/Lab_4/Lab_4_Exercise_2/platform_project/microblaze_0/standalone_domain/bsp/system.mss|system||

TRACE::2024-02-07.21:14:00::SCWMssOS::Sw design exists and opened at  D:/Emphasis_B/Labs/Lab_4/Lab_4_Exercise_2/platform_project/microblaze_0/standalone_domain/bsp/system.mss
TRACE::2024-02-07.21:14:00::SCWPlatform::Trying to open the hw design at D:/Emphasis_B/Labs/Lab_4/Lab_4_Exercise_2/platform_project/hw/lab_1_exercise_1_hardware_wrapper.xsa
TRACE::2024-02-07.21:14:00::SCWPlatform::DSA given D:/Emphasis_B/Labs/Lab_4/Lab_4_Exercise_2/platform_project/hw/lab_1_exercise_1_hardware_wrapper.xsa
TRACE::2024-02-07.21:14:00::SCWPlatform::DSA absoulate path D:/Emphasis_B/Labs/Lab_4/Lab_4_Exercise_2/platform_project/hw/lab_1_exercise_1_hardware_wrapper.xsa
TRACE::2024-02-07.21:14:00::SCWPlatform::DSA directory D:/Emphasis_B/Labs/Lab_4/Lab_4_Exercise_2/platform_project/hw
TRACE::2024-02-07.21:14:00::SCWPlatform:: Platform Path D:/Emphasis_B/Labs/Lab_4/Lab_4_Exercise_2/platform_project/hw/lab_1_exercise_1_hardware_wrapper.xsa
TRACE::2024-02-07.21:14:00::SCWPlatform:: Unique name xilinx:nexys-a7-100t::0.0
TRACE::2024-02-07.21:14:00::SCWPlatform::Trying to set the existing hwdb with name pmod_design_with_uart_wrapper_0
TRACE::2024-02-07.21:14:00::SCWPlatform::Opened existing hwdb pmod_design_with_uart_wrapper_0
TRACE::2024-02-07.21:14:00::SCWPlatform::Found the Hw Db part of the input DSA
TRACE::2024-02-07.21:14:00::SCWMssOS::Checking the sw design at  D:/Emphasis_B/Labs/Lab_4/Lab_4_Exercise_2/platform_project/microblaze_0/standalone_domain/bsp/system.mss
TRACE::2024-02-07.21:14:00::SCWMssOS::DEBUG:  swdes dump  D:/Emphasis_B/Labs/Lab_4/Lab_4_Exercise_2/platform_project/microblaze_0/standalone_domain/bsp/system.mss|system||

TRACE::2024-02-07.21:14:00::SCWMssOS::Sw design exists and opened at  D:/Emphasis_B/Labs/Lab_4/Lab_4_Exercise_2/platform_project/microblaze_0/standalone_domain/bsp/system.mss
TRACE::2024-02-07.21:14:00::SCWWriter::formatted JSON is {
	"platformName":	"platform_project",
	"sprVersion":	"2.0",
	"mode":	"gui",
	"dsaType":	"Fixed",
	"platformDesc":	"platform_project",
	"platHandOff":	"D:/Emphasis_B/Labs/Lab_4/lab_1_exercise_1_hardware_wrapper.xsa",
	"platIntHandOff":	"<platformDir>/hw/lab_1_exercise_1_hardware_wrapper.xsa",
	"deviceType":	"FPGA",
	"platIsPrebuiltAutogen":	"false",
	"platIsNoBootBsp":	"false",
	"hasFsblMakeHasChanges":	"false",
	"hasPmufwMakeHasChanges":	"false",
	"platPreBuiltFlag":	false,
	"platformSamplesDir":	"",
	"platActiveSys":	"platform_project",
	"systems":	[{
			"systemName":	"platform_project",
			"systemDesc":	"platform_project",
			"sysIsBootAutoGen":	"true",
			"systemDispName":	"platform_project",
			"sysActiveDom":	"standalone_domain",
			"sysDefaultDom":	"standalone_domain",
			"domains":	[{
					"domainName":	"standalone_domain",
					"domainDispName":	"standalone_domain",
					"domainDesc":	"standalone_domain",
					"processors":	"microblaze_0",
					"os":	"standalone",
					"sdxOs":	"standalone",
					"debugEnable":	"False",
					"domRuntimes":	["cpp"],
					"swRepo":	"",
					"mssOsVer":	"8.1",
					"mssFile":	"",
					"md5Digest":	"dcd0321eec59abe70789c26a35f96372",
					"compatibleApp":	"",
					"domType":	"mssDomain",
					"arch":	"32-bit",
					"appSettings":	{
						"appCompilerFlags":	"",
						"appLinkerFlags":	""
					},
					"addedLibs":	[],
					"libOptions":	{
						"libsContainingOptions":	[]
					},
					"prebuiltLibs":	{
						"prebuiltIncPath":	[],
						"prebuiltLibPath":	[]
					},
					"isolation":	{
					}
				}]
		}]
}
KEYINFO::2024-02-07.21:14:00::SCWPlatform::updated the xpfm file.
TRACE::2024-02-07.21:14:00::SCWPlatform::Trying to open the hw design at D:/Emphasis_B/Labs/Lab_4/Lab_4_Exercise_2/platform_project/hw/lab_1_exercise_1_hardware_wrapper.xsa
TRACE::2024-02-07.21:14:00::SCWPlatform::DSA given D:/Emphasis_B/Labs/Lab_4/Lab_4_Exercise_2/platform_project/hw/lab_1_exercise_1_hardware_wrapper.xsa
TRACE::2024-02-07.21:14:00::SCWPlatform::DSA absoulate path D:/Emphasis_B/Labs/Lab_4/Lab_4_Exercise_2/platform_project/hw/lab_1_exercise_1_hardware_wrapper.xsa
TRACE::2024-02-07.21:14:00::SCWPlatform::DSA directory D:/Emphasis_B/Labs/Lab_4/Lab_4_Exercise_2/platform_project/hw
TRACE::2024-02-07.21:14:00::SCWPlatform:: Platform Path D:/Emphasis_B/Labs/Lab_4/Lab_4_Exercise_2/platform_project/hw/lab_1_exercise_1_hardware_wrapper.xsa
TRACE::2024-02-07.21:14:00::SCWPlatform:: Unique name xilinx:nexys-a7-100t::0.0
TRACE::2024-02-07.21:14:00::SCWPlatform::Trying to set the existing hwdb with name pmod_design_with_uart_wrapper_0
TRACE::2024-02-07.21:14:00::SCWPlatform::Opened existing hwdb pmod_design_with_uart_wrapper_0
TRACE::2024-02-07.21:14:00::SCWPlatform::Found the Hw Db part of the input DSA
TRACE::2024-02-07.21:14:00::SCWMssOS::Checking the sw design at  D:/Emphasis_B/Labs/Lab_4/Lab_4_Exercise_2/platform_project/microblaze_0/standalone_domain/bsp/system.mss
TRACE::2024-02-07.21:14:00::SCWMssOS::DEBUG:  swdes dump  D:/Emphasis_B/Labs/Lab_4/Lab_4_Exercise_2/platform_project/microblaze_0/standalone_domain/bsp/system.mss|system||

TRACE::2024-02-07.21:14:00::SCWMssOS::Sw design exists and opened at  D:/Emphasis_B/Labs/Lab_4/Lab_4_Exercise_2/platform_project/microblaze_0/standalone_domain/bsp/system.mss
TRACE::2024-02-07.21:14:00::SCWMssOS::Saving the mss changes D:/Emphasis_B/Labs/Lab_4/Lab_4_Exercise_2/platform_project/microblaze_0/standalone_domain/bsp/system.mss
TRACE::2024-02-07.21:14:00::SCWMssOS::Found a swdesign opened with the mssfile.
TRACE::2024-02-07.21:14:00::SCWMssOS::Completed writemss as part of save.
TRACE::2024-02-07.21:14:00::SCWMssOS::Commit changes completed.
TRACE::2024-02-07.21:14:00::SCWPlatform::Trying to open the hw design at D:/Emphasis_B/Labs/Lab_4/Lab_4_Exercise_2/platform_project/hw/lab_1_exercise_1_hardware_wrapper.xsa
TRACE::2024-02-07.21:14:00::SCWPlatform::DSA given D:/Emphasis_B/Labs/Lab_4/Lab_4_Exercise_2/platform_project/hw/lab_1_exercise_1_hardware_wrapper.xsa
TRACE::2024-02-07.21:14:00::SCWPlatform::DSA absoulate path D:/Emphasis_B/Labs/Lab_4/Lab_4_Exercise_2/platform_project/hw/lab_1_exercise_1_hardware_wrapper.xsa
TRACE::2024-02-07.21:14:00::SCWPlatform::DSA directory D:/Emphasis_B/Labs/Lab_4/Lab_4_Exercise_2/platform_project/hw
TRACE::2024-02-07.21:14:00::SCWPlatform:: Platform Path D:/Emphasis_B/Labs/Lab_4/Lab_4_Exercise_2/platform_project/hw/lab_1_exercise_1_hardware_wrapper.xsa
TRACE::2024-02-07.21:14:00::SCWPlatform:: Unique name xilinx:nexys-a7-100t::0.0
TRACE::2024-02-07.21:14:00::SCWPlatform::Trying to set the existing hwdb with name pmod_design_with_uart_wrapper_0
TRACE::2024-02-07.21:14:00::SCWPlatform::Opened existing hwdb pmod_design_with_uart_wrapper_0
TRACE::2024-02-07.21:14:00::SCWPlatform::Found the Hw Db part of the input DSA
TRACE::2024-02-07.21:14:00::SCWMssOS::Checking the sw design at  D:/Emphasis_B/Labs/Lab_4/Lab_4_Exercise_2/platform_project/microblaze_0/standalone_domain/bsp/system.mss
TRACE::2024-02-07.21:14:00::SCWMssOS::DEBUG:  swdes dump  D:/Emphasis_B/Labs/Lab_4/Lab_4_Exercise_2/platform_project/microblaze_0/standalone_domain/bsp/system.mss|system||

TRACE::2024-02-07.21:14:00::SCWMssOS::Sw design exists and opened at  D:/Emphasis_B/Labs/Lab_4/Lab_4_Exercise_2/platform_project/microblaze_0/standalone_domain/bsp/system.mss
TRACE::2024-02-07.21:14:00::SCWPlatform::Trying to open the hw design at D:/Emphasis_B/Labs/Lab_4/Lab_4_Exercise_2/platform_project/hw/lab_1_exercise_1_hardware_wrapper.xsa
TRACE::2024-02-07.21:14:00::SCWPlatform::DSA given D:/Emphasis_B/Labs/Lab_4/Lab_4_Exercise_2/platform_project/hw/lab_1_exercise_1_hardware_wrapper.xsa
TRACE::2024-02-07.21:14:00::SCWPlatform::DSA absoulate path D:/Emphasis_B/Labs/Lab_4/Lab_4_Exercise_2/platform_project/hw/lab_1_exercise_1_hardware_wrapper.xsa
TRACE::2024-02-07.21:14:00::SCWPlatform::DSA directory D:/Emphasis_B/Labs/Lab_4/Lab_4_Exercise_2/platform_project/hw
TRACE::2024-02-07.21:14:00::SCWPlatform:: Platform Path D:/Emphasis_B/Labs/Lab_4/Lab_4_Exercise_2/platform_project/hw/lab_1_exercise_1_hardware_wrapper.xsa
TRACE::2024-02-07.21:14:00::SCWPlatform:: Unique name xilinx:nexys-a7-100t::0.0
TRACE::2024-02-07.21:14:00::SCWPlatform::Trying to set the existing hwdb with name pmod_design_with_uart_wrapper_0
TRACE::2024-02-07.21:14:00::SCWPlatform::Opened existing hwdb pmod_design_with_uart_wrapper_0
TRACE::2024-02-07.21:14:00::SCWPlatform::Found the Hw Db part of the input DSA
TRACE::2024-02-07.21:14:00::SCWMssOS::Checking the sw design at  D:/Emphasis_B/Labs/Lab_4/Lab_4_Exercise_2/platform_project/microblaze_0/standalone_domain/bsp/system.mss
TRACE::2024-02-07.21:14:00::SCWMssOS::DEBUG:  swdes dump  D:/Emphasis_B/Labs/Lab_4/Lab_4_Exercise_2/platform_project/microblaze_0/standalone_domain/bsp/system.mss|system||

TRACE::2024-02-07.21:14:00::SCWMssOS::Sw design exists and opened at  D:/Emphasis_B/Labs/Lab_4/Lab_4_Exercise_2/platform_project/microblaze_0/standalone_domain/bsp/system.mss
TRACE::2024-02-07.21:14:00::SCWPlatform::Trying to open the hw design at D:/Emphasis_B/Labs/Lab_4/Lab_4_Exercise_2/platform_project/hw/lab_1_exercise_1_hardware_wrapper.xsa
TRACE::2024-02-07.21:14:00::SCWPlatform::DSA given D:/Emphasis_B/Labs/Lab_4/Lab_4_Exercise_2/platform_project/hw/lab_1_exercise_1_hardware_wrapper.xsa
TRACE::2024-02-07.21:14:00::SCWPlatform::DSA absoulate path D:/Emphasis_B/Labs/Lab_4/Lab_4_Exercise_2/platform_project/hw/lab_1_exercise_1_hardware_wrapper.xsa
TRACE::2024-02-07.21:14:00::SCWPlatform::DSA directory D:/Emphasis_B/Labs/Lab_4/Lab_4_Exercise_2/platform_project/hw
TRACE::2024-02-07.21:14:00::SCWPlatform:: Platform Path D:/Emphasis_B/Labs/Lab_4/Lab_4_Exercise_2/platform_project/hw/lab_1_exercise_1_hardware_wrapper.xsa
TRACE::2024-02-07.21:14:00::SCWPlatform:: Unique name xilinx:nexys-a7-100t::0.0
TRACE::2024-02-07.21:14:00::SCWPlatform::Trying to set the existing hwdb with name pmod_design_with_uart_wrapper_0
TRACE::2024-02-07.21:14:00::SCWPlatform::Opened existing hwdb pmod_design_with_uart_wrapper_0
TRACE::2024-02-07.21:14:00::SCWPlatform::Found the Hw Db part of the input DSA
TRACE::2024-02-07.21:14:00::SCWMssOS::Checking the sw design at  D:/Emphasis_B/Labs/Lab_4/Lab_4_Exercise_2/platform_project/microblaze_0/standalone_domain/bsp/system.mss
TRACE::2024-02-07.21:14:00::SCWMssOS::DEBUG:  swdes dump  D:/Emphasis_B/Labs/Lab_4/Lab_4_Exercise_2/platform_project/microblaze_0/standalone_domain/bsp/system.mss|system||

TRACE::2024-02-07.21:14:00::SCWMssOS::Sw design exists and opened at  D:/Emphasis_B/Labs/Lab_4/Lab_4_Exercise_2/platform_project/microblaze_0/standalone_domain/bsp/system.mss
TRACE::2024-02-07.21:14:00::SCWWriter::formatted JSON is {
	"platformName":	"platform_project",
	"sprVersion":	"2.0",
	"mode":	"gui",
	"dsaType":	"Fixed",
	"platformDesc":	"platform_project",
	"platHandOff":	"D:/Emphasis_B/Labs/Lab_4/lab_1_exercise_1_hardware_wrapper.xsa",
	"platIntHandOff":	"<platformDir>/hw/lab_1_exercise_1_hardware_wrapper.xsa",
	"deviceType":	"FPGA",
	"platIsPrebuiltAutogen":	"false",
	"platIsNoBootBsp":	"false",
	"hasFsblMakeHasChanges":	"false",
	"hasPmufwMakeHasChanges":	"false",
	"platPreBuiltFlag":	false,
	"platformSamplesDir":	"",
	"platActiveSys":	"platform_project",
	"systems":	[{
			"systemName":	"platform_project",
			"systemDesc":	"platform_project",
			"sysIsBootAutoGen":	"true",
			"systemDispName":	"platform_project",
			"sysActiveDom":	"standalone_domain",
			"sysDefaultDom":	"standalone_domain",
			"domains":	[{
					"domainName":	"standalone_domain",
					"domainDispName":	"standalone_domain",
					"domainDesc":	"standalone_domain",
					"processors":	"microblaze_0",
					"os":	"standalone",
					"sdxOs":	"standalone",
					"debugEnable":	"False",
					"domRuntimes":	["cpp"],
					"swRepo":	"",
					"mssOsVer":	"8.1",
					"mssFile":	"",
					"md5Digest":	"dcd0321eec59abe70789c26a35f96372",
					"compatibleApp":	"",
					"domType":	"mssDomain",
					"arch":	"32-bit",
					"appSettings":	{
						"appCompilerFlags":	"",
						"appLinkerFlags":	""
					},
					"addedLibs":	[],
					"libOptions":	{
						"libsContainingOptions":	[]
					},
					"prebuiltLibs":	{
						"prebuiltIncPath":	[],
						"prebuiltLibPath":	[]
					},
					"isolation":	{
					}
				}]
		}]
}
TRACE::2024-02-07.21:14:00::SCWPlatform::Trying to open the hw design at D:/Emphasis_B/Labs/Lab_4/Lab_4_Exercise_2/platform_project/hw/lab_1_exercise_1_hardware_wrapper.xsa
TRACE::2024-02-07.21:14:00::SCWPlatform::DSA given D:/Emphasis_B/Labs/Lab_4/Lab_4_Exercise_2/platform_project/hw/lab_1_exercise_1_hardware_wrapper.xsa
TRACE::2024-02-07.21:14:00::SCWPlatform::DSA absoulate path D:/Emphasis_B/Labs/Lab_4/Lab_4_Exercise_2/platform_project/hw/lab_1_exercise_1_hardware_wrapper.xsa
TRACE::2024-02-07.21:14:00::SCWPlatform::DSA directory D:/Emphasis_B/Labs/Lab_4/Lab_4_Exercise_2/platform_project/hw
TRACE::2024-02-07.21:14:00::SCWPlatform:: Platform Path D:/Emphasis_B/Labs/Lab_4/Lab_4_Exercise_2/platform_project/hw/lab_1_exercise_1_hardware_wrapper.xsa
TRACE::2024-02-07.21:14:00::SCWPlatform:: Unique name xilinx:nexys-a7-100t::0.0
TRACE::2024-02-07.21:14:00::SCWPlatform::Trying to set the existing hwdb with name pmod_design_with_uart_wrapper_0
TRACE::2024-02-07.21:14:00::SCWPlatform::Opened existing hwdb pmod_design_with_uart_wrapper_0
TRACE::2024-02-07.21:14:00::SCWPlatform::Found the Hw Db part of the input DSA
TRACE::2024-02-07.21:14:00::SCWMssOS::Checking the sw design at  D:/Emphasis_B/Labs/Lab_4/Lab_4_Exercise_2/platform_project/microblaze_0/standalone_domain/bsp/system.mss
TRACE::2024-02-07.21:14:00::SCWMssOS::DEBUG:  swdes dump  D:/Emphasis_B/Labs/Lab_4/Lab_4_Exercise_2/platform_project/microblaze_0/standalone_domain/bsp/system.mss|system||

TRACE::2024-02-07.21:14:00::SCWMssOS::Sw design exists and opened at  D:/Emphasis_B/Labs/Lab_4/Lab_4_Exercise_2/platform_project/microblaze_0/standalone_domain/bsp/system.mss
TRACE::2024-02-07.21:14:00::SCWPlatform::Trying to open the hw design at D:/Emphasis_B/Labs/Lab_4/Lab_4_Exercise_2/platform_project/hw/lab_1_exercise_1_hardware_wrapper.xsa
TRACE::2024-02-07.21:14:00::SCWPlatform::DSA given D:/Emphasis_B/Labs/Lab_4/Lab_4_Exercise_2/platform_project/hw/lab_1_exercise_1_hardware_wrapper.xsa
TRACE::2024-02-07.21:14:00::SCWPlatform::DSA absoulate path D:/Emphasis_B/Labs/Lab_4/Lab_4_Exercise_2/platform_project/hw/lab_1_exercise_1_hardware_wrapper.xsa
TRACE::2024-02-07.21:14:00::SCWPlatform::DSA directory D:/Emphasis_B/Labs/Lab_4/Lab_4_Exercise_2/platform_project/hw
TRACE::2024-02-07.21:14:00::SCWPlatform:: Platform Path D:/Emphasis_B/Labs/Lab_4/Lab_4_Exercise_2/platform_project/hw/lab_1_exercise_1_hardware_wrapper.xsa
TRACE::2024-02-07.21:14:00::SCWPlatform:: Unique name xilinx:nexys-a7-100t::0.0
TRACE::2024-02-07.21:14:00::SCWPlatform::Trying to set the existing hwdb with name pmod_design_with_uart_wrapper_0
TRACE::2024-02-07.21:14:00::SCWPlatform::Opened existing hwdb pmod_design_with_uart_wrapper_0
TRACE::2024-02-07.21:14:00::SCWPlatform::Found the Hw Db part of the input DSA
TRACE::2024-02-07.21:14:00::SCWMssOS::Checking the sw design at  D:/Emphasis_B/Labs/Lab_4/Lab_4_Exercise_2/platform_project/microblaze_0/standalone_domain/bsp/system.mss
TRACE::2024-02-07.21:14:00::SCWMssOS::DEBUG:  swdes dump  D:/Emphasis_B/Labs/Lab_4/Lab_4_Exercise_2/platform_project/microblaze_0/standalone_domain/bsp/system.mss|system||

TRACE::2024-02-07.21:14:00::SCWMssOS::Sw design exists and opened at  D:/Emphasis_B/Labs/Lab_4/Lab_4_Exercise_2/platform_project/microblaze_0/standalone_domain/bsp/system.mss
TRACE::2024-02-07.21:14:00::SCWPlatform::Trying to open the hw design at D:/Emphasis_B/Labs/Lab_4/Lab_4_Exercise_2/platform_project/hw/lab_1_exercise_1_hardware_wrapper.xsa
TRACE::2024-02-07.21:14:00::SCWPlatform::DSA given D:/Emphasis_B/Labs/Lab_4/Lab_4_Exercise_2/platform_project/hw/lab_1_exercise_1_hardware_wrapper.xsa
TRACE::2024-02-07.21:14:00::SCWPlatform::DSA absoulate path D:/Emphasis_B/Labs/Lab_4/Lab_4_Exercise_2/platform_project/hw/lab_1_exercise_1_hardware_wrapper.xsa
TRACE::2024-02-07.21:14:00::SCWPlatform::DSA directory D:/Emphasis_B/Labs/Lab_4/Lab_4_Exercise_2/platform_project/hw
TRACE::2024-02-07.21:14:00::SCWPlatform:: Platform Path D:/Emphasis_B/Labs/Lab_4/Lab_4_Exercise_2/platform_project/hw/lab_1_exercise_1_hardware_wrapper.xsa
TRACE::2024-02-07.21:14:00::SCWPlatform:: Unique name xilinx:nexys-a7-100t::0.0
TRACE::2024-02-07.21:14:00::SCWPlatform::Trying to set the existing hwdb with name pmod_design_with_uart_wrapper_0
TRACE::2024-02-07.21:14:00::SCWPlatform::Opened existing hwdb pmod_design_with_uart_wrapper_0
TRACE::2024-02-07.21:14:00::SCWPlatform::Found the Hw Db part of the input DSA
TRACE::2024-02-07.21:14:00::SCWMssOS::Checking the sw design at  D:/Emphasis_B/Labs/Lab_4/Lab_4_Exercise_2/platform_project/microblaze_0/standalone_domain/bsp/system.mss
TRACE::2024-02-07.21:14:00::SCWMssOS::DEBUG:  swdes dump  D:/Emphasis_B/Labs/Lab_4/Lab_4_Exercise_2/platform_project/microblaze_0/standalone_domain/bsp/system.mss|system||

TRACE::2024-02-07.21:14:00::SCWMssOS::Sw design exists and opened at  D:/Emphasis_B/Labs/Lab_4/Lab_4_Exercise_2/platform_project/microblaze_0/standalone_domain/bsp/system.mss
TRACE::2024-02-07.21:14:00::SCWMssOS::Saving the mss changes D:/Emphasis_B/Labs/Lab_4/Lab_4_Exercise_2/platform_project/microblaze_0/standalone_domain/bsp/system.mss
TRACE::2024-02-07.21:14:00::SCWMssOS::Found a swdesign opened with the mssfile.
TRACE::2024-02-07.21:14:00::SCWMssOS::Completed writemss as part of save.
TRACE::2024-02-07.21:14:00::SCWMssOS::Commit changes completed.
TRACE::2024-02-07.21:14:00::SCWPlatform::Trying to open the hw design at D:/Emphasis_B/Labs/Lab_4/Lab_4_Exercise_2/platform_project/hw/lab_1_exercise_1_hardware_wrapper.xsa
TRACE::2024-02-07.21:14:00::SCWPlatform::DSA given D:/Emphasis_B/Labs/Lab_4/Lab_4_Exercise_2/platform_project/hw/lab_1_exercise_1_hardware_wrapper.xsa
TRACE::2024-02-07.21:14:00::SCWPlatform::DSA absoulate path D:/Emphasis_B/Labs/Lab_4/Lab_4_Exercise_2/platform_project/hw/lab_1_exercise_1_hardware_wrapper.xsa
TRACE::2024-02-07.21:14:00::SCWPlatform::DSA directory D:/Emphasis_B/Labs/Lab_4/Lab_4_Exercise_2/platform_project/hw
TRACE::2024-02-07.21:14:00::SCWPlatform:: Platform Path D:/Emphasis_B/Labs/Lab_4/Lab_4_Exercise_2/platform_project/hw/lab_1_exercise_1_hardware_wrapper.xsa
TRACE::2024-02-07.21:14:00::SCWPlatform:: Unique name xilinx:nexys-a7-100t::0.0
TRACE::2024-02-07.21:14:00::SCWPlatform::Trying to set the existing hwdb with name pmod_design_with_uart_wrapper_0
TRACE::2024-02-07.21:14:00::SCWPlatform::Opened existing hwdb pmod_design_with_uart_wrapper_0
TRACE::2024-02-07.21:14:00::SCWPlatform::Found the Hw Db part of the input DSA
TRACE::2024-02-07.21:14:00::SCWMssOS::Checking the sw design at  D:/Emphasis_B/Labs/Lab_4/Lab_4_Exercise_2/platform_project/microblaze_0/standalone_domain/bsp/system.mss
TRACE::2024-02-07.21:14:00::SCWMssOS::DEBUG:  swdes dump  D:/Emphasis_B/Labs/Lab_4/Lab_4_Exercise_2/platform_project/microblaze_0/standalone_domain/bsp/system.mss|system||

TRACE::2024-02-07.21:14:00::SCWMssOS::Sw design exists and opened at  D:/Emphasis_B/Labs/Lab_4/Lab_4_Exercise_2/platform_project/microblaze_0/standalone_domain/bsp/system.mss
TRACE::2024-02-07.21:14:00::SCWPlatform::Trying to open the hw design at D:/Emphasis_B/Labs/Lab_4/Lab_4_Exercise_2/platform_project/hw/lab_1_exercise_1_hardware_wrapper.xsa
TRACE::2024-02-07.21:14:00::SCWPlatform::DSA given D:/Emphasis_B/Labs/Lab_4/Lab_4_Exercise_2/platform_project/hw/lab_1_exercise_1_hardware_wrapper.xsa
TRACE::2024-02-07.21:14:00::SCWPlatform::DSA absoulate path D:/Emphasis_B/Labs/Lab_4/Lab_4_Exercise_2/platform_project/hw/lab_1_exercise_1_hardware_wrapper.xsa
TRACE::2024-02-07.21:14:00::SCWPlatform::DSA directory D:/Emphasis_B/Labs/Lab_4/Lab_4_Exercise_2/platform_project/hw
TRACE::2024-02-07.21:14:00::SCWPlatform:: Platform Path D:/Emphasis_B/Labs/Lab_4/Lab_4_Exercise_2/platform_project/hw/lab_1_exercise_1_hardware_wrapper.xsa
TRACE::2024-02-07.21:14:00::SCWPlatform:: Unique name xilinx:nexys-a7-100t::0.0
TRACE::2024-02-07.21:14:00::SCWPlatform::Trying to set the existing hwdb with name pmod_design_with_uart_wrapper_0
TRACE::2024-02-07.21:14:00::SCWPlatform::Opened existing hwdb pmod_design_with_uart_wrapper_0
TRACE::2024-02-07.21:14:00::SCWPlatform::Found the Hw Db part of the input DSA
TRACE::2024-02-07.21:14:00::SCWMssOS::Checking the sw design at  D:/Emphasis_B/Labs/Lab_4/Lab_4_Exercise_2/platform_project/microblaze_0/standalone_domain/bsp/system.mss
TRACE::2024-02-07.21:14:00::SCWMssOS::DEBUG:  swdes dump  D:/Emphasis_B/Labs/Lab_4/Lab_4_Exercise_2/platform_project/microblaze_0/standalone_domain/bsp/system.mss|system||

TRACE::2024-02-07.21:14:00::SCWMssOS::Sw design exists and opened at  D:/Emphasis_B/Labs/Lab_4/Lab_4_Exercise_2/platform_project/microblaze_0/standalone_domain/bsp/system.mss
TRACE::2024-02-07.21:14:00::SCWPlatform::Trying to open the hw design at D:/Emphasis_B/Labs/Lab_4/Lab_4_Exercise_2/platform_project/hw/lab_1_exercise_1_hardware_wrapper.xsa
TRACE::2024-02-07.21:14:00::SCWPlatform::DSA given D:/Emphasis_B/Labs/Lab_4/Lab_4_Exercise_2/platform_project/hw/lab_1_exercise_1_hardware_wrapper.xsa
TRACE::2024-02-07.21:14:00::SCWPlatform::DSA absoulate path D:/Emphasis_B/Labs/Lab_4/Lab_4_Exercise_2/platform_project/hw/lab_1_exercise_1_hardware_wrapper.xsa
TRACE::2024-02-07.21:14:00::SCWPlatform::DSA directory D:/Emphasis_B/Labs/Lab_4/Lab_4_Exercise_2/platform_project/hw
TRACE::2024-02-07.21:14:00::SCWPlatform:: Platform Path D:/Emphasis_B/Labs/Lab_4/Lab_4_Exercise_2/platform_project/hw/lab_1_exercise_1_hardware_wrapper.xsa
TRACE::2024-02-07.21:14:00::SCWPlatform:: Unique name xilinx:nexys-a7-100t::0.0
TRACE::2024-02-07.21:14:00::SCWPlatform::Trying to set the existing hwdb with name pmod_design_with_uart_wrapper_0
TRACE::2024-02-07.21:14:00::SCWPlatform::Opened existing hwdb pmod_design_with_uart_wrapper_0
TRACE::2024-02-07.21:14:00::SCWPlatform::Found the Hw Db part of the input DSA
TRACE::2024-02-07.21:14:00::SCWMssOS::Checking the sw design at  D:/Emphasis_B/Labs/Lab_4/Lab_4_Exercise_2/platform_project/microblaze_0/standalone_domain/bsp/system.mss
TRACE::2024-02-07.21:14:00::SCWMssOS::DEBUG:  swdes dump  D:/Emphasis_B/Labs/Lab_4/Lab_4_Exercise_2/platform_project/microblaze_0/standalone_domain/bsp/system.mss|system||

TRACE::2024-02-07.21:14:00::SCWMssOS::Sw design exists and opened at  D:/Emphasis_B/Labs/Lab_4/Lab_4_Exercise_2/platform_project/microblaze_0/standalone_domain/bsp/system.mss
TRACE::2024-02-07.21:14:00::SCWWriter::formatted JSON is {
	"platformName":	"platform_project",
	"sprVersion":	"2.0",
	"mode":	"gui",
	"dsaType":	"Fixed",
	"platformDesc":	"platform_project",
	"platHandOff":	"D:/Emphasis_B/Labs/Lab_4/lab_1_exercise_1_hardware_wrapper.xsa",
	"platIntHandOff":	"<platformDir>/hw/lab_1_exercise_1_hardware_wrapper.xsa",
	"deviceType":	"FPGA",
	"platIsPrebuiltAutogen":	"false",
	"platIsNoBootBsp":	"false",
	"hasFsblMakeHasChanges":	"false",
	"hasPmufwMakeHasChanges":	"false",
	"platPreBuiltFlag":	false,
	"platformSamplesDir":	"",
	"platActiveSys":	"platform_project",
	"systems":	[{
			"systemName":	"platform_project",
			"systemDesc":	"platform_project",
			"sysIsBootAutoGen":	"true",
			"systemDispName":	"platform_project",
			"sysActiveDom":	"standalone_domain",
			"sysDefaultDom":	"standalone_domain",
			"domains":	[{
					"domainName":	"standalone_domain",
					"domainDispName":	"standalone on microblaze_0",
					"domainDesc":	"standalone_domain",
					"processors":	"microblaze_0",
					"os":	"standalone",
					"sdxOs":	"standalone",
					"debugEnable":	"False",
					"domRuntimes":	["cpp"],
					"swRepo":	"",
					"mssOsVer":	"8.1",
					"mssFile":	"",
					"md5Digest":	"dcd0321eec59abe70789c26a35f96372",
					"compatibleApp":	"",
					"domType":	"mssDomain",
					"arch":	"32-bit",
					"appSettings":	{
						"appCompilerFlags":	"",
						"appLinkerFlags":	""
					},
					"addedLibs":	[],
					"libOptions":	{
						"libsContainingOptions":	[]
					},
					"prebuiltLibs":	{
						"prebuiltIncPath":	[],
						"prebuiltLibPath":	[]
					},
					"isolation":	{
					}
				}]
		}]
}
TRACE::2024-02-07.21:14:00::SCWMssOS::Saving the mss changes D:/Emphasis_B/Labs/Lab_4/Lab_4_Exercise_2/platform_project/microblaze_0/standalone_domain/bsp/system.mss
TRACE::2024-02-07.21:14:00::SCWMssOS::Found a swdesign opened with the mssfile.
TRACE::2024-02-07.21:14:00::SCWMssOS::Completed writemss as part of save.
TRACE::2024-02-07.21:14:00::SCWMssOS::Commit changes completed.
TRACE::2024-02-07.21:14:00::SCWPlatform::Trying to open the hw design at D:/Emphasis_B/Labs/Lab_4/Lab_4_Exercise_2/platform_project/hw/lab_1_exercise_1_hardware_wrapper.xsa
TRACE::2024-02-07.21:14:00::SCWPlatform::DSA given D:/Emphasis_B/Labs/Lab_4/Lab_4_Exercise_2/platform_project/hw/lab_1_exercise_1_hardware_wrapper.xsa
TRACE::2024-02-07.21:14:00::SCWPlatform::DSA absoulate path D:/Emphasis_B/Labs/Lab_4/Lab_4_Exercise_2/platform_project/hw/lab_1_exercise_1_hardware_wrapper.xsa
TRACE::2024-02-07.21:14:00::SCWPlatform::DSA directory D:/Emphasis_B/Labs/Lab_4/Lab_4_Exercise_2/platform_project/hw
TRACE::2024-02-07.21:14:00::SCWPlatform:: Platform Path D:/Emphasis_B/Labs/Lab_4/Lab_4_Exercise_2/platform_project/hw/lab_1_exercise_1_hardware_wrapper.xsa
TRACE::2024-02-07.21:14:00::SCWPlatform:: Unique name xilinx:nexys-a7-100t::0.0
TRACE::2024-02-07.21:14:00::SCWPlatform::Trying to set the existing hwdb with name pmod_design_with_uart_wrapper_0
TRACE::2024-02-07.21:14:00::SCWPlatform::Opened existing hwdb pmod_design_with_uart_wrapper_0
TRACE::2024-02-07.21:14:00::SCWPlatform::Found the Hw Db part of the input DSA
TRACE::2024-02-07.21:14:00::SCWMssOS::Checking the sw design at  D:/Emphasis_B/Labs/Lab_4/Lab_4_Exercise_2/platform_project/microblaze_0/standalone_domain/bsp/system.mss
TRACE::2024-02-07.21:14:00::SCWMssOS::DEBUG:  swdes dump  D:/Emphasis_B/Labs/Lab_4/Lab_4_Exercise_2/platform_project/microblaze_0/standalone_domain/bsp/system.mss|system||

TRACE::2024-02-07.21:14:00::SCWMssOS::Sw design exists and opened at  D:/Emphasis_B/Labs/Lab_4/Lab_4_Exercise_2/platform_project/microblaze_0/standalone_domain/bsp/system.mss
TRACE::2024-02-07.21:14:00::SCWPlatform::Trying to open the hw design at D:/Emphasis_B/Labs/Lab_4/Lab_4_Exercise_2/platform_project/hw/lab_1_exercise_1_hardware_wrapper.xsa
TRACE::2024-02-07.21:14:00::SCWPlatform::DSA given D:/Emphasis_B/Labs/Lab_4/Lab_4_Exercise_2/platform_project/hw/lab_1_exercise_1_hardware_wrapper.xsa
TRACE::2024-02-07.21:14:00::SCWPlatform::DSA absoulate path D:/Emphasis_B/Labs/Lab_4/Lab_4_Exercise_2/platform_project/hw/lab_1_exercise_1_hardware_wrapper.xsa
TRACE::2024-02-07.21:14:00::SCWPlatform::DSA directory D:/Emphasis_B/Labs/Lab_4/Lab_4_Exercise_2/platform_project/hw
TRACE::2024-02-07.21:14:00::SCWPlatform:: Platform Path D:/Emphasis_B/Labs/Lab_4/Lab_4_Exercise_2/platform_project/hw/lab_1_exercise_1_hardware_wrapper.xsa
TRACE::2024-02-07.21:14:00::SCWPlatform:: Unique name xilinx:nexys-a7-100t::0.0
TRACE::2024-02-07.21:14:00::SCWPlatform::Trying to set the existing hwdb with name pmod_design_with_uart_wrapper_0
TRACE::2024-02-07.21:14:00::SCWPlatform::Opened existing hwdb pmod_design_with_uart_wrapper_0
TRACE::2024-02-07.21:14:00::SCWPlatform::Found the Hw Db part of the input DSA
TRACE::2024-02-07.21:14:00::SCWMssOS::Checking the sw design at  D:/Emphasis_B/Labs/Lab_4/Lab_4_Exercise_2/platform_project/microblaze_0/standalone_domain/bsp/system.mss
TRACE::2024-02-07.21:14:00::SCWMssOS::DEBUG:  swdes dump  D:/Emphasis_B/Labs/Lab_4/Lab_4_Exercise_2/platform_project/microblaze_0/standalone_domain/bsp/system.mss|system||

TRACE::2024-02-07.21:14:00::SCWMssOS::Sw design exists and opened at  D:/Emphasis_B/Labs/Lab_4/Lab_4_Exercise_2/platform_project/microblaze_0/standalone_domain/bsp/system.mss
TRACE::2024-02-07.21:14:00::SCWPlatform::Trying to open the hw design at D:/Emphasis_B/Labs/Lab_4/Lab_4_Exercise_2/platform_project/hw/lab_1_exercise_1_hardware_wrapper.xsa
TRACE::2024-02-07.21:14:00::SCWPlatform::DSA given D:/Emphasis_B/Labs/Lab_4/Lab_4_Exercise_2/platform_project/hw/lab_1_exercise_1_hardware_wrapper.xsa
TRACE::2024-02-07.21:14:00::SCWPlatform::DSA absoulate path D:/Emphasis_B/Labs/Lab_4/Lab_4_Exercise_2/platform_project/hw/lab_1_exercise_1_hardware_wrapper.xsa
TRACE::2024-02-07.21:14:00::SCWPlatform::DSA directory D:/Emphasis_B/Labs/Lab_4/Lab_4_Exercise_2/platform_project/hw
TRACE::2024-02-07.21:14:00::SCWPlatform:: Platform Path D:/Emphasis_B/Labs/Lab_4/Lab_4_Exercise_2/platform_project/hw/lab_1_exercise_1_hardware_wrapper.xsa
TRACE::2024-02-07.21:14:00::SCWPlatform:: Unique name xilinx:nexys-a7-100t::0.0
TRACE::2024-02-07.21:14:00::SCWPlatform::Trying to set the existing hwdb with name pmod_design_with_uart_wrapper_0
TRACE::2024-02-07.21:14:00::SCWPlatform::Opened existing hwdb pmod_design_with_uart_wrapper_0
TRACE::2024-02-07.21:14:00::SCWPlatform::Found the Hw Db part of the input DSA
TRACE::2024-02-07.21:14:00::SCWMssOS::Checking the sw design at  D:/Emphasis_B/Labs/Lab_4/Lab_4_Exercise_2/platform_project/microblaze_0/standalone_domain/bsp/system.mss
TRACE::2024-02-07.21:14:00::SCWMssOS::DEBUG:  swdes dump  D:/Emphasis_B/Labs/Lab_4/Lab_4_Exercise_2/platform_project/microblaze_0/standalone_domain/bsp/system.mss|system||

TRACE::2024-02-07.21:14:00::SCWMssOS::Sw design exists and opened at  D:/Emphasis_B/Labs/Lab_4/Lab_4_Exercise_2/platform_project/microblaze_0/standalone_domain/bsp/system.mss
TRACE::2024-02-07.21:14:00::SCWWriter::formatted JSON is {
	"platformName":	"platform_project",
	"sprVersion":	"2.0",
	"mode":	"gui",
	"dsaType":	"Fixed",
	"platformDesc":	"platform_project",
	"platHandOff":	"D:/Emphasis_B/Labs/Lab_4/lab_1_exercise_1_hardware_wrapper.xsa",
	"platIntHandOff":	"<platformDir>/hw/lab_1_exercise_1_hardware_wrapper.xsa",
	"deviceType":	"FPGA",
	"platIsPrebuiltAutogen":	"false",
	"platIsNoBootBsp":	"false",
	"hasFsblMakeHasChanges":	"false",
	"hasPmufwMakeHasChanges":	"false",
	"platPreBuiltFlag":	false,
	"platformSamplesDir":	"",
	"platActiveSys":	"platform_project",
	"systems":	[{
			"systemName":	"platform_project",
			"systemDesc":	"platform_project",
			"sysIsBootAutoGen":	"true",
			"systemDispName":	"platform_project",
			"sysActiveDom":	"standalone_domain",
			"sysDefaultDom":	"standalone_domain",
			"domains":	[{
					"domainName":	"standalone_domain",
					"domainDispName":	"standalone on microblaze_0",
					"domainDesc":	"standalone_domain",
					"processors":	"microblaze_0",
					"os":	"standalone",
					"sdxOs":	"standalone",
					"debugEnable":	"False",
					"domRuntimes":	["cpp"],
					"swRepo":	"",
					"mssOsVer":	"8.1",
					"mssFile":	"",
					"md5Digest":	"dcd0321eec59abe70789c26a35f96372",
					"compatibleApp":	"",
					"domType":	"mssDomain",
					"arch":	"32-bit",
					"appSettings":	{
						"appCompilerFlags":	"",
						"appLinkerFlags":	""
					},
					"addedLibs":	[],
					"libOptions":	{
						"libsContainingOptions":	[]
					},
					"prebuiltLibs":	{
						"prebuiltIncPath":	[],
						"prebuiltLibPath":	[]
					},
					"isolation":	{
					}
				}]
		}]
}
TRACE::2024-02-07.21:14:00::SCWPlatform::Clearing the existing platform
TRACE::2024-02-07.21:14:00::SCWSystem::Clearing the existing sysconfig
TRACE::2024-02-07.21:14:00::SCWMssOS::Removing the swdes entry for  D:/Emphasis_B/Labs/Lab_4/Lab_4_Exercise_2/platform_project/microblaze_0/standalone_domain/bsp/system.mss
TRACE::2024-02-07.21:14:00::SCWSystem::Clearing the domains completed.
TRACE::2024-02-07.21:14:00::SCWPlatform::Clearing the opened hw db.
TRACE::2024-02-07.21:14:00::SCWPlatform::DSA given D:/Emphasis_B/Labs/Lab_4/Lab_4_Exercise_2/platform_project/hw/lab_1_exercise_1_hardware_wrapper.xsa
TRACE::2024-02-07.21:14:00::SCWPlatform::DSA absoulate path D:/Emphasis_B/Labs/Lab_4/Lab_4_Exercise_2/platform_project/hw/lab_1_exercise_1_hardware_wrapper.xsa
TRACE::2024-02-07.21:14:00::SCWPlatform:: Platform location is D:/Emphasis_B/Labs/Lab_4/Lab_4_Exercise_2/platform_project/hw
TRACE::2024-02-07.21:14:00::SCWPlatform:: Platform Path D:/Emphasis_B/Labs/Lab_4/Lab_4_Exercise_2/platform_project/hw/lab_1_exercise_1_hardware_wrapper.xsa
TRACE::2024-02-07.21:14:00::SCWPlatform:: Unique name xilinx:nexys-a7-100t::0.0
TRACE::2024-02-07.21:14:00::SCWPlatform::Removing the HwDB with name D:/Emphasis_B/Labs/Lab_4/Lab_4_Exercise_2/platform_project/hw/lab_1_exercise_1_hardware_wrapper.xsa
TRACE::2024-02-07.21:14:00::SCWPlatform::Trying to open the hw design at D:/Emphasis_B/Labs/Lab_4/Lab_4_Exercise_2/platform_project/hw/lab_1_exercise_1_hardware_wrapper.xsa
TRACE::2024-02-07.21:14:00::SCWPlatform::DSA given D:/Emphasis_B/Labs/Lab_4/Lab_4_Exercise_2/platform_project/hw/lab_1_exercise_1_hardware_wrapper.xsa
TRACE::2024-02-07.21:14:00::SCWPlatform::DSA absoulate path D:/Emphasis_B/Labs/Lab_4/Lab_4_Exercise_2/platform_project/hw/lab_1_exercise_1_hardware_wrapper.xsa
TRACE::2024-02-07.21:14:00::SCWPlatform::DSA directory D:/Emphasis_B/Labs/Lab_4/Lab_4_Exercise_2/platform_project/hw
TRACE::2024-02-07.21:14:00::SCWPlatform:: Platform Path D:/Emphasis_B/Labs/Lab_4/Lab_4_Exercise_2/platform_project/hw/lab_1_exercise_1_hardware_wrapper.xsa
TRACE::2024-02-07.21:14:00::SCWPlatform:: Unique name xilinx:nexys-a7-100t::0.0
TRACE::2024-02-07.21:14:00::SCWPlatform::Do not have an existing db opened. 
TRACE::2024-02-07.21:14:00::SCWPlatform::Opened new HwDB with name pmod_design_with_uart_wrapper_1
TRACE::2024-02-07.21:14:00::SCWReader::Active system found as  platform_project
TRACE::2024-02-07.21:14:00::SCWReader::Handling sysconfig platform_project
TRACE::2024-02-07.21:14:00::SCWDomain::checking for install qemu data   : 
TRACE::2024-02-07.21:14:00::SCWPlatform::Trying to open the hw design at D:/Emphasis_B/Labs/Lab_4/Lab_4_Exercise_2/platform_project/hw/lab_1_exercise_1_hardware_wrapper.xsa
TRACE::2024-02-07.21:14:00::SCWPlatform::DSA given D:/Emphasis_B/Labs/Lab_4/Lab_4_Exercise_2/platform_project/hw/lab_1_exercise_1_hardware_wrapper.xsa
TRACE::2024-02-07.21:14:00::SCWPlatform::DSA absoulate path D:/Emphasis_B/Labs/Lab_4/Lab_4_Exercise_2/platform_project/hw/lab_1_exercise_1_hardware_wrapper.xsa
TRACE::2024-02-07.21:14:00::SCWPlatform::DSA directory D:/Emphasis_B/Labs/Lab_4/Lab_4_Exercise_2/platform_project/hw
TRACE::2024-02-07.21:14:00::SCWPlatform:: Platform Path D:/Emphasis_B/Labs/Lab_4/Lab_4_Exercise_2/platform_project/hw/lab_1_exercise_1_hardware_wrapper.xsa
TRACE::2024-02-07.21:14:00::SCWPlatform:: Unique name xilinx:nexys-a7-100t::0.0
TRACE::2024-02-07.21:14:00::SCWPlatform::Trying to set the existing hwdb with name pmod_design_with_uart_wrapper_1
TRACE::2024-02-07.21:14:00::SCWPlatform::Opened existing hwdb pmod_design_with_uart_wrapper_1
TRACE::2024-02-07.21:14:00::SCWPlatform::Found the Hw Db part of the input DSA
TRACE::2024-02-07.21:14:00::SCWPlatform::Trying to open the hw design at D:/Emphasis_B/Labs/Lab_4/Lab_4_Exercise_2/platform_project/hw/lab_1_exercise_1_hardware_wrapper.xsa
TRACE::2024-02-07.21:14:00::SCWPlatform::DSA given D:/Emphasis_B/Labs/Lab_4/Lab_4_Exercise_2/platform_project/hw/lab_1_exercise_1_hardware_wrapper.xsa
TRACE::2024-02-07.21:14:00::SCWPlatform::DSA absoulate path D:/Emphasis_B/Labs/Lab_4/Lab_4_Exercise_2/platform_project/hw/lab_1_exercise_1_hardware_wrapper.xsa
TRACE::2024-02-07.21:14:00::SCWPlatform::DSA directory D:/Emphasis_B/Labs/Lab_4/Lab_4_Exercise_2/platform_project/hw
TRACE::2024-02-07.21:14:00::SCWPlatform:: Platform Path D:/Emphasis_B/Labs/Lab_4/Lab_4_Exercise_2/platform_project/hw/lab_1_exercise_1_hardware_wrapper.xsa
TRACE::2024-02-07.21:14:00::SCWPlatform:: Unique name xilinx:nexys-a7-100t::0.0
TRACE::2024-02-07.21:14:00::SCWPlatform::Trying to set the existing hwdb with name pmod_design_with_uart_wrapper_1
TRACE::2024-02-07.21:14:00::SCWPlatform::Opened existing hwdb pmod_design_with_uart_wrapper_1
TRACE::2024-02-07.21:14:00::SCWPlatform::Found the Hw Db part of the input DSA
TRACE::2024-02-07.21:14:00::SCWPlatform::Trying to open the hw design at D:/Emphasis_B/Labs/Lab_4/Lab_4_Exercise_2/platform_project/hw/lab_1_exercise_1_hardware_wrapper.xsa
TRACE::2024-02-07.21:14:00::SCWPlatform::DSA given D:/Emphasis_B/Labs/Lab_4/Lab_4_Exercise_2/platform_project/hw/lab_1_exercise_1_hardware_wrapper.xsa
TRACE::2024-02-07.21:14:00::SCWPlatform::DSA absoulate path D:/Emphasis_B/Labs/Lab_4/Lab_4_Exercise_2/platform_project/hw/lab_1_exercise_1_hardware_wrapper.xsa
TRACE::2024-02-07.21:14:00::SCWPlatform::DSA directory D:/Emphasis_B/Labs/Lab_4/Lab_4_Exercise_2/platform_project/hw
TRACE::2024-02-07.21:14:00::SCWPlatform:: Platform Path D:/Emphasis_B/Labs/Lab_4/Lab_4_Exercise_2/platform_project/hw/lab_1_exercise_1_hardware_wrapper.xsa
TRACE::2024-02-07.21:14:00::SCWPlatform:: Unique name xilinx:nexys-a7-100t::0.0
TRACE::2024-02-07.21:14:00::SCWPlatform::Trying to set the existing hwdb with name pmod_design_with_uart_wrapper_1
TRACE::2024-02-07.21:14:00::SCWPlatform::Opened existing hwdb pmod_design_with_uart_wrapper_1
TRACE::2024-02-07.21:14:00::SCWPlatform::Found the Hw Db part of the input DSA
TRACE::2024-02-07.21:14:00::SCWPlatform::Trying to open the hw design at D:/Emphasis_B/Labs/Lab_4/Lab_4_Exercise_2/platform_project/hw/lab_1_exercise_1_hardware_wrapper.xsa
TRACE::2024-02-07.21:14:00::SCWPlatform::DSA given D:/Emphasis_B/Labs/Lab_4/Lab_4_Exercise_2/platform_project/hw/lab_1_exercise_1_hardware_wrapper.xsa
TRACE::2024-02-07.21:14:00::SCWPlatform::DSA absoulate path D:/Emphasis_B/Labs/Lab_4/Lab_4_Exercise_2/platform_project/hw/lab_1_exercise_1_hardware_wrapper.xsa
TRACE::2024-02-07.21:14:00::SCWPlatform::DSA directory D:/Emphasis_B/Labs/Lab_4/Lab_4_Exercise_2/platform_project/hw
TRACE::2024-02-07.21:14:00::SCWPlatform:: Platform Path D:/Emphasis_B/Labs/Lab_4/Lab_4_Exercise_2/platform_project/hw/lab_1_exercise_1_hardware_wrapper.xsa
TRACE::2024-02-07.21:14:00::SCWPlatform:: Unique name xilinx:nexys-a7-100t::0.0
TRACE::2024-02-07.21:14:00::SCWPlatform::Trying to set the existing hwdb with name pmod_design_with_uart_wrapper_1
TRACE::2024-02-07.21:14:00::SCWPlatform::Opened existing hwdb pmod_design_with_uart_wrapper_1
TRACE::2024-02-07.21:14:00::SCWPlatform::Found the Hw Db part of the input DSA
TRACE::2024-02-07.21:14:00::SCWMssOS::Checking the sw design at  D:/Emphasis_B/Labs/Lab_4/Lab_4_Exercise_2/platform_project/microblaze_0/standalone_domain/bsp/system.mss
TRACE::2024-02-07.21:14:00::SCWMssOS::DEBUG:  swdes dump  
TRACE::2024-02-07.21:14:00::SCWMssOS::No sw design opened at  D:/Emphasis_B/Labs/Lab_4/Lab_4_Exercise_2/platform_project/microblaze_0/standalone_domain/bsp/system.mss
TRACE::2024-02-07.21:14:00::SCWMssOS::mss exists loading the mss file  D:/Emphasis_B/Labs/Lab_4/Lab_4_Exercise_2/platform_project/microblaze_0/standalone_domain/bsp/system.mss
TRACE::2024-02-07.21:14:00::SCWMssOS::Opened the sw design from mss  D:/Emphasis_B/Labs/Lab_4/Lab_4_Exercise_2/platform_project/microblaze_0/standalone_domain/bsp/system.mss
TRACE::2024-02-07.21:14:00::SCWMssOS::Adding the swdes entry D:/Emphasis_B/Labs/Lab_4/Lab_4_Exercise_2/platform_project/microblaze_0/standalone_domain/bsp/system.mss with des name system
TRACE::2024-02-07.21:14:00::SCWMssOS::updating the scw layer about changes
TRACE::2024-02-07.21:14:00::SCWMssOS::Opened the sw design.  D:/Emphasis_B/Labs/Lab_4/Lab_4_Exercise_2/platform_project/microblaze_0/standalone_domain/bsp/system.mss
TRACE::2024-02-07.21:14:00::SCWMssOS::Saving the mss changes D:/Emphasis_B/Labs/Lab_4/Lab_4_Exercise_2/platform_project/microblaze_0/standalone_domain/bsp/system.mss
TRACE::2024-02-07.21:14:00::SCWMssOS::Found a swdesign opened with the mssfile.
TRACE::2024-02-07.21:14:00::SCWMssOS::Completed writemss as part of save.
TRACE::2024-02-07.21:14:00::SCWMssOS::Commit changes completed.
TRACE::2024-02-07.21:14:00::SCWReader::Adding prebuilt librarypaths as   
TRACE::2024-02-07.21:14:00::SCWReader::Adding prebuilt incpaths  as   
TRACE::2024-02-07.21:14:00::SCWPlatform::Trying to open the hw design at D:/Emphasis_B/Labs/Lab_4/Lab_4_Exercise_2/platform_project/hw/lab_1_exercise_1_hardware_wrapper.xsa
TRACE::2024-02-07.21:14:00::SCWPlatform::DSA given D:/Emphasis_B/Labs/Lab_4/Lab_4_Exercise_2/platform_project/hw/lab_1_exercise_1_hardware_wrapper.xsa
TRACE::2024-02-07.21:14:00::SCWPlatform::DSA absoulate path D:/Emphasis_B/Labs/Lab_4/Lab_4_Exercise_2/platform_project/hw/lab_1_exercise_1_hardware_wrapper.xsa
TRACE::2024-02-07.21:14:00::SCWPlatform::DSA directory D:/Emphasis_B/Labs/Lab_4/Lab_4_Exercise_2/platform_project/hw
TRACE::2024-02-07.21:14:00::SCWPlatform:: Platform Path D:/Emphasis_B/Labs/Lab_4/Lab_4_Exercise_2/platform_project/hw/lab_1_exercise_1_hardware_wrapper.xsa
TRACE::2024-02-07.21:14:00::SCWPlatform:: Unique name xilinx:nexys-a7-100t::0.0
TRACE::2024-02-07.21:14:00::SCWPlatform::Trying to set the existing hwdb with name pmod_design_with_uart_wrapper_1
TRACE::2024-02-07.21:14:00::SCWPlatform::Opened existing hwdb pmod_design_with_uart_wrapper_1
TRACE::2024-02-07.21:14:00::SCWPlatform::Found the Hw Db part of the input DSA
TRACE::2024-02-07.21:14:00::SCWMssOS::Checking the sw design at  D:/Emphasis_B/Labs/Lab_4/Lab_4_Exercise_2/platform_project/microblaze_0/standalone_domain/bsp/system.mss
TRACE::2024-02-07.21:14:00::SCWMssOS::DEBUG:  swdes dump  D:/Emphasis_B/Labs/Lab_4/Lab_4_Exercise_2/platform_project/microblaze_0/standalone_domain/bsp/system.mss|system||

TRACE::2024-02-07.21:14:00::SCWMssOS::Sw design exists and opened at  D:/Emphasis_B/Labs/Lab_4/Lab_4_Exercise_2/platform_project/microblaze_0/standalone_domain/bsp/system.mss
TRACE::2024-02-07.21:14:00::SCWReader::No isolation master present  
LOG::2024-02-07.21:14:06::SCWPlatform::Started generating the artifacts platform platform_project
TRACE::2024-02-07.21:14:06::SCWPlatform::Sanity checking of platform is completed
LOG::2024-02-07.21:14:06::SCWPlatform::Started generating the artifacts for system configuration platform_project
LOG::2024-02-07.21:14:06::SCWSystem::Checking the domain standalone_domain
LOG::2024-02-07.21:14:06::SCWSystem::Not a boot domain 
LOG::2024-02-07.21:14:06::SCWSystem::Started Processing the domain standalone_domain
TRACE::2024-02-07.21:14:06::SCWDomain::Generating domain artifcats
TRACE::2024-02-07.21:14:06::SCWMssOS::Generating standalone artifcats
TRACE::2024-02-07.21:14:06::SCWMssOS:: Copying the user libraries. 
TRACE::2024-02-07.21:14:06::SCWPlatform::Trying to open the hw design at D:/Emphasis_B/Labs/Lab_4/Lab_4_Exercise_2/platform_project/hw/lab_1_exercise_1_hardware_wrapper.xsa
TRACE::2024-02-07.21:14:06::SCWPlatform::DSA given D:/Emphasis_B/Labs/Lab_4/Lab_4_Exercise_2/platform_project/hw/lab_1_exercise_1_hardware_wrapper.xsa
TRACE::2024-02-07.21:14:06::SCWPlatform::DSA absoulate path D:/Emphasis_B/Labs/Lab_4/Lab_4_Exercise_2/platform_project/hw/lab_1_exercise_1_hardware_wrapper.xsa
TRACE::2024-02-07.21:14:06::SCWPlatform::DSA directory D:/Emphasis_B/Labs/Lab_4/Lab_4_Exercise_2/platform_project/hw
TRACE::2024-02-07.21:14:06::SCWPlatform:: Platform Path D:/Emphasis_B/Labs/Lab_4/Lab_4_Exercise_2/platform_project/hw/lab_1_exercise_1_hardware_wrapper.xsa
TRACE::2024-02-07.21:14:06::SCWPlatform:: Unique name xilinx:nexys-a7-100t::0.0
TRACE::2024-02-07.21:14:06::SCWPlatform::Trying to set the existing hwdb with name pmod_design_with_uart_wrapper_1
TRACE::2024-02-07.21:14:06::SCWPlatform::Opened existing hwdb pmod_design_with_uart_wrapper_1
TRACE::2024-02-07.21:14:06::SCWPlatform::Found the Hw Db part of the input DSA
TRACE::2024-02-07.21:14:06::SCWMssOS::Checking the sw design at  D:/Emphasis_B/Labs/Lab_4/Lab_4_Exercise_2/platform_project/microblaze_0/standalone_domain/bsp/system.mss
TRACE::2024-02-07.21:14:06::SCWMssOS::DEBUG:  swdes dump  D:/Emphasis_B/Labs/Lab_4/Lab_4_Exercise_2/platform_project/microblaze_0/standalone_domain/bsp/system.mss|system||

TRACE::2024-02-07.21:14:06::SCWMssOS::Sw design exists and opened at  D:/Emphasis_B/Labs/Lab_4/Lab_4_Exercise_2/platform_project/microblaze_0/standalone_domain/bsp/system.mss
TRACE::2024-02-07.21:14:06::SCWMssOS::Completed writing the mss file at D:/Emphasis_B/Labs/Lab_4/Lab_4_Exercise_2/platform_project/microblaze_0/standalone_domain/bsp
TRACE::2024-02-07.21:14:06::SCWMssOS::Mss edits present, copying mssfile into export location D:/Emphasis_B/Labs/Lab_4/Lab_4_Exercise_2/platform_project/microblaze_0/standalone_domain/bsp/system.mss
TRACE::2024-02-07.21:14:06::SCWMssOS::bsp generated is upto date with the mss file. Skipping bsp generation.
TRACE::2024-02-07.21:14:06::SCWMssOS::BSP is already built. skipping the bsp build ... 
TRACE::2024-02-07.21:14:06::SCWDomain::Building the domain as part of full build :  standalone_domain
TRACE::2024-02-07.21:14:06::SCWMssOS::doing bsp build ... 
TRACE::2024-02-07.21:14:06::SCWMssOS::System Command Ran  D: & cd  D:/Emphasis_B/Labs/Lab_4/Lab_4_Exercise_2/platform_project/microblaze_0/standalone_domain/bsp & make 
TRACE::2024-02-07.21:14:07::SCWMssOS::make --no-print-directory seq_libs

TRACE::2024-02-07.21:14:07::SCWMssOS::'Finished building libraries sequentially.'

TRACE::2024-02-07.21:14:07::SCWMssOS::make -j 6 --no-print-directory par_libs

TRACE::2024-02-07.21:14:07::SCWMssOS::"Running Make include in microblaze_0/libsrc/bram_v4_8/src"

TRACE::2024-02-07.21:14:07::SCWMssOS::make -C microblaze_0/libsrc/bram_v4_8/src -s include  "SHELL=CMD" "COMPILER=mb-gcc" "ASSEMBLER=mb-as" "ARCHIVER=mb-ar" "COMPILE
TRACE::2024-02-07.21:14:07::SCWMssOS::R_FLAGS=  -O2 -c -mcpu=v11.0 -mlittle-endian -mxl-soft-mul" "EXTRA_COMPILER_FLAGS=-g -ffunction-sections -fdata-sections -Wall 
TRACE::2024-02-07.21:14:07::SCWMssOS::-Wextra -fno-tree-loop-distribute-patterns"

TRACE::2024-02-07.21:14:07::SCWMssOS::"Running Make include in microblaze_0/libsrc/cpu_v2_17/src"

TRACE::2024-02-07.21:14:07::SCWMssOS::make -C microblaze_0/libsrc/cpu_v2_17/src -s include  "SHELL=CMD" "COMPILER=mb-gcc" "ASSEMBLER=mb-as" "ARCHIVER=mb-ar" "COMPILE
TRACE::2024-02-07.21:14:07::SCWMssOS::R_FLAGS=  -O2 -c -mcpu=v11.0 -mlittle-endian -mxl-soft-mul" "EXTRA_COMPILER_FLAGS=-g -ffunction-sections -fdata-sections -Wall 
TRACE::2024-02-07.21:14:07::SCWMssOS::-Wextra -fno-tree-loop-distribute-patterns"

TRACE::2024-02-07.21:14:07::SCWMssOS::"Running Make include in microblaze_0/libsrc/intc_v3_16/src"

TRACE::2024-02-07.21:14:07::SCWMssOS::make -C microblaze_0/libsrc/intc_v3_16/src -s include  "SHELL=CMD" "COMPILER=mb-gcc" "ASSEMBLER=mb-as" "ARCHIVER=mb-ar" "COMPIL
TRACE::2024-02-07.21:14:07::SCWMssOS::ER_FLAGS=  -O2 -c -mcpu=v11.0 -mlittle-endian -mxl-soft-mul" "EXTRA_COMPILER_FLAGS=-g -ffunction-sections -fdata-sections -Wall
TRACE::2024-02-07.21:14:07::SCWMssOS:: -Wextra -fno-tree-loop-distribute-patterns"

TRACE::2024-02-07.21:14:07::SCWMssOS::"Running Make include in microblaze_0/libsrc/standalone_v8_1/src"

TRACE::2024-02-07.21:14:07::SCWMssOS::make -C microblaze_0/libsrc/standalone_v8_1/src -s include  "SHELL=CMD" "COMPILER=mb-gcc" "ASSEMBLER=mb-as" "ARCHIVER=mb-ar" "C
TRACE::2024-02-07.21:14:07::SCWMssOS::OMPILER_FLAGS=  -O2 -c -mcpu=v11.0 -mlittle-endian -mxl-soft-mul" "EXTRA_COMPILER_FLAGS=-g -ffunction-sections -fdata-sections 
TRACE::2024-02-07.21:14:07::SCWMssOS::-Wall -Wextra -fno-tree-loop-distribute-patterns"

TRACE::2024-02-07.21:14:07::SCWMssOS::"Running Make include in microblaze_0/libsrc/uartlite_v3_8/src"

TRACE::2024-02-07.21:14:07::SCWMssOS::make -C microblaze_0/libsrc/uartlite_v3_8/src -s include  "SHELL=CMD" "COMPILER=mb-gcc" "ASSEMBLER=mb-as" "ARCHIVER=mb-ar" "COM
TRACE::2024-02-07.21:14:07::SCWMssOS::PILER_FLAGS=  -O2 -c -mcpu=v11.0 -mlittle-endian -mxl-soft-mul" "EXTRA_COMPILER_FLAGS=-g -ffunction-sections -fdata-sections -W
TRACE::2024-02-07.21:14:07::SCWMssOS::all -Wextra -fno-tree-loop-distribute-patterns"

TRACE::2024-02-07.21:14:07::SCWMssOS::"Running Make libs in microblaze_0/libsrc/bram_v4_8/src"

TRACE::2024-02-07.21:14:07::SCWMssOS::make -C microblaze_0/libsrc/bram_v4_8/src -s libs  "SHELL=CMD" "COMPILER=mb-gcc" "ASSEMBLER=mb-as" "ARCHIVER=mb-ar" "COMPILER_F
TRACE::2024-02-07.21:14:07::SCWMssOS::LAGS=  -O2 -c -mcpu=v11.0 -mlittle-endian -mxl-soft-mul" "EXTRA_COMPILER_FLAGS=-g -ffunction-sections -fdata-sections -Wall -We
TRACE::2024-02-07.21:14:07::SCWMssOS::xtra -fno-tree-loop-distribute-patterns"

TRACE::2024-02-07.21:14:07::SCWMssOS::"Running Make libs in microblaze_0/libsrc/cpu_v2_17/src"

TRACE::2024-02-07.21:14:07::SCWMssOS::make -C microblaze_0/libsrc/cpu_v2_17/src -s libs  "SHELL=CMD" "COMPILER=mb-gcc" "ASSEMBLER=mb-as" "ARCHIVER=mb-ar" "COMPILER_F
TRACE::2024-02-07.21:14:07::SCWMssOS::LAGS=  -O2 -c -mcpu=v11.0 -mlittle-endian -mxl-soft-mul" "EXTRA_COMPILER_FLAGS=-g -ffunction-sections -fdata-sections -Wall -We
TRACE::2024-02-07.21:14:07::SCWMssOS::xtra -fno-tree-loop-distribute-patterns"

TRACE::2024-02-07.21:14:07::SCWMssOS::"Running Make libs in microblaze_0/libsrc/intc_v3_16/src"

TRACE::2024-02-07.21:14:07::SCWMssOS::make -C microblaze_0/libsrc/intc_v3_16/src -s libs  "SHELL=CMD" "COMPILER=mb-gcc" "ASSEMBLER=mb-as" "ARCHIVER=mb-ar" "COMPILER_
TRACE::2024-02-07.21:14:07::SCWMssOS::FLAGS=  -O2 -c -mcpu=v11.0 -mlittle-endian -mxl-soft-mul" "EXTRA_COMPILER_FLAGS=-g -ffunction-sections -fdata-sections -Wall -W
TRACE::2024-02-07.21:14:07::SCWMssOS::extra -fno-tree-loop-distribute-patterns"

TRACE::2024-02-07.21:14:07::SCWMssOS::"Running Make libs in microblaze_0/libsrc/standalone_v8_1/src"

TRACE::2024-02-07.21:14:07::SCWMssOS::make -C microblaze_0/libsrc/standalone_v8_1/src -s libs  "SHELL=CMD" "COMPILER=mb-gcc" "ASSEMBLER=mb-as" "ARCHIVER=mb-ar" "COMP
TRACE::2024-02-07.21:14:07::SCWMssOS::ILER_FLAGS=  -O2 -c -mcpu=v11.0 -mlittle-endian -mxl-soft-mul" "EXTRA_COMPILER_FLAGS=-g -ffunction-sections -fdata-sections -Wa
TRACE::2024-02-07.21:14:07::SCWMssOS::ll -Wextra -fno-tree-loop-distribute-patterns"

TRACE::2024-02-07.21:14:07::SCWMssOS::"Running Make libs in microblaze_0/libsrc/uartlite_v3_8/src"

TRACE::2024-02-07.21:14:07::SCWMssOS::make -C microblaze_0/libsrc/uartlite_v3_8/src -s libs  "SHELL=CMD" "COMPILER=mb-gcc" "ASSEMBLER=mb-as" "ARCHIVER=mb-ar" "COMPIL
TRACE::2024-02-07.21:14:07::SCWMssOS::ER_FLAGS=  -O2 -c -mcpu=v11.0 -mlittle-endian -mxl-soft-mul" "EXTRA_COMPILER_FLAGS=-g -ffunction-sections -fdata-sections -Wall
TRACE::2024-02-07.21:14:07::SCWMssOS:: -Wextra -fno-tree-loop-distribute-patterns"

TRACE::2024-02-07.21:14:11::SCWMssOS::"DEBUG NON_LTO_OBJECTS is ../../../lib/microblaze_interrupt_handler.o"

TRACE::2024-02-07.21:14:12::SCWMssOS::'Finished building libraries parallelly.'

TRACE::2024-02-07.21:14:12::SCWMssOS::make --no-print-directory archive

TRACE::2024-02-07.21:14:12::SCWMssOS::mb-ar -r  microblaze_0/lib/libxil.a microblaze_0/lib/_exit.o microblaze_0/lib/errno.o microblaze_0/lib/fcntl.o microblaze_0/lib
TRACE::2024-02-07.21:14:12::SCWMssOS::/hw_exception_handler.o microblaze_0/lib/inbyte.o microblaze_0/lib/microblaze_disable_dcache.o microblaze_0/lib/microblaze_disa
TRACE::2024-02-07.21:14:12::SCWMssOS::ble_exceptions.o microblaze_0/lib/microblaze_disable_icache.o microblaze_0/lib/microblaze_disable_interrupts.o microblaze_0/lib
TRACE::2024-02-07.21:14:12::SCWMssOS::/microblaze_enable_dcache.o microblaze_0/lib/microblaze_enable_exceptions.o microblaze_0/lib/microblaze_enable_icache.o microbl
TRACE::2024-02-07.21:14:12::SCWMssOS::aze_0/lib/microblaze_enable_interrupts.o microblaze_0/lib/microblaze_exception_handler.o microblaze_0/lib/microblaze_flush_cach
TRACE::2024-02-07.21:14:12::SCWMssOS::e_ext.o microblaze_0/lib/microblaze_flush_cache_ext_range.o microblaze_0/lib/microblaze_flush_dcache.o microblaze_0/lib/microbl
TRACE::2024-02-07.21:14:12::SCWMssOS::aze_flush_dcache_range.o microblaze_0/lib/microblaze_init_dcache_range.o microblaze_0/lib/microblaze_init_icache_range.o microb
TRACE::2024-02-07.21:14:12::SCWMssOS::laze_0/lib/microblaze_interrupt_handler.o microblaze_0/lib/microblaze_interrupts_g.o microblaze_0/lib/microblaze_invalidate_cac
TRACE::2024-02-07.21:14:12::SCWMssOS::he_ext.o microblaze_0/lib/microblaze_invalidate_cache_ext_range.o microblaze_0/lib/microblaze_invalidate_dcache.o microblaze_0/
TRACE::2024-02-07.21:14:12::SCWMssOS::lib/microblaze_invalidate_dcache_range.o microblaze_0/lib/microblaze_invalidate_icache.o microblaze_0/lib/microblaze_invalidate
TRACE::2024-02-07.21:14:12::SCWMssOS::_icache_range.o microblaze_0/lib/microblaze_scrub.o microblaze_0/lib/microblaze_selftest.o microblaze_0/lib/microblaze_sleep.o 
TRACE::2024-02-07.21:14:12::SCWMssOS::microblaze_0/lib/microblaze_update_dcache.o microblaze_0/lib/microblaze_update_icache.o microblaze_0/lib/outbyte.o microblaze_0
TRACE::2024-02-07.21:14:12::SCWMssOS::/lib/print.o microblaze_0/lib/pvr.o microblaze_0/lib/xbram.o microblaze_0/lib/xbram_g.o microblaze_0/lib/xbram_intr.o microblaz
TRACE::2024-02-07.21:14:12::SCWMssOS::e_0/lib/xbram_selftest.o microblaze_0/lib/xbram_sinit.o microblaze_0/lib/xil_assert.o microblaze_0/lib/xil_cache.o microblaze_0
TRACE::2024-02-07.21:14:12::SCWMssOS::/lib/xil_clocking.o microblaze_0/lib/xil_exception.o microblaze_0/lib/xil_mem.o microblaze_0/lib/xil_misc_psreset_api.o microbl
TRACE::2024-02-07.21:14:12::SCWMssOS::aze_0/lib/xil_printf.o microblaze_0/lib/xil_sleepcommon.o microblaze_0/lib/xil_testcache.o microblaze_0/lib/xil_testio.o microb
TRACE::2024-02-07.21:14:12::SCWMssOS::laze_0/lib/xil_testmem.o microblaze_0/lib/xil_util.o microblaze_0/lib/xintc.o microblaze_0/lib/xintc_g.o microblaze_0/lib/xintc
TRACE::2024-02-07.21:14:12::SCWMssOS::_intr.o microblaze_0/lib/xintc_l.o microblaze_0/lib/xintc_options.o microblaze_0/lib/xintc_selftest.o microblaze_0/lib/xinterru
TRACE::2024-02-07.21:14:12::SCWMssOS::pt_wrap.o microblaze_0/lib/xio.o microblaze_0/lib/xplatform_info.o microblaze_0/lib/xuartlite.o microblaze_0/lib/xuartlite_g.o 
TRACE::2024-02-07.21:14:12::SCWMssOS::microblaze_0/lib/xuartlite_intr.o microblaze_0/lib/xuartlite_l.o microblaze_0/lib/xuartlite_selftest.o microblaze_0/lib/xuartli
TRACE::2024-02-07.21:14:12::SCWMssOS::te_sinit.o microblaze_0/lib/xuartlite_stats.o

TRACE::2024-02-07.21:14:12::SCWMssOS::'Finished building libraries'

TRACE::2024-02-07.21:14:12::SCWMssOS::Copying to export directory.
TRACE::2024-02-07.21:14:13::SCWMssOS:: Checking if to create the Supporting Applications
TRACE::2024-02-07.21:14:13::SCWMssOS:: No Linux domain exists, trying to generate FSBL 
LOG::2024-02-07.21:14:13::SCWSystem::Completed Processing the domain standalone_domain
LOG::2024-02-07.21:14:13::SCWSystem::Completed Processing the sysconfig platform_project
LOG::2024-02-07.21:14:13::SCWPlatform::Completed generating the artifacts for system configuration platform_project
TRACE::2024-02-07.21:14:13::SCWPlatform::Started preparing the platform 
TRACE::2024-02-07.21:14:13::SCWSystem::Writing the bif file for system config platform_project
TRACE::2024-02-07.21:14:13::SCWSystem::dir created 
TRACE::2024-02-07.21:14:13::SCWSystem::Writing the bif 
TRACE::2024-02-07.21:14:13::SCWPlatform::Started writing the spfm file 
TRACE::2024-02-07.21:14:13::SCWPlatform::Started writing the xpfm file 
TRACE::2024-02-07.21:14:13::SCWPlatform::Completed generating the platform
TRACE::2024-02-07.21:14:13::SCWMssOS::Saving the mss changes D:/Emphasis_B/Labs/Lab_4/Lab_4_Exercise_2/platform_project/microblaze_0/standalone_domain/bsp/system.mss
TRACE::2024-02-07.21:14:13::SCWMssOS::Found a swdesign opened with the mssfile.
TRACE::2024-02-07.21:14:13::SCWMssOS::Completed writemss as part of save.
TRACE::2024-02-07.21:14:13::SCWMssOS::Commit changes completed.
TRACE::2024-02-07.21:14:13::SCWPlatform::Trying to open the hw design at D:/Emphasis_B/Labs/Lab_4/Lab_4_Exercise_2/platform_project/hw/lab_1_exercise_1_hardware_wrapper.xsa
TRACE::2024-02-07.21:14:13::SCWPlatform::DSA given D:/Emphasis_B/Labs/Lab_4/Lab_4_Exercise_2/platform_project/hw/lab_1_exercise_1_hardware_wrapper.xsa
TRACE::2024-02-07.21:14:13::SCWPlatform::DSA absoulate path D:/Emphasis_B/Labs/Lab_4/Lab_4_Exercise_2/platform_project/hw/lab_1_exercise_1_hardware_wrapper.xsa
TRACE::2024-02-07.21:14:13::SCWPlatform::DSA directory D:/Emphasis_B/Labs/Lab_4/Lab_4_Exercise_2/platform_project/hw
TRACE::2024-02-07.21:14:13::SCWPlatform:: Platform Path D:/Emphasis_B/Labs/Lab_4/Lab_4_Exercise_2/platform_project/hw/lab_1_exercise_1_hardware_wrapper.xsa
TRACE::2024-02-07.21:14:13::SCWPlatform:: Unique name xilinx:nexys-a7-100t::0.0
TRACE::2024-02-07.21:14:13::SCWPlatform::Trying to set the existing hwdb with name pmod_design_with_uart_wrapper_1
TRACE::2024-02-07.21:14:13::SCWPlatform::Opened existing hwdb pmod_design_with_uart_wrapper_1
TRACE::2024-02-07.21:14:13::SCWPlatform::Found the Hw Db part of the input DSA
TRACE::2024-02-07.21:14:13::SCWMssOS::Checking the sw design at  D:/Emphasis_B/Labs/Lab_4/Lab_4_Exercise_2/platform_project/microblaze_0/standalone_domain/bsp/system.mss
TRACE::2024-02-07.21:14:13::SCWMssOS::DEBUG:  swdes dump  D:/Emphasis_B/Labs/Lab_4/Lab_4_Exercise_2/platform_project/microblaze_0/standalone_domain/bsp/system.mss|system||

TRACE::2024-02-07.21:14:13::SCWMssOS::Sw design exists and opened at  D:/Emphasis_B/Labs/Lab_4/Lab_4_Exercise_2/platform_project/microblaze_0/standalone_domain/bsp/system.mss
TRACE::2024-02-07.21:14:13::SCWWriter::formatted JSON is {
	"platformName":	"platform_project",
	"sprVersion":	"2.0",
	"mode":	"gui",
	"dsaType":	"Fixed",
	"platformDesc":	"platform_project",
	"platHandOff":	"D:/Emphasis_B/Labs/Lab_4/lab_1_exercise_1_hardware_wrapper.xsa",
	"platIntHandOff":	"<platformDir>/hw/lab_1_exercise_1_hardware_wrapper.xsa",
	"deviceType":	"FPGA",
	"platIsPrebuiltAutogen":	"false",
	"platIsNoBootBsp":	"false",
	"hasFsblMakeHasChanges":	"false",
	"hasPmufwMakeHasChanges":	"false",
	"platPreBuiltFlag":	false,
	"platformSamplesDir":	"",
	"platActiveSys":	"platform_project",
	"systems":	[{
			"systemName":	"platform_project",
			"systemDesc":	"platform_project",
			"sysIsBootAutoGen":	"true",
			"systemDispName":	"platform_project",
			"sysActiveDom":	"standalone_domain",
			"sysDefaultDom":	"standalone_domain",
			"domains":	[{
					"domainName":	"standalone_domain",
					"domainDispName":	"standalone on microblaze_0",
					"domainDesc":	"standalone_domain",
					"processors":	"microblaze_0",
					"os":	"standalone",
					"sdxOs":	"standalone",
					"debugEnable":	"False",
					"domRuntimes":	["cpp"],
					"swRepo":	"",
					"mssOsVer":	"8.1",
					"mssFile":	"",
					"md5Digest":	"dcd0321eec59abe70789c26a35f96372",
					"compatibleApp":	"",
					"domType":	"mssDomain",
					"arch":	"32-bit",
					"appSettings":	{
						"appCompilerFlags":	"",
						"appLinkerFlags":	""
					},
					"addedLibs":	[],
					"libOptions":	{
						"libsContainingOptions":	[]
					},
					"prebuiltLibs":	{
						"prebuiltIncPath":	[],
						"prebuiltLibPath":	[]
					},
					"isolation":	{
					}
				}]
		}]
}
KEYINFO::2024-02-07.21:14:13::SCWPlatform::updated the xpfm file.
TRACE::2024-02-07.21:14:13::SCWPlatform::Trying to open the hw design at D:/Emphasis_B/Labs/Lab_4/Lab_4_Exercise_2/platform_project/hw/lab_1_exercise_1_hardware_wrapper.xsa
TRACE::2024-02-07.21:14:13::SCWPlatform::DSA given D:/Emphasis_B/Labs/Lab_4/Lab_4_Exercise_2/platform_project/hw/lab_1_exercise_1_hardware_wrapper.xsa
TRACE::2024-02-07.21:14:13::SCWPlatform::DSA absoulate path D:/Emphasis_B/Labs/Lab_4/Lab_4_Exercise_2/platform_project/hw/lab_1_exercise_1_hardware_wrapper.xsa
TRACE::2024-02-07.21:14:13::SCWPlatform::DSA directory D:/Emphasis_B/Labs/Lab_4/Lab_4_Exercise_2/platform_project/hw
TRACE::2024-02-07.21:14:13::SCWPlatform:: Platform Path D:/Emphasis_B/Labs/Lab_4/Lab_4_Exercise_2/platform_project/hw/lab_1_exercise_1_hardware_wrapper.xsa
TRACE::2024-02-07.21:14:13::SCWPlatform:: Unique name xilinx:nexys-a7-100t::0.0
TRACE::2024-02-07.21:14:13::SCWPlatform::Trying to set the existing hwdb with name pmod_design_with_uart_wrapper_1
TRACE::2024-02-07.21:14:13::SCWPlatform::Opened existing hwdb pmod_design_with_uart_wrapper_1
TRACE::2024-02-07.21:14:13::SCWPlatform::Found the Hw Db part of the input DSA
TRACE::2024-02-07.21:14:13::SCWMssOS::Checking the sw design at  D:/Emphasis_B/Labs/Lab_4/Lab_4_Exercise_2/platform_project/microblaze_0/standalone_domain/bsp/system.mss
TRACE::2024-02-07.21:14:13::SCWMssOS::DEBUG:  swdes dump  D:/Emphasis_B/Labs/Lab_4/Lab_4_Exercise_2/platform_project/microblaze_0/standalone_domain/bsp/system.mss|system||

TRACE::2024-02-07.21:14:13::SCWMssOS::Sw design exists and opened at  D:/Emphasis_B/Labs/Lab_4/Lab_4_Exercise_2/platform_project/microblaze_0/standalone_domain/bsp/system.mss
