
*** Running vivado
    with args -log pmod_design_with_uart_PmodTMP3_0_0.vds -m64 -product Vivado -mode batch -messageDb vivado.pb -notrace -source pmod_design_with_uart_PmodTMP3_0_0.tcl


ECHO is off.
ECHO is off.

****** Vivado v2023.1 (64-bit)
  **** SW Build 3865809 on Sun May  7 15:05:29 MDT 2023
  **** IP Build 3864474 on Sun May  7 20:36:21 MDT 2023
  **** SharedData Build 3865790 on Sun May 07 13:33:03 MDT 2023
    ** Copyright 1986-2022 Xilinx, Inc. All Rights Reserved.
    ** Copyright 2022-2023 Advanced Micro Devices, Inc. All Rights Reserved.

source pmod_design_with_uart_PmodTMP3_0_0.tcl -notrace
create_project: Time (s): cpu = 00:00:09 ; elapsed = 00:00:10 . Memory (MB): peak = 464.391 ; gain = 194.918
INFO: [IP_Flow 19-234] Refreshing IP repositories
INFO: [IP_Flow 19-1700] Loaded user IP repository 'e:/Xilinx/vivado-library-zmod-v1-2019.1-2'.
INFO: [IP_Flow 19-2313] Loaded Vivado IP repository 'C:/Xilinx/Vivado/2023.1/data/ip'.
INFO: [IP_Flow 19-6924] IPCACHE: Running cache check for IP inst: pmod_design_with_uart_PmodTMP3_0_0
Command: synth_design -top pmod_design_with_uart_PmodTMP3_0_0 -part xc7a100tcsg324-1 -incremental_mode off -mode out_of_context
Starting synth_design
WARNING: [IP_Flow 19-3571] IP 'pmod_design_with_uart_PmodTMP3_0_0' is restricted:
* IP definition 'PmodTMP3_v1_0 (1.0)' relies on the following subcore(s) that were not found in the IP Catalog: xilinx.com:ip:axi_iic:2.0
Attempting to get a license for feature 'Synthesis' and/or device 'xc7a100t'
INFO: [Common 17-349] Got license for feature 'Synthesis' and/or device 'xc7a100t'
INFO: [Device 21-403] Loading part xc7a100tcsg324-1
INFO: [Synth 8-7079] Multithreading enabled for synth_design using a maximum of 2 processes.
INFO: [Synth 8-7078] Launching helper process for spawning children vivado processes
INFO: [Synth 8-7075] Helper process launched with PID 11640
---------------------------------------------------------------------------------
Starting RTL Elaboration : Time (s): cpu = 00:00:09 ; elapsed = 00:00:09 . Memory (MB): peak = 1317.391 ; gain = 410.258
---------------------------------------------------------------------------------
INFO: [Synth 8-6157] synthesizing module 'pmod_design_with_uart_PmodTMP3_0_0' [d:/Emphasis_B/project_1/project_1.gen/sources_1/bd/pmod_design_with_uart/ip/pmod_design_with_uart_PmodTMP3_0_0/synth/pmod_design_with_uart_PmodTMP3_0_0.v:53]
INFO: [Synth 8-6157] synthesizing module 'PmodTMP3' [d:/Emphasis_B/project_1/project_1.gen/sources_1/bd/pmod_design_with_uart/ipshared/2ce6/src/PmodTMP3.v:12]
INFO: [Synth 8-638] synthesizing module 'PmodTMP3_axi_iic_0_0' [d:/Emphasis_B/project_1/project_1.gen/sources_1/bd/pmod_design_with_uart/ip/pmod_design_with_uart_PmodTMP3_0_0/src/PmodTMP3_axi_iic_0_0/synth/PmodTMP3_axi_iic_0_0.vhd:91]
	Parameter C_FAMILY bound to: artix7 - type: string 
	Parameter C_S_AXI_ADDR_WIDTH bound to: 9 - type: integer 
	Parameter C_S_AXI_DATA_WIDTH bound to: 32 - type: integer 
	Parameter C_IIC_FREQ bound to: 100000 - type: integer 
	Parameter C_TEN_BIT_ADR bound to: 0 - type: integer 
	Parameter C_GPO_WIDTH bound to: 2 - type: integer 
	Parameter C_S_AXI_ACLK_FREQ_HZ bound to: 100000000 - type: integer 
	Parameter C_SCL_INERTIAL_DELAY bound to: 0 - type: integer 
	Parameter C_SDA_INERTIAL_DELAY bound to: 0 - type: integer 
	Parameter C_SDA_LEVEL bound to: 1 - type: integer 
	Parameter C_SMBUS_PMBUS_HOST bound to: 0 - type: integer 
	Parameter C_DISABLE_SETUP_VIOLATION_CHECK bound to: 0 - type: integer 
	Parameter C_STATIC_TIMING_REG_WIDTH bound to: 0 - type: integer 
	Parameter C_TIMING_REG_WIDTH bound to: 32 - type: integer 
	Parameter C_DEFAULT_VALUE bound to: 8'b00000000 
INFO: [Synth 8-3491] module 'axi_iic' declared at 'd:/Emphasis_B/project_1/project_1.gen/sources_1/bd/pmod_design_with_uart/ip/pmod_design_with_uart_PmodTMP3_0_0/src/PmodTMP3_axi_iic_0_0/hdl/axi_iic_v2_1_vh_rfs.vhd:6832' bound to instance 'U0' of component 'axi_iic' [d:/Emphasis_B/project_1/project_1.gen/sources_1/bd/pmod_design_with_uart/ip/pmod_design_with_uart_PmodTMP3_0_0/src/PmodTMP3_axi_iic_0_0/synth/PmodTMP3_axi_iic_0_0.vhd:184]
INFO: [Synth 8-638] synthesizing module 'axi_iic' [d:/Emphasis_B/project_1/project_1.gen/sources_1/bd/pmod_design_with_uart/ip/pmod_design_with_uart_PmodTMP3_0_0/src/PmodTMP3_axi_iic_0_0/hdl/axi_iic_v2_1_vh_rfs.vhd:6906]
INFO: [Synth 8-638] synthesizing module 'iic' [d:/Emphasis_B/project_1/project_1.gen/sources_1/bd/pmod_design_with_uart/ip/pmod_design_with_uart_PmodTMP3_0_0/src/PmodTMP3_axi_iic_0_0/hdl/axi_iic_v2_1_vh_rfs.vhd:6210]
INFO: [Synth 8-638] synthesizing module 'axi_ipif_ssp1' [d:/Emphasis_B/project_1/project_1.gen/sources_1/bd/pmod_design_with_uart/ip/pmod_design_with_uart_PmodTMP3_0_0/src/PmodTMP3_axi_iic_0_0/hdl/axi_iic_v2_1_vh_rfs.vhd:5677]
INFO: [Synth 8-638] synthesizing module 'axi_lite_ipif' [d:/Emphasis_B/project_1/project_1.gen/sources_1/bd/pmod_design_with_uart/ip/pmod_design_with_uart_PmodTMP3_0_0/src/PmodTMP3_axi_iic_0_0/hdl/axi_lite_ipif_v3_0_vh_rfs.vhd:2948]
INFO: [Synth 8-638] synthesizing module 'slave_attachment' [d:/Emphasis_B/project_1/project_1.gen/sources_1/bd/pmod_design_with_uart/ip/pmod_design_with_uart_PmodTMP3_0_0/src/PmodTMP3_axi_iic_0_0/hdl/axi_lite_ipif_v3_0_vh_rfs.vhd:2341]
INFO: [Synth 8-638] synthesizing module 'address_decoder' [d:/Emphasis_B/project_1/project_1.gen/sources_1/bd/pmod_design_with_uart/ip/pmod_design_with_uart_PmodTMP3_0_0/src/PmodTMP3_axi_iic_0_0/hdl/axi_lite_ipif_v3_0_vh_rfs.vhd:1775]
INFO: [Synth 8-638] synthesizing module 'pselect_f' [d:/Emphasis_B/project_1/project_1.gen/sources_1/bd/pmod_design_with_uart/ip/pmod_design_with_uart_PmodTMP3_0_0/src/PmodTMP3_axi_iic_0_0/hdl/axi_lite_ipif_v3_0_vh_rfs.vhd:1534]
INFO: [Synth 8-256] done synthesizing module 'pselect_f' (0#1) [d:/Emphasis_B/project_1/project_1.gen/sources_1/bd/pmod_design_with_uart/ip/pmod_design_with_uart_PmodTMP3_0_0/src/PmodTMP3_axi_iic_0_0/hdl/axi_lite_ipif_v3_0_vh_rfs.vhd:1534]
INFO: [Synth 8-638] synthesizing module 'pselect_f__parameterized0' [d:/Emphasis_B/project_1/project_1.gen/sources_1/bd/pmod_design_with_uart/ip/pmod_design_with_uart_PmodTMP3_0_0/src/PmodTMP3_axi_iic_0_0/hdl/axi_lite_ipif_v3_0_vh_rfs.vhd:1534]
INFO: [Synth 8-256] done synthesizing module 'pselect_f__parameterized0' (0#1) [d:/Emphasis_B/project_1/project_1.gen/sources_1/bd/pmod_design_with_uart/ip/pmod_design_with_uart_PmodTMP3_0_0/src/PmodTMP3_axi_iic_0_0/hdl/axi_lite_ipif_v3_0_vh_rfs.vhd:1534]
INFO: [Synth 8-638] synthesizing module 'pselect_f__parameterized1' [d:/Emphasis_B/project_1/project_1.gen/sources_1/bd/pmod_design_with_uart/ip/pmod_design_with_uart_PmodTMP3_0_0/src/PmodTMP3_axi_iic_0_0/hdl/axi_lite_ipif_v3_0_vh_rfs.vhd:1534]
INFO: [Synth 8-256] done synthesizing module 'pselect_f__parameterized1' (0#1) [d:/Emphasis_B/project_1/project_1.gen/sources_1/bd/pmod_design_with_uart/ip/pmod_design_with_uart_PmodTMP3_0_0/src/PmodTMP3_axi_iic_0_0/hdl/axi_lite_ipif_v3_0_vh_rfs.vhd:1534]
INFO: [Synth 8-638] synthesizing module 'pselect_f__parameterized2' [d:/Emphasis_B/project_1/project_1.gen/sources_1/bd/pmod_design_with_uart/ip/pmod_design_with_uart_PmodTMP3_0_0/src/PmodTMP3_axi_iic_0_0/hdl/axi_lite_ipif_v3_0_vh_rfs.vhd:1534]
INFO: [Synth 8-256] done synthesizing module 'pselect_f__parameterized2' (0#1) [d:/Emphasis_B/project_1/project_1.gen/sources_1/bd/pmod_design_with_uart/ip/pmod_design_with_uart_PmodTMP3_0_0/src/PmodTMP3_axi_iic_0_0/hdl/axi_lite_ipif_v3_0_vh_rfs.vhd:1534]
INFO: [Synth 8-638] synthesizing module 'pselect_f__parameterized3' [d:/Emphasis_B/project_1/project_1.gen/sources_1/bd/pmod_design_with_uart/ip/pmod_design_with_uart_PmodTMP3_0_0/src/PmodTMP3_axi_iic_0_0/hdl/axi_lite_ipif_v3_0_vh_rfs.vhd:1534]
INFO: [Synth 8-256] done synthesizing module 'pselect_f__parameterized3' (0#1) [d:/Emphasis_B/project_1/project_1.gen/sources_1/bd/pmod_design_with_uart/ip/pmod_design_with_uart_PmodTMP3_0_0/src/PmodTMP3_axi_iic_0_0/hdl/axi_lite_ipif_v3_0_vh_rfs.vhd:1534]
INFO: [Synth 8-638] synthesizing module 'pselect_f__parameterized4' [d:/Emphasis_B/project_1/project_1.gen/sources_1/bd/pmod_design_with_uart/ip/pmod_design_with_uart_PmodTMP3_0_0/src/PmodTMP3_axi_iic_0_0/hdl/axi_lite_ipif_v3_0_vh_rfs.vhd:1534]
INFO: [Synth 8-256] done synthesizing module 'pselect_f__parameterized4' (0#1) [d:/Emphasis_B/project_1/project_1.gen/sources_1/bd/pmod_design_with_uart/ip/pmod_design_with_uart_PmodTMP3_0_0/src/PmodTMP3_axi_iic_0_0/hdl/axi_lite_ipif_v3_0_vh_rfs.vhd:1534]
INFO: [Synth 8-638] synthesizing module 'pselect_f__parameterized5' [d:/Emphasis_B/project_1/project_1.gen/sources_1/bd/pmod_design_with_uart/ip/pmod_design_with_uart_PmodTMP3_0_0/src/PmodTMP3_axi_iic_0_0/hdl/axi_lite_ipif_v3_0_vh_rfs.vhd:1534]
INFO: [Synth 8-256] done synthesizing module 'pselect_f__parameterized5' (0#1) [d:/Emphasis_B/project_1/project_1.gen/sources_1/bd/pmod_design_with_uart/ip/pmod_design_with_uart_PmodTMP3_0_0/src/PmodTMP3_axi_iic_0_0/hdl/axi_lite_ipif_v3_0_vh_rfs.vhd:1534]
INFO: [Synth 8-638] synthesizing module 'pselect_f__parameterized6' [d:/Emphasis_B/project_1/project_1.gen/sources_1/bd/pmod_design_with_uart/ip/pmod_design_with_uart_PmodTMP3_0_0/src/PmodTMP3_axi_iic_0_0/hdl/axi_lite_ipif_v3_0_vh_rfs.vhd:1534]
INFO: [Synth 8-256] done synthesizing module 'pselect_f__parameterized6' (0#1) [d:/Emphasis_B/project_1/project_1.gen/sources_1/bd/pmod_design_with_uart/ip/pmod_design_with_uart_PmodTMP3_0_0/src/PmodTMP3_axi_iic_0_0/hdl/axi_lite_ipif_v3_0_vh_rfs.vhd:1534]
INFO: [Synth 8-638] synthesizing module 'pselect_f__parameterized7' [d:/Emphasis_B/project_1/project_1.gen/sources_1/bd/pmod_design_with_uart/ip/pmod_design_with_uart_PmodTMP3_0_0/src/PmodTMP3_axi_iic_0_0/hdl/axi_lite_ipif_v3_0_vh_rfs.vhd:1534]
INFO: [Synth 8-256] done synthesizing module 'pselect_f__parameterized7' (0#1) [d:/Emphasis_B/project_1/project_1.gen/sources_1/bd/pmod_design_with_uart/ip/pmod_design_with_uart_PmodTMP3_0_0/src/PmodTMP3_axi_iic_0_0/hdl/axi_lite_ipif_v3_0_vh_rfs.vhd:1534]
INFO: [Synth 8-638] synthesizing module 'pselect_f__parameterized8' [d:/Emphasis_B/project_1/project_1.gen/sources_1/bd/pmod_design_with_uart/ip/pmod_design_with_uart_PmodTMP3_0_0/src/PmodTMP3_axi_iic_0_0/hdl/axi_lite_ipif_v3_0_vh_rfs.vhd:1534]
INFO: [Synth 8-256] done synthesizing module 'pselect_f__parameterized8' (0#1) [d:/Emphasis_B/project_1/project_1.gen/sources_1/bd/pmod_design_with_uart/ip/pmod_design_with_uart_PmodTMP3_0_0/src/PmodTMP3_axi_iic_0_0/hdl/axi_lite_ipif_v3_0_vh_rfs.vhd:1534]
INFO: [Synth 8-638] synthesizing module 'pselect_f__parameterized9' [d:/Emphasis_B/project_1/project_1.gen/sources_1/bd/pmod_design_with_uart/ip/pmod_design_with_uart_PmodTMP3_0_0/src/PmodTMP3_axi_iic_0_0/hdl/axi_lite_ipif_v3_0_vh_rfs.vhd:1534]
INFO: [Synth 8-256] done synthesizing module 'pselect_f__parameterized9' (0#1) [d:/Emphasis_B/project_1/project_1.gen/sources_1/bd/pmod_design_with_uart/ip/pmod_design_with_uart_PmodTMP3_0_0/src/PmodTMP3_axi_iic_0_0/hdl/axi_lite_ipif_v3_0_vh_rfs.vhd:1534]
INFO: [Synth 8-638] synthesizing module 'pselect_f__parameterized10' [d:/Emphasis_B/project_1/project_1.gen/sources_1/bd/pmod_design_with_uart/ip/pmod_design_with_uart_PmodTMP3_0_0/src/PmodTMP3_axi_iic_0_0/hdl/axi_lite_ipif_v3_0_vh_rfs.vhd:1534]
INFO: [Synth 8-256] done synthesizing module 'pselect_f__parameterized10' (0#1) [d:/Emphasis_B/project_1/project_1.gen/sources_1/bd/pmod_design_with_uart/ip/pmod_design_with_uart_PmodTMP3_0_0/src/PmodTMP3_axi_iic_0_0/hdl/axi_lite_ipif_v3_0_vh_rfs.vhd:1534]
INFO: [Synth 8-638] synthesizing module 'pselect_f__parameterized11' [d:/Emphasis_B/project_1/project_1.gen/sources_1/bd/pmod_design_with_uart/ip/pmod_design_with_uart_PmodTMP3_0_0/src/PmodTMP3_axi_iic_0_0/hdl/axi_lite_ipif_v3_0_vh_rfs.vhd:1534]
INFO: [Synth 8-256] done synthesizing module 'pselect_f__parameterized11' (0#1) [d:/Emphasis_B/project_1/project_1.gen/sources_1/bd/pmod_design_with_uart/ip/pmod_design_with_uart_PmodTMP3_0_0/src/PmodTMP3_axi_iic_0_0/hdl/axi_lite_ipif_v3_0_vh_rfs.vhd:1534]
INFO: [Synth 8-638] synthesizing module 'pselect_f__parameterized12' [d:/Emphasis_B/project_1/project_1.gen/sources_1/bd/pmod_design_with_uart/ip/pmod_design_with_uart_PmodTMP3_0_0/src/PmodTMP3_axi_iic_0_0/hdl/axi_lite_ipif_v3_0_vh_rfs.vhd:1534]
INFO: [Synth 8-256] done synthesizing module 'pselect_f__parameterized12' (0#1) [d:/Emphasis_B/project_1/project_1.gen/sources_1/bd/pmod_design_with_uart/ip/pmod_design_with_uart_PmodTMP3_0_0/src/PmodTMP3_axi_iic_0_0/hdl/axi_lite_ipif_v3_0_vh_rfs.vhd:1534]
INFO: [Synth 8-638] synthesizing module 'pselect_f__parameterized13' [d:/Emphasis_B/project_1/project_1.gen/sources_1/bd/pmod_design_with_uart/ip/pmod_design_with_uart_PmodTMP3_0_0/src/PmodTMP3_axi_iic_0_0/hdl/axi_lite_ipif_v3_0_vh_rfs.vhd:1534]
INFO: [Synth 8-256] done synthesizing module 'pselect_f__parameterized13' (0#1) [d:/Emphasis_B/project_1/project_1.gen/sources_1/bd/pmod_design_with_uart/ip/pmod_design_with_uart_PmodTMP3_0_0/src/PmodTMP3_axi_iic_0_0/hdl/axi_lite_ipif_v3_0_vh_rfs.vhd:1534]
INFO: [Synth 8-638] synthesizing module 'pselect_f__parameterized14' [d:/Emphasis_B/project_1/project_1.gen/sources_1/bd/pmod_design_with_uart/ip/pmod_design_with_uart_PmodTMP3_0_0/src/PmodTMP3_axi_iic_0_0/hdl/axi_lite_ipif_v3_0_vh_rfs.vhd:1534]
INFO: [Synth 8-256] done synthesizing module 'pselect_f__parameterized14' (0#1) [d:/Emphasis_B/project_1/project_1.gen/sources_1/bd/pmod_design_with_uart/ip/pmod_design_with_uart_PmodTMP3_0_0/src/PmodTMP3_axi_iic_0_0/hdl/axi_lite_ipif_v3_0_vh_rfs.vhd:1534]
INFO: [Synth 8-638] synthesizing module 'pselect_f__parameterized15' [d:/Emphasis_B/project_1/project_1.gen/sources_1/bd/pmod_design_with_uart/ip/pmod_design_with_uart_PmodTMP3_0_0/src/PmodTMP3_axi_iic_0_0/hdl/axi_lite_ipif_v3_0_vh_rfs.vhd:1534]
INFO: [Synth 8-256] done synthesizing module 'pselect_f__parameterized15' (0#1) [d:/Emphasis_B/project_1/project_1.gen/sources_1/bd/pmod_design_with_uart/ip/pmod_design_with_uart_PmodTMP3_0_0/src/PmodTMP3_axi_iic_0_0/hdl/axi_lite_ipif_v3_0_vh_rfs.vhd:1534]
INFO: [Synth 8-638] synthesizing module 'pselect_f__parameterized16' [d:/Emphasis_B/project_1/project_1.gen/sources_1/bd/pmod_design_with_uart/ip/pmod_design_with_uart_PmodTMP3_0_0/src/PmodTMP3_axi_iic_0_0/hdl/axi_lite_ipif_v3_0_vh_rfs.vhd:1534]
INFO: [Synth 8-256] done synthesizing module 'pselect_f__parameterized16' (0#1) [d:/Emphasis_B/project_1/project_1.gen/sources_1/bd/pmod_design_with_uart/ip/pmod_design_with_uart_PmodTMP3_0_0/src/PmodTMP3_axi_iic_0_0/hdl/axi_lite_ipif_v3_0_vh_rfs.vhd:1534]
INFO: [Synth 8-638] synthesizing module 'pselect_f__parameterized17' [d:/Emphasis_B/project_1/project_1.gen/sources_1/bd/pmod_design_with_uart/ip/pmod_design_with_uart_PmodTMP3_0_0/src/PmodTMP3_axi_iic_0_0/hdl/axi_lite_ipif_v3_0_vh_rfs.vhd:1534]
INFO: [Synth 8-256] done synthesizing module 'pselect_f__parameterized17' (0#1) [d:/Emphasis_B/project_1/project_1.gen/sources_1/bd/pmod_design_with_uart/ip/pmod_design_with_uart_PmodTMP3_0_0/src/PmodTMP3_axi_iic_0_0/hdl/axi_lite_ipif_v3_0_vh_rfs.vhd:1534]
INFO: [Synth 8-638] synthesizing module 'pselect_f__parameterized18' [d:/Emphasis_B/project_1/project_1.gen/sources_1/bd/pmod_design_with_uart/ip/pmod_design_with_uart_PmodTMP3_0_0/src/PmodTMP3_axi_iic_0_0/hdl/axi_lite_ipif_v3_0_vh_rfs.vhd:1534]
INFO: [Synth 8-256] done synthesizing module 'pselect_f__parameterized18' (0#1) [d:/Emphasis_B/project_1/project_1.gen/sources_1/bd/pmod_design_with_uart/ip/pmod_design_with_uart_PmodTMP3_0_0/src/PmodTMP3_axi_iic_0_0/hdl/axi_lite_ipif_v3_0_vh_rfs.vhd:1534]
INFO: [Synth 8-638] synthesizing module 'pselect_f__parameterized19' [d:/Emphasis_B/project_1/project_1.gen/sources_1/bd/pmod_design_with_uart/ip/pmod_design_with_uart_PmodTMP3_0_0/src/PmodTMP3_axi_iic_0_0/hdl/axi_lite_ipif_v3_0_vh_rfs.vhd:1534]
INFO: [Synth 8-256] done synthesizing module 'pselect_f__parameterized19' (0#1) [d:/Emphasis_B/project_1/project_1.gen/sources_1/bd/pmod_design_with_uart/ip/pmod_design_with_uart_PmodTMP3_0_0/src/PmodTMP3_axi_iic_0_0/hdl/axi_lite_ipif_v3_0_vh_rfs.vhd:1534]
INFO: [Synth 8-638] synthesizing module 'pselect_f__parameterized20' [d:/Emphasis_B/project_1/project_1.gen/sources_1/bd/pmod_design_with_uart/ip/pmod_design_with_uart_PmodTMP3_0_0/src/PmodTMP3_axi_iic_0_0/hdl/axi_lite_ipif_v3_0_vh_rfs.vhd:1534]
INFO: [Synth 8-256] done synthesizing module 'pselect_f__parameterized20' (0#1) [d:/Emphasis_B/project_1/project_1.gen/sources_1/bd/pmod_design_with_uart/ip/pmod_design_with_uart_PmodTMP3_0_0/src/PmodTMP3_axi_iic_0_0/hdl/axi_lite_ipif_v3_0_vh_rfs.vhd:1534]
INFO: [Synth 8-638] synthesizing module 'pselect_f__parameterized21' [d:/Emphasis_B/project_1/project_1.gen/sources_1/bd/pmod_design_with_uart/ip/pmod_design_with_uart_PmodTMP3_0_0/src/PmodTMP3_axi_iic_0_0/hdl/axi_lite_ipif_v3_0_vh_rfs.vhd:1534]
INFO: [Synth 8-256] done synthesizing module 'pselect_f__parameterized21' (0#1) [d:/Emphasis_B/project_1/project_1.gen/sources_1/bd/pmod_design_with_uart/ip/pmod_design_with_uart_PmodTMP3_0_0/src/PmodTMP3_axi_iic_0_0/hdl/axi_lite_ipif_v3_0_vh_rfs.vhd:1534]
INFO: [Synth 8-638] synthesizing module 'pselect_f__parameterized22' [d:/Emphasis_B/project_1/project_1.gen/sources_1/bd/pmod_design_with_uart/ip/pmod_design_with_uart_PmodTMP3_0_0/src/PmodTMP3_axi_iic_0_0/hdl/axi_lite_ipif_v3_0_vh_rfs.vhd:1534]
INFO: [Synth 8-256] done synthesizing module 'pselect_f__parameterized22' (0#1) [d:/Emphasis_B/project_1/project_1.gen/sources_1/bd/pmod_design_with_uart/ip/pmod_design_with_uart_PmodTMP3_0_0/src/PmodTMP3_axi_iic_0_0/hdl/axi_lite_ipif_v3_0_vh_rfs.vhd:1534]
INFO: [Synth 8-638] synthesizing module 'pselect_f__parameterized23' [d:/Emphasis_B/project_1/project_1.gen/sources_1/bd/pmod_design_with_uart/ip/pmod_design_with_uart_PmodTMP3_0_0/src/PmodTMP3_axi_iic_0_0/hdl/axi_lite_ipif_v3_0_vh_rfs.vhd:1534]
INFO: [Synth 8-256] done synthesizing module 'pselect_f__parameterized23' (0#1) [d:/Emphasis_B/project_1/project_1.gen/sources_1/bd/pmod_design_with_uart/ip/pmod_design_with_uart_PmodTMP3_0_0/src/PmodTMP3_axi_iic_0_0/hdl/axi_lite_ipif_v3_0_vh_rfs.vhd:1534]
INFO: [Synth 8-638] synthesizing module 'pselect_f__parameterized24' [d:/Emphasis_B/project_1/project_1.gen/sources_1/bd/pmod_design_with_uart/ip/pmod_design_with_uart_PmodTMP3_0_0/src/PmodTMP3_axi_iic_0_0/hdl/axi_lite_ipif_v3_0_vh_rfs.vhd:1534]
INFO: [Synth 8-256] done synthesizing module 'pselect_f__parameterized24' (0#1) [d:/Emphasis_B/project_1/project_1.gen/sources_1/bd/pmod_design_with_uart/ip/pmod_design_with_uart_PmodTMP3_0_0/src/PmodTMP3_axi_iic_0_0/hdl/axi_lite_ipif_v3_0_vh_rfs.vhd:1534]
INFO: [Synth 8-638] synthesizing module 'pselect_f__parameterized25' [d:/Emphasis_B/project_1/project_1.gen/sources_1/bd/pmod_design_with_uart/ip/pmod_design_with_uart_PmodTMP3_0_0/src/PmodTMP3_axi_iic_0_0/hdl/axi_lite_ipif_v3_0_vh_rfs.vhd:1534]
INFO: [Synth 8-256] done synthesizing module 'pselect_f__parameterized25' (0#1) [d:/Emphasis_B/project_1/project_1.gen/sources_1/bd/pmod_design_with_uart/ip/pmod_design_with_uart_PmodTMP3_0_0/src/PmodTMP3_axi_iic_0_0/hdl/axi_lite_ipif_v3_0_vh_rfs.vhd:1534]
INFO: [Synth 8-638] synthesizing module 'pselect_f__parameterized26' [d:/Emphasis_B/project_1/project_1.gen/sources_1/bd/pmod_design_with_uart/ip/pmod_design_with_uart_PmodTMP3_0_0/src/PmodTMP3_axi_iic_0_0/hdl/axi_lite_ipif_v3_0_vh_rfs.vhd:1534]
INFO: [Synth 8-256] done synthesizing module 'pselect_f__parameterized26' (0#1) [d:/Emphasis_B/project_1/project_1.gen/sources_1/bd/pmod_design_with_uart/ip/pmod_design_with_uart_PmodTMP3_0_0/src/PmodTMP3_axi_iic_0_0/hdl/axi_lite_ipif_v3_0_vh_rfs.vhd:1534]
INFO: [Synth 8-638] synthesizing module 'pselect_f__parameterized27' [d:/Emphasis_B/project_1/project_1.gen/sources_1/bd/pmod_design_with_uart/ip/pmod_design_with_uart_PmodTMP3_0_0/src/PmodTMP3_axi_iic_0_0/hdl/axi_lite_ipif_v3_0_vh_rfs.vhd:1534]
INFO: [Synth 8-256] done synthesizing module 'pselect_f__parameterized27' (0#1) [d:/Emphasis_B/project_1/project_1.gen/sources_1/bd/pmod_design_with_uart/ip/pmod_design_with_uart_PmodTMP3_0_0/src/PmodTMP3_axi_iic_0_0/hdl/axi_lite_ipif_v3_0_vh_rfs.vhd:1534]
INFO: [Synth 8-638] synthesizing module 'pselect_f__parameterized28' [d:/Emphasis_B/project_1/project_1.gen/sources_1/bd/pmod_design_with_uart/ip/pmod_design_with_uart_PmodTMP3_0_0/src/PmodTMP3_axi_iic_0_0/hdl/axi_lite_ipif_v3_0_vh_rfs.vhd:1534]
INFO: [Synth 8-256] done synthesizing module 'pselect_f__parameterized28' (0#1) [d:/Emphasis_B/project_1/project_1.gen/sources_1/bd/pmod_design_with_uart/ip/pmod_design_with_uart_PmodTMP3_0_0/src/PmodTMP3_axi_iic_0_0/hdl/axi_lite_ipif_v3_0_vh_rfs.vhd:1534]
INFO: [Synth 8-638] synthesizing module 'pselect_f__parameterized29' [d:/Emphasis_B/project_1/project_1.gen/sources_1/bd/pmod_design_with_uart/ip/pmod_design_with_uart_PmodTMP3_0_0/src/PmodTMP3_axi_iic_0_0/hdl/axi_lite_ipif_v3_0_vh_rfs.vhd:1534]
INFO: [Synth 8-256] done synthesizing module 'pselect_f__parameterized29' (0#1) [d:/Emphasis_B/project_1/project_1.gen/sources_1/bd/pmod_design_with_uart/ip/pmod_design_with_uart_PmodTMP3_0_0/src/PmodTMP3_axi_iic_0_0/hdl/axi_lite_ipif_v3_0_vh_rfs.vhd:1534]
INFO: [Synth 8-638] synthesizing module 'pselect_f__parameterized30' [d:/Emphasis_B/project_1/project_1.gen/sources_1/bd/pmod_design_with_uart/ip/pmod_design_with_uart_PmodTMP3_0_0/src/PmodTMP3_axi_iic_0_0/hdl/axi_lite_ipif_v3_0_vh_rfs.vhd:1534]
INFO: [Synth 8-256] done synthesizing module 'pselect_f__parameterized30' (0#1) [d:/Emphasis_B/project_1/project_1.gen/sources_1/bd/pmod_design_with_uart/ip/pmod_design_with_uart_PmodTMP3_0_0/src/PmodTMP3_axi_iic_0_0/hdl/axi_lite_ipif_v3_0_vh_rfs.vhd:1534]
INFO: [Synth 8-638] synthesizing module 'pselect_f__parameterized31' [d:/Emphasis_B/project_1/project_1.gen/sources_1/bd/pmod_design_with_uart/ip/pmod_design_with_uart_PmodTMP3_0_0/src/PmodTMP3_axi_iic_0_0/hdl/axi_lite_ipif_v3_0_vh_rfs.vhd:1534]
INFO: [Synth 8-256] done synthesizing module 'pselect_f__parameterized31' (0#1) [d:/Emphasis_B/project_1/project_1.gen/sources_1/bd/pmod_design_with_uart/ip/pmod_design_with_uart_PmodTMP3_0_0/src/PmodTMP3_axi_iic_0_0/hdl/axi_lite_ipif_v3_0_vh_rfs.vhd:1534]
INFO: [Synth 8-638] synthesizing module 'pselect_f__parameterized32' [d:/Emphasis_B/project_1/project_1.gen/sources_1/bd/pmod_design_with_uart/ip/pmod_design_with_uart_PmodTMP3_0_0/src/PmodTMP3_axi_iic_0_0/hdl/axi_lite_ipif_v3_0_vh_rfs.vhd:1534]
INFO: [Synth 8-256] done synthesizing module 'pselect_f__parameterized32' (0#1) [d:/Emphasis_B/project_1/project_1.gen/sources_1/bd/pmod_design_with_uart/ip/pmod_design_with_uart_PmodTMP3_0_0/src/PmodTMP3_axi_iic_0_0/hdl/axi_lite_ipif_v3_0_vh_rfs.vhd:1534]
INFO: [Synth 8-638] synthesizing module 'pselect_f__parameterized33' [d:/Emphasis_B/project_1/project_1.gen/sources_1/bd/pmod_design_with_uart/ip/pmod_design_with_uart_PmodTMP3_0_0/src/PmodTMP3_axi_iic_0_0/hdl/axi_lite_ipif_v3_0_vh_rfs.vhd:1534]
INFO: [Synth 8-256] done synthesizing module 'pselect_f__parameterized33' (0#1) [d:/Emphasis_B/project_1/project_1.gen/sources_1/bd/pmod_design_with_uart/ip/pmod_design_with_uart_PmodTMP3_0_0/src/PmodTMP3_axi_iic_0_0/hdl/axi_lite_ipif_v3_0_vh_rfs.vhd:1534]
INFO: [Synth 8-638] synthesizing module 'pselect_f__parameterized34' [d:/Emphasis_B/project_1/project_1.gen/sources_1/bd/pmod_design_with_uart/ip/pmod_design_with_uart_PmodTMP3_0_0/src/PmodTMP3_axi_iic_0_0/hdl/axi_lite_ipif_v3_0_vh_rfs.vhd:1534]
INFO: [Synth 8-256] done synthesizing module 'pselect_f__parameterized34' (0#1) [d:/Emphasis_B/project_1/project_1.gen/sources_1/bd/pmod_design_with_uart/ip/pmod_design_with_uart_PmodTMP3_0_0/src/PmodTMP3_axi_iic_0_0/hdl/axi_lite_ipif_v3_0_vh_rfs.vhd:1534]
INFO: [Synth 8-638] synthesizing module 'pselect_f__parameterized35' [d:/Emphasis_B/project_1/project_1.gen/sources_1/bd/pmod_design_with_uart/ip/pmod_design_with_uart_PmodTMP3_0_0/src/PmodTMP3_axi_iic_0_0/hdl/axi_lite_ipif_v3_0_vh_rfs.vhd:1534]
INFO: [Synth 8-256] done synthesizing module 'pselect_f__parameterized35' (0#1) [d:/Emphasis_B/project_1/project_1.gen/sources_1/bd/pmod_design_with_uart/ip/pmod_design_with_uart_PmodTMP3_0_0/src/PmodTMP3_axi_iic_0_0/hdl/axi_lite_ipif_v3_0_vh_rfs.vhd:1534]
INFO: [Synth 8-256] done synthesizing module 'address_decoder' (0#1) [d:/Emphasis_B/project_1/project_1.gen/sources_1/bd/pmod_design_with_uart/ip/pmod_design_with_uart_PmodTMP3_0_0/src/PmodTMP3_axi_iic_0_0/hdl/axi_lite_ipif_v3_0_vh_rfs.vhd:1775]
INFO: [Synth 8-226] default block is never used [d:/Emphasis_B/project_1/project_1.gen/sources_1/bd/pmod_design_with_uart/ip/pmod_design_with_uart_PmodTMP3_0_0/src/PmodTMP3_axi_iic_0_0/hdl/axi_lite_ipif_v3_0_vh_rfs.vhd:2550]
INFO: [Synth 8-256] done synthesizing module 'slave_attachment' (0#1) [d:/Emphasis_B/project_1/project_1.gen/sources_1/bd/pmod_design_with_uart/ip/pmod_design_with_uart_PmodTMP3_0_0/src/PmodTMP3_axi_iic_0_0/hdl/axi_lite_ipif_v3_0_vh_rfs.vhd:2341]
INFO: [Synth 8-256] done synthesizing module 'axi_lite_ipif' (0#1) [d:/Emphasis_B/project_1/project_1.gen/sources_1/bd/pmod_design_with_uart/ip/pmod_design_with_uart_PmodTMP3_0_0/src/PmodTMP3_axi_iic_0_0/hdl/axi_lite_ipif_v3_0_vh_rfs.vhd:2948]
INFO: [Synth 8-638] synthesizing module 'interrupt_control' [d:/Emphasis_B/project_1/project_1.gen/sources_1/bd/pmod_design_with_uart/ip/pmod_design_with_uart_PmodTMP3_0_0/src/PmodTMP3_axi_iic_0_0/hdl/interrupt_control_v3_1_vh_rfs.vhd:259]
INFO: [Synth 8-256] done synthesizing module 'interrupt_control' (0#1) [d:/Emphasis_B/project_1/project_1.gen/sources_1/bd/pmod_design_with_uart/ip/pmod_design_with_uart_PmodTMP3_0_0/src/PmodTMP3_axi_iic_0_0/hdl/interrupt_control_v3_1_vh_rfs.vhd:259]
INFO: [Synth 8-638] synthesizing module 'soft_reset' [d:/Emphasis_B/project_1/project_1.gen/sources_1/bd/pmod_design_with_uart/ip/pmod_design_with_uart_PmodTMP3_0_0/src/PmodTMP3_axi_iic_0_0/hdl/axi_iic_v2_1_vh_rfs.vhd:141]
INFO: [Synth 8-113] binding component instance 'RST_FLOPS' to cell 'FDRSE' [d:/Emphasis_B/project_1/project_1.gen/sources_1/bd/pmod_design_with_uart/ip/pmod_design_with_uart_PmodTMP3_0_0/src/PmodTMP3_axi_iic_0_0/hdl/axi_iic_v2_1_vh_rfs.vhd:272]
INFO: [Synth 8-113] binding component instance 'RST_FLOPS' to cell 'FDRSE' [d:/Emphasis_B/project_1/project_1.gen/sources_1/bd/pmod_design_with_uart/ip/pmod_design_with_uart_PmodTMP3_0_0/src/PmodTMP3_axi_iic_0_0/hdl/axi_iic_v2_1_vh_rfs.vhd:272]
INFO: [Synth 8-113] binding component instance 'RST_FLOPS' to cell 'FDRSE' [d:/Emphasis_B/project_1/project_1.gen/sources_1/bd/pmod_design_with_uart/ip/pmod_design_with_uart_PmodTMP3_0_0/src/PmodTMP3_axi_iic_0_0/hdl/axi_iic_v2_1_vh_rfs.vhd:272]
INFO: [Synth 8-113] binding component instance 'RST_FLOPS' to cell 'FDRSE' [d:/Emphasis_B/project_1/project_1.gen/sources_1/bd/pmod_design_with_uart/ip/pmod_design_with_uart_PmodTMP3_0_0/src/PmodTMP3_axi_iic_0_0/hdl/axi_iic_v2_1_vh_rfs.vhd:272]
INFO: [Synth 8-113] binding component instance 'FF_WRACK' to cell 'FDRSE' [d:/Emphasis_B/project_1/project_1.gen/sources_1/bd/pmod_design_with_uart/ip/pmod_design_with_uart_PmodTMP3_0_0/src/PmodTMP3_axi_iic_0_0/hdl/axi_iic_v2_1_vh_rfs.vhd:295]
INFO: [Synth 8-256] done synthesizing module 'soft_reset' (0#1) [d:/Emphasis_B/project_1/project_1.gen/sources_1/bd/pmod_design_with_uart/ip/pmod_design_with_uart_PmodTMP3_0_0/src/PmodTMP3_axi_iic_0_0/hdl/axi_iic_v2_1_vh_rfs.vhd:141]
INFO: [Synth 8-256] done synthesizing module 'axi_ipif_ssp1' (0#1) [d:/Emphasis_B/project_1/project_1.gen/sources_1/bd/pmod_design_with_uart/ip/pmod_design_with_uart_PmodTMP3_0_0/src/PmodTMP3_axi_iic_0_0/hdl/axi_iic_v2_1_vh_rfs.vhd:5677]
INFO: [Synth 8-638] synthesizing module 'reg_interface' [d:/Emphasis_B/project_1/project_1.gen/sources_1/bd/pmod_design_with_uart/ip/pmod_design_with_uart_PmodTMP3_0_0/src/PmodTMP3_axi_iic_0_0/hdl/axi_iic_v2_1_vh_rfs.vhd:1685]
INFO: [Synth 8-256] done synthesizing module 'reg_interface' (0#1) [d:/Emphasis_B/project_1/project_1.gen/sources_1/bd/pmod_design_with_uart/ip/pmod_design_with_uart_PmodTMP3_0_0/src/PmodTMP3_axi_iic_0_0/hdl/axi_iic_v2_1_vh_rfs.vhd:1685]
INFO: [Synth 8-638] synthesizing module 'filter' [d:/Emphasis_B/project_1/project_1.gen/sources_1/bd/pmod_design_with_uart/ip/pmod_design_with_uart_PmodTMP3_0_0/src/PmodTMP3_axi_iic_0_0/hdl/axi_iic_v2_1_vh_rfs.vhd:5001]
INFO: [Synth 8-638] synthesizing module 'debounce' [d:/Emphasis_B/project_1/project_1.gen/sources_1/bd/pmod_design_with_uart/ip/pmod_design_with_uart_PmodTMP3_0_0/src/PmodTMP3_axi_iic_0_0/hdl/axi_iic_v2_1_vh_rfs.vhd:1315]
INFO: [Synth 8-638] synthesizing module 'cdc_sync' [d:/Emphasis_B/project_1/project_1.gen/sources_1/bd/pmod_design_with_uart/ip/pmod_design_with_uart_PmodTMP3_0_0/src/PmodTMP3_axi_iic_0_0/hdl/lib_cdc_v1_0_rfs.vhd:106]
	Parameter INIT bound to: 1'b0 
INFO: [Synth 8-113] binding component instance 'CROSS_PLEVEL_IN2SCNDRY_IN_cdc_to' to cell 'FDR' [d:/Emphasis_B/project_1/project_1.gen/sources_1/bd/pmod_design_with_uart/ip/pmod_design_with_uart_PmodTMP3_0_0/src/PmodTMP3_axi_iic_0_0/hdl/lib_cdc_v1_0_rfs.vhd:514]
	Parameter INIT bound to: 1'b0 
INFO: [Synth 8-113] binding component instance 'CROSS_PLEVEL_IN2SCNDRY_s_level_out_d2' to cell 'FDR' [d:/Emphasis_B/project_1/project_1.gen/sources_1/bd/pmod_design_with_uart/ip/pmod_design_with_uart_PmodTMP3_0_0/src/PmodTMP3_axi_iic_0_0/hdl/lib_cdc_v1_0_rfs.vhd:545]
	Parameter INIT bound to: 1'b0 
INFO: [Synth 8-113] binding component instance 'CROSS_PLEVEL_IN2SCNDRY_s_level_out_d3' to cell 'FDR' [d:/Emphasis_B/project_1/project_1.gen/sources_1/bd/pmod_design_with_uart/ip/pmod_design_with_uart_PmodTMP3_0_0/src/PmodTMP3_axi_iic_0_0/hdl/lib_cdc_v1_0_rfs.vhd:554]
	Parameter INIT bound to: 1'b0 
INFO: [Synth 8-113] binding component instance 'CROSS_PLEVEL_IN2SCNDRY_s_level_out_d4' to cell 'FDR' [d:/Emphasis_B/project_1/project_1.gen/sources_1/bd/pmod_design_with_uart/ip/pmod_design_with_uart_PmodTMP3_0_0/src/PmodTMP3_axi_iic_0_0/hdl/lib_cdc_v1_0_rfs.vhd:564]
	Parameter INIT bound to: 1'b0 
INFO: [Synth 8-113] binding component instance 'CROSS_PLEVEL_IN2SCNDRY_s_level_out_d5' to cell 'FDR' [d:/Emphasis_B/project_1/project_1.gen/sources_1/bd/pmod_design_with_uart/ip/pmod_design_with_uart_PmodTMP3_0_0/src/PmodTMP3_axi_iic_0_0/hdl/lib_cdc_v1_0_rfs.vhd:574]
	Parameter INIT bound to: 1'b0 
INFO: [Synth 8-113] binding component instance 'CROSS_PLEVEL_IN2SCNDRY_s_level_out_d6' to cell 'FDR' [d:/Emphasis_B/project_1/project_1.gen/sources_1/bd/pmod_design_with_uart/ip/pmod_design_with_uart_PmodTMP3_0_0/src/PmodTMP3_axi_iic_0_0/hdl/lib_cdc_v1_0_rfs.vhd:584]
INFO: [Synth 8-256] done synthesizing module 'cdc_sync' (0#1) [d:/Emphasis_B/project_1/project_1.gen/sources_1/bd/pmod_design_with_uart/ip/pmod_design_with_uart_PmodTMP3_0_0/src/PmodTMP3_axi_iic_0_0/hdl/lib_cdc_v1_0_rfs.vhd:106]
INFO: [Synth 8-256] done synthesizing module 'debounce' (0#1) [d:/Emphasis_B/project_1/project_1.gen/sources_1/bd/pmod_design_with_uart/ip/pmod_design_with_uart_PmodTMP3_0_0/src/PmodTMP3_axi_iic_0_0/hdl/axi_iic_v2_1_vh_rfs.vhd:1315]
INFO: [Synth 8-256] done synthesizing module 'filter' (0#1) [d:/Emphasis_B/project_1/project_1.gen/sources_1/bd/pmod_design_with_uart/ip/pmod_design_with_uart_PmodTMP3_0_0/src/PmodTMP3_axi_iic_0_0/hdl/axi_iic_v2_1_vh_rfs.vhd:5001]
INFO: [Synth 8-638] synthesizing module 'iic_control' [d:/Emphasis_B/project_1/project_1.gen/sources_1/bd/pmod_design_with_uart/ip/pmod_design_with_uart_PmodTMP3_0_0/src/PmodTMP3_axi_iic_0_0/hdl/axi_iic_v2_1_vh_rfs.vhd:2919]
INFO: [Synth 8-638] synthesizing module 'upcnt_n' [d:/Emphasis_B/project_1/project_1.gen/sources_1/bd/pmod_design_with_uart/ip/pmod_design_with_uart_PmodTMP3_0_0/src/PmodTMP3_axi_iic_0_0/hdl/axi_iic_v2_1_vh_rfs.vhd:740]
INFO: [Synth 8-256] done synthesizing module 'upcnt_n' (0#1) [d:/Emphasis_B/project_1/project_1.gen/sources_1/bd/pmod_design_with_uart/ip/pmod_design_with_uart_PmodTMP3_0_0/src/PmodTMP3_axi_iic_0_0/hdl/axi_iic_v2_1_vh_rfs.vhd:740]
INFO: [Synth 8-638] synthesizing module 'shift8' [d:/Emphasis_B/project_1/project_1.gen/sources_1/bd/pmod_design_with_uart/ip/pmod_design_with_uart_PmodTMP3_0_0/src/PmodTMP3_axi_iic_0_0/hdl/axi_iic_v2_1_vh_rfs.vhd:897]
INFO: [Synth 8-256] done synthesizing module 'shift8' (0#1) [d:/Emphasis_B/project_1/project_1.gen/sources_1/bd/pmod_design_with_uart/ip/pmod_design_with_uart_PmodTMP3_0_0/src/PmodTMP3_axi_iic_0_0/hdl/axi_iic_v2_1_vh_rfs.vhd:897]
INFO: [Synth 8-638] synthesizing module 'upcnt_n__parameterized0' [d:/Emphasis_B/project_1/project_1.gen/sources_1/bd/pmod_design_with_uart/ip/pmod_design_with_uart_PmodTMP3_0_0/src/PmodTMP3_axi_iic_0_0/hdl/axi_iic_v2_1_vh_rfs.vhd:740]
INFO: [Synth 8-256] done synthesizing module 'upcnt_n__parameterized0' (0#1) [d:/Emphasis_B/project_1/project_1.gen/sources_1/bd/pmod_design_with_uart/ip/pmod_design_with_uart_PmodTMP3_0_0/src/PmodTMP3_axi_iic_0_0/hdl/axi_iic_v2_1_vh_rfs.vhd:740]
INFO: [Synth 8-256] done synthesizing module 'iic_control' (0#1) [d:/Emphasis_B/project_1/project_1.gen/sources_1/bd/pmod_design_with_uart/ip/pmod_design_with_uart_PmodTMP3_0_0/src/PmodTMP3_axi_iic_0_0/hdl/axi_iic_v2_1_vh_rfs.vhd:2919]
INFO: [Synth 8-638] synthesizing module 'SRL_FIFO' [d:/Emphasis_B/project_1/project_1.gen/sources_1/bd/pmod_design_with_uart/ip/pmod_design_with_uart_PmodTMP3_0_0/src/PmodTMP3_axi_iic_0_0/hdl/axi_iic_v2_1_vh_rfs.vhd:449]
INFO: [Synth 8-3491] module 'FDR' declared at 'C:/Xilinx/Vivado/2023.1/scripts/rt/data/unisim_comp.v:39135' bound to instance 'Data_Exists_DFF' of component 'FDR' [d:/Emphasis_B/project_1/project_1.gen/sources_1/bd/pmod_design_with_uart/ip/pmod_design_with_uart_PmodTMP3_0_0/src/PmodTMP3_axi_iic_0_0/hdl/axi_iic_v2_1_vh_rfs.vhd:543]
INFO: [Synth 8-6157] synthesizing module 'FDR' [C:/Xilinx/Vivado/2023.1/scripts/rt/data/unisim_comp.v:39135]
INFO: [Synth 8-6155] done synthesizing module 'FDR' (0#1) [C:/Xilinx/Vivado/2023.1/scripts/rt/data/unisim_comp.v:39135]
INFO: [Synth 8-3491] module 'MUXCY_L' declared at 'C:/Xilinx/Vivado/2023.1/scripts/rt/data/unisim_comp.v:83289' bound to instance 'MUXCY_L_I' of component 'MUXCY_L' [d:/Emphasis_B/project_1/project_1.gen/sources_1/bd/pmod_design_with_uart/ip/pmod_design_with_uart_PmodTMP3_0_0/src/PmodTMP3_axi_iic_0_0/hdl/axi_iic_v2_1_vh_rfs.vhd:560]
INFO: [Synth 8-6157] synthesizing module 'MUXCY_L' [C:/Xilinx/Vivado/2023.1/scripts/rt/data/unisim_comp.v:83289]
INFO: [Synth 8-6155] done synthesizing module 'MUXCY_L' (0#1) [C:/Xilinx/Vivado/2023.1/scripts/rt/data/unisim_comp.v:83289]
INFO: [Synth 8-3491] module 'XORCY' declared at 'C:/Xilinx/Vivado/2023.1/scripts/rt/data/unisim_comp.v:137175' bound to instance 'XORCY_I' of component 'XORCY' [d:/Emphasis_B/project_1/project_1.gen/sources_1/bd/pmod_design_with_uart/ip/pmod_design_with_uart_PmodTMP3_0_0/src/PmodTMP3_axi_iic_0_0/hdl/axi_iic_v2_1_vh_rfs.vhd:567]
INFO: [Synth 8-6157] synthesizing module 'XORCY' [C:/Xilinx/Vivado/2023.1/scripts/rt/data/unisim_comp.v:137175]
INFO: [Synth 8-6155] done synthesizing module 'XORCY' (0#1) [C:/Xilinx/Vivado/2023.1/scripts/rt/data/unisim_comp.v:137175]
INFO: [Synth 8-3491] module 'FDRE' declared at 'C:/Xilinx/Vivado/2023.1/scripts/rt/data/unisim_comp.v:39148' bound to instance 'FDRE_I' of component 'FDRE' [d:/Emphasis_B/project_1/project_1.gen/sources_1/bd/pmod_design_with_uart/ip/pmod_design_with_uart_PmodTMP3_0_0/src/PmodTMP3_axi_iic_0_0/hdl/axi_iic_v2_1_vh_rfs.vhd:573]
INFO: [Synth 8-6157] synthesizing module 'FDRE' [C:/Xilinx/Vivado/2023.1/scripts/rt/data/unisim_comp.v:39148]
INFO: [Synth 8-6155] done synthesizing module 'FDRE' (0#1) [C:/Xilinx/Vivado/2023.1/scripts/rt/data/unisim_comp.v:39148]
INFO: [Synth 8-3491] module 'MUXCY_L' declared at 'C:/Xilinx/Vivado/2023.1/scripts/rt/data/unisim_comp.v:83289' bound to instance 'MUXCY_L_I' of component 'MUXCY_L' [d:/Emphasis_B/project_1/project_1.gen/sources_1/bd/pmod_design_with_uart/ip/pmod_design_with_uart_PmodTMP3_0_0/src/PmodTMP3_axi_iic_0_0/hdl/axi_iic_v2_1_vh_rfs.vhd:560]
INFO: [Synth 8-3491] module 'XORCY' declared at 'C:/Xilinx/Vivado/2023.1/scripts/rt/data/unisim_comp.v:137175' bound to instance 'XORCY_I' of component 'XORCY' [d:/Emphasis_B/project_1/project_1.gen/sources_1/bd/pmod_design_with_uart/ip/pmod_design_with_uart_PmodTMP3_0_0/src/PmodTMP3_axi_iic_0_0/hdl/axi_iic_v2_1_vh_rfs.vhd:567]
INFO: [Synth 8-3491] module 'FDRE' declared at 'C:/Xilinx/Vivado/2023.1/scripts/rt/data/unisim_comp.v:39148' bound to instance 'FDRE_I' of component 'FDRE' [d:/Emphasis_B/project_1/project_1.gen/sources_1/bd/pmod_design_with_uart/ip/pmod_design_with_uart_PmodTMP3_0_0/src/PmodTMP3_axi_iic_0_0/hdl/axi_iic_v2_1_vh_rfs.vhd:573]
INFO: [Synth 8-3491] module 'MUXCY_L' declared at 'C:/Xilinx/Vivado/2023.1/scripts/rt/data/unisim_comp.v:83289' bound to instance 'MUXCY_L_I' of component 'MUXCY_L' [d:/Emphasis_B/project_1/project_1.gen/sources_1/bd/pmod_design_with_uart/ip/pmod_design_with_uart_PmodTMP3_0_0/src/PmodTMP3_axi_iic_0_0/hdl/axi_iic_v2_1_vh_rfs.vhd:560]
INFO: [Synth 8-3491] module 'XORCY' declared at 'C:/Xilinx/Vivado/2023.1/scripts/rt/data/unisim_comp.v:137175' bound to instance 'XORCY_I' of component 'XORCY' [d:/Emphasis_B/project_1/project_1.gen/sources_1/bd/pmod_design_with_uart/ip/pmod_design_with_uart_PmodTMP3_0_0/src/PmodTMP3_axi_iic_0_0/hdl/axi_iic_v2_1_vh_rfs.vhd:567]
INFO: [Synth 8-3491] module 'FDRE' declared at 'C:/Xilinx/Vivado/2023.1/scripts/rt/data/unisim_comp.v:39148' bound to instance 'FDRE_I' of component 'FDRE' [d:/Emphasis_B/project_1/project_1.gen/sources_1/bd/pmod_design_with_uart/ip/pmod_design_with_uart_PmodTMP3_0_0/src/PmodTMP3_axi_iic_0_0/hdl/axi_iic_v2_1_vh_rfs.vhd:573]
INFO: [Synth 8-3491] module 'MUXCY_L' declared at 'C:/Xilinx/Vivado/2023.1/scripts/rt/data/unisim_comp.v:83289' bound to instance 'MUXCY_L_I' of component 'MUXCY_L' [d:/Emphasis_B/project_1/project_1.gen/sources_1/bd/pmod_design_with_uart/ip/pmod_design_with_uart_PmodTMP3_0_0/src/PmodTMP3_axi_iic_0_0/hdl/axi_iic_v2_1_vh_rfs.vhd:560]
INFO: [Synth 8-3491] module 'XORCY' declared at 'C:/Xilinx/Vivado/2023.1/scripts/rt/data/unisim_comp.v:137175' bound to instance 'XORCY_I' of component 'XORCY' [d:/Emphasis_B/project_1/project_1.gen/sources_1/bd/pmod_design_with_uart/ip/pmod_design_with_uart_PmodTMP3_0_0/src/PmodTMP3_axi_iic_0_0/hdl/axi_iic_v2_1_vh_rfs.vhd:567]
INFO: [Synth 8-3491] module 'FDRE' declared at 'C:/Xilinx/Vivado/2023.1/scripts/rt/data/unisim_comp.v:39148' bound to instance 'FDRE_I' of component 'FDRE' [d:/Emphasis_B/project_1/project_1.gen/sources_1/bd/pmod_design_with_uart/ip/pmod_design_with_uart_PmodTMP3_0_0/src/PmodTMP3_axi_iic_0_0/hdl/axi_iic_v2_1_vh_rfs.vhd:573]
INFO: [Synth 8-3491] module 'SRL16E' declared at 'C:/Xilinx/Vivado/2023.1/scripts/rt/data/unisim_comp.v:132173' bound to instance 'SRL16E_I' of component 'SRL16E' [d:/Emphasis_B/project_1/project_1.gen/sources_1/bd/pmod_design_with_uart/ip/pmod_design_with_uart_PmodTMP3_0_0/src/PmodTMP3_axi_iic_0_0/hdl/axi_iic_v2_1_vh_rfs.vhd:584]
INFO: [Synth 8-6157] synthesizing module 'SRL16E' [C:/Xilinx/Vivado/2023.1/scripts/rt/data/unisim_comp.v:132173]
INFO: [Synth 8-6155] done synthesizing module 'SRL16E' (0#1) [C:/Xilinx/Vivado/2023.1/scripts/rt/data/unisim_comp.v:132173]
INFO: [Synth 8-3491] module 'SRL16E' declared at 'C:/Xilinx/Vivado/2023.1/scripts/rt/data/unisim_comp.v:132173' bound to instance 'SRL16E_I' of component 'SRL16E' [d:/Emphasis_B/project_1/project_1.gen/sources_1/bd/pmod_design_with_uart/ip/pmod_design_with_uart_PmodTMP3_0_0/src/PmodTMP3_axi_iic_0_0/hdl/axi_iic_v2_1_vh_rfs.vhd:584]
INFO: [Synth 8-3491] module 'SRL16E' declared at 'C:/Xilinx/Vivado/2023.1/scripts/rt/data/unisim_comp.v:132173' bound to instance 'SRL16E_I' of component 'SRL16E' [d:/Emphasis_B/project_1/project_1.gen/sources_1/bd/pmod_design_with_uart/ip/pmod_design_with_uart_PmodTMP3_0_0/src/PmodTMP3_axi_iic_0_0/hdl/axi_iic_v2_1_vh_rfs.vhd:584]
INFO: [Synth 8-3491] module 'SRL16E' declared at 'C:/Xilinx/Vivado/2023.1/scripts/rt/data/unisim_comp.v:132173' bound to instance 'SRL16E_I' of component 'SRL16E' [d:/Emphasis_B/project_1/project_1.gen/sources_1/bd/pmod_design_with_uart/ip/pmod_design_with_uart_PmodTMP3_0_0/src/PmodTMP3_axi_iic_0_0/hdl/axi_iic_v2_1_vh_rfs.vhd:584]
INFO: [Synth 8-3491] module 'SRL16E' declared at 'C:/Xilinx/Vivado/2023.1/scripts/rt/data/unisim_comp.v:132173' bound to instance 'SRL16E_I' of component 'SRL16E' [d:/Emphasis_B/project_1/project_1.gen/sources_1/bd/pmod_design_with_uart/ip/pmod_design_with_uart_PmodTMP3_0_0/src/PmodTMP3_axi_iic_0_0/hdl/axi_iic_v2_1_vh_rfs.vhd:584]
INFO: [Synth 8-3491] module 'SRL16E' declared at 'C:/Xilinx/Vivado/2023.1/scripts/rt/data/unisim_comp.v:132173' bound to instance 'SRL16E_I' of component 'SRL16E' [d:/Emphasis_B/project_1/project_1.gen/sources_1/bd/pmod_design_with_uart/ip/pmod_design_with_uart_PmodTMP3_0_0/src/PmodTMP3_axi_iic_0_0/hdl/axi_iic_v2_1_vh_rfs.vhd:584]
INFO: [Synth 8-3491] module 'SRL16E' declared at 'C:/Xilinx/Vivado/2023.1/scripts/rt/data/unisim_comp.v:132173' bound to instance 'SRL16E_I' of component 'SRL16E' [d:/Emphasis_B/project_1/project_1.gen/sources_1/bd/pmod_design_with_uart/ip/pmod_design_with_uart_PmodTMP3_0_0/src/PmodTMP3_axi_iic_0_0/hdl/axi_iic_v2_1_vh_rfs.vhd:584]
INFO: [Synth 8-3491] module 'SRL16E' declared at 'C:/Xilinx/Vivado/2023.1/scripts/rt/data/unisim_comp.v:132173' bound to instance 'SRL16E_I' of component 'SRL16E' [d:/Emphasis_B/project_1/project_1.gen/sources_1/bd/pmod_design_with_uart/ip/pmod_design_with_uart_PmodTMP3_0_0/src/PmodTMP3_axi_iic_0_0/hdl/axi_iic_v2_1_vh_rfs.vhd:584]
INFO: [Synth 8-256] done synthesizing module 'SRL_FIFO' (0#1) [d:/Emphasis_B/project_1/project_1.gen/sources_1/bd/pmod_design_with_uart/ip/pmod_design_with_uart_PmodTMP3_0_0/src/PmodTMP3_axi_iic_0_0/hdl/axi_iic_v2_1_vh_rfs.vhd:449]
INFO: [Synth 8-638] synthesizing module 'dynamic_master' [d:/Emphasis_B/project_1/project_1.gen/sources_1/bd/pmod_design_with_uart/ip/pmod_design_with_uart_PmodTMP3_0_0/src/PmodTMP3_axi_iic_0_0/hdl/axi_iic_v2_1_vh_rfs.vhd:5220]
INFO: [Synth 8-256] done synthesizing module 'dynamic_master' (0#1) [d:/Emphasis_B/project_1/project_1.gen/sources_1/bd/pmod_design_with_uart/ip/pmod_design_with_uart_PmodTMP3_0_0/src/PmodTMP3_axi_iic_0_0/hdl/axi_iic_v2_1_vh_rfs.vhd:5220]
INFO: [Synth 8-638] synthesizing module 'SRL_FIFO__parameterized0' [d:/Emphasis_B/project_1/project_1.gen/sources_1/bd/pmod_design_with_uart/ip/pmod_design_with_uart_PmodTMP3_0_0/src/PmodTMP3_axi_iic_0_0/hdl/axi_iic_v2_1_vh_rfs.vhd:449]
INFO: [Synth 8-3491] module 'FDR' declared at 'C:/Xilinx/Vivado/2023.1/scripts/rt/data/unisim_comp.v:39135' bound to instance 'Data_Exists_DFF' of component 'FDR' [d:/Emphasis_B/project_1/project_1.gen/sources_1/bd/pmod_design_with_uart/ip/pmod_design_with_uart_PmodTMP3_0_0/src/PmodTMP3_axi_iic_0_0/hdl/axi_iic_v2_1_vh_rfs.vhd:543]
INFO: [Synth 8-3491] module 'MUXCY_L' declared at 'C:/Xilinx/Vivado/2023.1/scripts/rt/data/unisim_comp.v:83289' bound to instance 'MUXCY_L_I' of component 'MUXCY_L' [d:/Emphasis_B/project_1/project_1.gen/sources_1/bd/pmod_design_with_uart/ip/pmod_design_with_uart_PmodTMP3_0_0/src/PmodTMP3_axi_iic_0_0/hdl/axi_iic_v2_1_vh_rfs.vhd:560]
INFO: [Synth 8-3491] module 'XORCY' declared at 'C:/Xilinx/Vivado/2023.1/scripts/rt/data/unisim_comp.v:137175' bound to instance 'XORCY_I' of component 'XORCY' [d:/Emphasis_B/project_1/project_1.gen/sources_1/bd/pmod_design_with_uart/ip/pmod_design_with_uart_PmodTMP3_0_0/src/PmodTMP3_axi_iic_0_0/hdl/axi_iic_v2_1_vh_rfs.vhd:567]
INFO: [Synth 8-3491] module 'FDRE' declared at 'C:/Xilinx/Vivado/2023.1/scripts/rt/data/unisim_comp.v:39148' bound to instance 'FDRE_I' of component 'FDRE' [d:/Emphasis_B/project_1/project_1.gen/sources_1/bd/pmod_design_with_uart/ip/pmod_design_with_uart_PmodTMP3_0_0/src/PmodTMP3_axi_iic_0_0/hdl/axi_iic_v2_1_vh_rfs.vhd:573]
INFO: [Synth 8-3491] module 'MUXCY_L' declared at 'C:/Xilinx/Vivado/2023.1/scripts/rt/data/unisim_comp.v:83289' bound to instance 'MUXCY_L_I' of component 'MUXCY_L' [d:/Emphasis_B/project_1/project_1.gen/sources_1/bd/pmod_design_with_uart/ip/pmod_design_with_uart_PmodTMP3_0_0/src/PmodTMP3_axi_iic_0_0/hdl/axi_iic_v2_1_vh_rfs.vhd:560]
INFO: [Synth 8-3491] module 'XORCY' declared at 'C:/Xilinx/Vivado/2023.1/scripts/rt/data/unisim_comp.v:137175' bound to instance 'XORCY_I' of component 'XORCY' [d:/Emphasis_B/project_1/project_1.gen/sources_1/bd/pmod_design_with_uart/ip/pmod_design_with_uart_PmodTMP3_0_0/src/PmodTMP3_axi_iic_0_0/hdl/axi_iic_v2_1_vh_rfs.vhd:567]
INFO: [Synth 8-3491] module 'FDRE' declared at 'C:/Xilinx/Vivado/2023.1/scripts/rt/data/unisim_comp.v:39148' bound to instance 'FDRE_I' of component 'FDRE' [d:/Emphasis_B/project_1/project_1.gen/sources_1/bd/pmod_design_with_uart/ip/pmod_design_with_uart_PmodTMP3_0_0/src/PmodTMP3_axi_iic_0_0/hdl/axi_iic_v2_1_vh_rfs.vhd:573]
INFO: [Synth 8-3491] module 'MUXCY_L' declared at 'C:/Xilinx/Vivado/2023.1/scripts/rt/data/unisim_comp.v:83289' bound to instance 'MUXCY_L_I' of component 'MUXCY_L' [d:/Emphasis_B/project_1/project_1.gen/sources_1/bd/pmod_design_with_uart/ip/pmod_design_with_uart_PmodTMP3_0_0/src/PmodTMP3_axi_iic_0_0/hdl/axi_iic_v2_1_vh_rfs.vhd:560]
INFO: [Synth 8-3491] module 'XORCY' declared at 'C:/Xilinx/Vivado/2023.1/scripts/rt/data/unisim_comp.v:137175' bound to instance 'XORCY_I' of component 'XORCY' [d:/Emphasis_B/project_1/project_1.gen/sources_1/bd/pmod_design_with_uart/ip/pmod_design_with_uart_PmodTMP3_0_0/src/PmodTMP3_axi_iic_0_0/hdl/axi_iic_v2_1_vh_rfs.vhd:567]
INFO: [Synth 8-3491] module 'FDRE' declared at 'C:/Xilinx/Vivado/2023.1/scripts/rt/data/unisim_comp.v:39148' bound to instance 'FDRE_I' of component 'FDRE' [d:/Emphasis_B/project_1/project_1.gen/sources_1/bd/pmod_design_with_uart/ip/pmod_design_with_uart_PmodTMP3_0_0/src/PmodTMP3_axi_iic_0_0/hdl/axi_iic_v2_1_vh_rfs.vhd:573]
INFO: [Synth 8-3491] module 'MUXCY_L' declared at 'C:/Xilinx/Vivado/2023.1/scripts/rt/data/unisim_comp.v:83289' bound to instance 'MUXCY_L_I' of component 'MUXCY_L' [d:/Emphasis_B/project_1/project_1.gen/sources_1/bd/pmod_design_with_uart/ip/pmod_design_with_uart_PmodTMP3_0_0/src/PmodTMP3_axi_iic_0_0/hdl/axi_iic_v2_1_vh_rfs.vhd:560]
INFO: [Synth 8-3491] module 'XORCY' declared at 'C:/Xilinx/Vivado/2023.1/scripts/rt/data/unisim_comp.v:137175' bound to instance 'XORCY_I' of component 'XORCY' [d:/Emphasis_B/project_1/project_1.gen/sources_1/bd/pmod_design_with_uart/ip/pmod_design_with_uart_PmodTMP3_0_0/src/PmodTMP3_axi_iic_0_0/hdl/axi_iic_v2_1_vh_rfs.vhd:567]
INFO: [Synth 8-3491] module 'FDRE' declared at 'C:/Xilinx/Vivado/2023.1/scripts/rt/data/unisim_comp.v:39148' bound to instance 'FDRE_I' of component 'FDRE' [d:/Emphasis_B/project_1/project_1.gen/sources_1/bd/pmod_design_with_uart/ip/pmod_design_with_uart_PmodTMP3_0_0/src/PmodTMP3_axi_iic_0_0/hdl/axi_iic_v2_1_vh_rfs.vhd:573]
INFO: [Synth 8-3491] module 'SRL16E' declared at 'C:/Xilinx/Vivado/2023.1/scripts/rt/data/unisim_comp.v:132173' bound to instance 'SRL16E_I' of component 'SRL16E' [d:/Emphasis_B/project_1/project_1.gen/sources_1/bd/pmod_design_with_uart/ip/pmod_design_with_uart_PmodTMP3_0_0/src/PmodTMP3_axi_iic_0_0/hdl/axi_iic_v2_1_vh_rfs.vhd:584]
INFO: [Synth 8-3491] module 'SRL16E' declared at 'C:/Xilinx/Vivado/2023.1/scripts/rt/data/unisim_comp.v:132173' bound to instance 'SRL16E_I' of component 'SRL16E' [d:/Emphasis_B/project_1/project_1.gen/sources_1/bd/pmod_design_with_uart/ip/pmod_design_with_uart_PmodTMP3_0_0/src/PmodTMP3_axi_iic_0_0/hdl/axi_iic_v2_1_vh_rfs.vhd:584]
INFO: [Synth 8-256] done synthesizing module 'SRL_FIFO__parameterized0' (0#1) [d:/Emphasis_B/project_1/project_1.gen/sources_1/bd/pmod_design_with_uart/ip/pmod_design_with_uart_PmodTMP3_0_0/src/PmodTMP3_axi_iic_0_0/hdl/axi_iic_v2_1_vh_rfs.vhd:449]
INFO: [Synth 8-256] done synthesizing module 'iic' (0#1) [d:/Emphasis_B/project_1/project_1.gen/sources_1/bd/pmod_design_with_uart/ip/pmod_design_with_uart_PmodTMP3_0_0/src/PmodTMP3_axi_iic_0_0/hdl/axi_iic_v2_1_vh_rfs.vhd:6210]
INFO: [Synth 8-256] done synthesizing module 'axi_iic' (0#1) [d:/Emphasis_B/project_1/project_1.gen/sources_1/bd/pmod_design_with_uart/ip/pmod_design_with_uart_PmodTMP3_0_0/src/PmodTMP3_axi_iic_0_0/hdl/axi_iic_v2_1_vh_rfs.vhd:6906]
INFO: [Synth 8-256] done synthesizing module 'PmodTMP3_axi_iic_0_0' (0#1) [d:/Emphasis_B/project_1/project_1.gen/sources_1/bd/pmod_design_with_uart/ip/pmod_design_with_uart_PmodTMP3_0_0/src/PmodTMP3_axi_iic_0_0/synth/PmodTMP3_axi_iic_0_0.vhd:91]
INFO: [Synth 8-6157] synthesizing module 'PmodTMP3_pmod_bridge_0_0' [d:/Emphasis_B/project_1/project_1.gen/sources_1/bd/pmod_design_with_uart/ip/pmod_design_with_uart_PmodTMP3_0_0/src/PmodTMP3_pmod_bridge_0_0/synth/PmodTMP3_pmod_bridge_0_0.v:53]
INFO: [Synth 8-6157] synthesizing module 'pmod_concat' [d:/Emphasis_B/project_1/project_1.gen/sources_1/bd/pmod_design_with_uart/ip/pmod_design_with_uart_PmodTMP3_0_0/src/PmodTMP3_pmod_bridge_0_0/src/pmod_concat.v:12]
INFO: [Synth 8-6155] done synthesizing module 'pmod_concat' (0#1) [d:/Emphasis_B/project_1/project_1.gen/sources_1/bd/pmod_design_with_uart/ip/pmod_design_with_uart_PmodTMP3_0_0/src/PmodTMP3_pmod_bridge_0_0/src/pmod_concat.v:12]
INFO: [Synth 8-6155] done synthesizing module 'PmodTMP3_pmod_bridge_0_0' (0#1) [d:/Emphasis_B/project_1/project_1.gen/sources_1/bd/pmod_design_with_uart/ip/pmod_design_with_uart_PmodTMP3_0_0/src/PmodTMP3_pmod_bridge_0_0/synth/PmodTMP3_pmod_bridge_0_0.v:53]
WARNING: [Synth 8-7071] port 'in_top_i2c_gpio_bus_I' of module 'PmodTMP3_pmod_bridge_0_0' is unconnected for instance 'pmod_bridge_0' [d:/Emphasis_B/project_1/project_1.gen/sources_1/bd/pmod_design_with_uart/ipshared/2ce6/src/PmodTMP3.v:227]
WARNING: [Synth 8-7023] instance 'pmod_bridge_0' of module 'PmodTMP3_pmod_bridge_0_0' has 33 connections declared, but only 32 given [d:/Emphasis_B/project_1/project_1.gen/sources_1/bd/pmod_design_with_uart/ipshared/2ce6/src/PmodTMP3.v:227]
INFO: [Synth 8-6157] synthesizing module 'PmodTMP3_xlconstant_0_0' [d:/Emphasis_B/project_1/project_1.gen/sources_1/bd/pmod_design_with_uart/ip/pmod_design_with_uart_PmodTMP3_0_0/src/PmodTMP3_xlconstant_0_0/synth/PmodTMP3_xlconstant_0_0.v:53]
INFO: [Synth 8-6157] synthesizing module 'xlconstant_v1_1_7_xlconstant' [d:/Emphasis_B/project_1/project_1.gen/sources_1/bd/pmod_design_with_uart/ip/pmod_design_with_uart_PmodTMP3_0_0/src/PmodTMP3_xlconstant_0_0/hdl/xlconstant_v1_1_vl_rfs.v:23]
INFO: [Synth 8-6155] done synthesizing module 'xlconstant_v1_1_7_xlconstant' (0#1) [d:/Emphasis_B/project_1/project_1.gen/sources_1/bd/pmod_design_with_uart/ip/pmod_design_with_uart_PmodTMP3_0_0/src/PmodTMP3_xlconstant_0_0/hdl/xlconstant_v1_1_vl_rfs.v:23]
INFO: [Synth 8-6155] done synthesizing module 'PmodTMP3_xlconstant_0_0' (0#1) [d:/Emphasis_B/project_1/project_1.gen/sources_1/bd/pmod_design_with_uart/ip/pmod_design_with_uart_PmodTMP3_0_0/src/PmodTMP3_xlconstant_0_0/synth/PmodTMP3_xlconstant_0_0.v:53]
INFO: [Synth 8-6155] done synthesizing module 'PmodTMP3' (0#1) [d:/Emphasis_B/project_1/project_1.gen/sources_1/bd/pmod_design_with_uart/ipshared/2ce6/src/PmodTMP3.v:12]
INFO: [Synth 8-6155] done synthesizing module 'pmod_design_with_uart_PmodTMP3_0_0' (0#1) [d:/Emphasis_B/project_1/project_1.gen/sources_1/bd/pmod_design_with_uart/ip/pmod_design_with_uart_PmodTMP3_0_0/synth/pmod_design_with_uart_PmodTMP3_0_0.v:53]
WARNING: [Synth 8-6014] Unused sequential element ro_a_reg was removed.  [d:/Emphasis_B/project_1/project_1.gen/sources_1/bd/pmod_design_with_uart/ip/pmod_design_with_uart_PmodTMP3_0_0/src/PmodTMP3_axi_iic_0_0/hdl/axi_iic_v2_1_vh_rfs.vhd:2281]
WARNING: [Synth 8-6014] Unused sequential element sda_cout_reg_d1_reg was removed.  [d:/Emphasis_B/project_1/project_1.gen/sources_1/bd/pmod_design_with_uart/ip/pmod_design_with_uart_PmodTMP3_0_0/src/PmodTMP3_axi_iic_0_0/hdl/axi_iic_v2_1_vh_rfs.vhd:3669]
WARNING: [Synth 8-6014] Unused sequential element gen_stop_and_scl_hi_reg was removed.  [d:/Emphasis_B/project_1/project_1.gen/sources_1/bd/pmod_design_with_uart/ip/pmod_design_with_uart_PmodTMP3_0_0/src/PmodTMP3_axi_iic_0_0/hdl/axi_iic_v2_1_vh_rfs.vhd:3890]
WARNING: [Synth 8-6014] Unused sequential element dynamic_MSMS_d_reg was removed.  [d:/Emphasis_B/project_1/project_1.gen/sources_1/bd/pmod_design_with_uart/ip/pmod_design_with_uart_PmodTMP3_0_0/src/PmodTMP3_axi_iic_0_0/hdl/axi_iic_v2_1_vh_rfs.vhd:5281]
WARNING: [Synth 8-3848] Net in_top_bus_I in module/entity pmod_concat does not have driver. [d:/Emphasis_B/project_1/project_1.gen/sources_1/bd/pmod_design_with_uart/ip/pmod_design_with_uart_PmodTMP3_0_0/src/PmodTMP3_pmod_bridge_0_0/src/pmod_concat.v:84]
WARNING: [Synth 8-3848] Net in_top_uart_gpio_bus_I in module/entity pmod_concat does not have driver. [d:/Emphasis_B/project_1/project_1.gen/sources_1/bd/pmod_design_with_uart/ip/pmod_design_with_uart_PmodTMP3_0_0/src/PmodTMP3_pmod_bridge_0_0/src/pmod_concat.v:87]
WARNING: [Synth 8-3848] Net in_bottom_bus_I in module/entity pmod_concat does not have driver. [d:/Emphasis_B/project_1/project_1.gen/sources_1/bd/pmod_design_with_uart/ip/pmod_design_with_uart_PmodTMP3_0_0/src/PmodTMP3_pmod_bridge_0_0/src/pmod_concat.v:94]
WARNING: [Synth 8-3848] Net in_bottom_uart_gpio_bus_I in module/entity pmod_concat does not have driver. [d:/Emphasis_B/project_1/project_1.gen/sources_1/bd/pmod_design_with_uart/ip/pmod_design_with_uart_PmodTMP3_0_0/src/PmodTMP3_pmod_bridge_0_0/src/pmod_concat.v:97]
WARNING: [Synth 8-3848] Net in_bottom_i2c_gpio_bus_I in module/entity pmod_concat does not have driver. [d:/Emphasis_B/project_1/project_1.gen/sources_1/bd/pmod_design_with_uart/ip/pmod_design_with_uart_PmodTMP3_0_0/src/PmodTMP3_pmod_bridge_0_0/src/pmod_concat.v:100]
WARNING: [Synth 8-3848] Net in0_I in module/entity pmod_concat does not have driver. [d:/Emphasis_B/project_1/project_1.gen/sources_1/bd/pmod_design_with_uart/ip/pmod_design_with_uart_PmodTMP3_0_0/src/PmodTMP3_pmod_bridge_0_0/src/pmod_concat.v:104]
WARNING: [Synth 8-3848] Net in1_I in module/entity pmod_concat does not have driver. [d:/Emphasis_B/project_1/project_1.gen/sources_1/bd/pmod_design_with_uart/ip/pmod_design_with_uart_PmodTMP3_0_0/src/PmodTMP3_pmod_bridge_0_0/src/pmod_concat.v:105]
WARNING: [Synth 8-7129] Port in_top_bus_I[3] in module pmod_concat is either unconnected or has no load
WARNING: [Synth 8-7129] Port in_top_bus_I[2] in module pmod_concat is either unconnected or has no load
WARNING: [Synth 8-7129] Port in_top_bus_I[1] in module pmod_concat is either unconnected or has no load
WARNING: [Synth 8-7129] Port in_top_bus_I[0] in module pmod_concat is either unconnected or has no load
WARNING: [Synth 8-7129] Port in_top_uart_gpio_bus_I[1] in module pmod_concat is either unconnected or has no load
WARNING: [Synth 8-7129] Port in_top_uart_gpio_bus_I[0] in module pmod_concat is either unconnected or has no load
WARNING: [Synth 8-7129] Port in_bottom_bus_I[3] in module pmod_concat is either unconnected or has no load
WARNING: [Synth 8-7129] Port in_bottom_bus_I[2] in module pmod_concat is either unconnected or has no load
WARNING: [Synth 8-7129] Port in_bottom_bus_I[1] in module pmod_concat is either unconnected or has no load
WARNING: [Synth 8-7129] Port in_bottom_bus_I[0] in module pmod_concat is either unconnected or has no load
WARNING: [Synth 8-7129] Port in_bottom_uart_gpio_bus_I[1] in module pmod_concat is either unconnected or has no load
WARNING: [Synth 8-7129] Port in_bottom_uart_gpio_bus_I[0] in module pmod_concat is either unconnected or has no load
WARNING: [Synth 8-7129] Port in_bottom_i2c_gpio_bus_I[1] in module pmod_concat is either unconnected or has no load
WARNING: [Synth 8-7129] Port in_bottom_i2c_gpio_bus_I[0] in module pmod_concat is either unconnected or has no load
WARNING: [Synth 8-7129] Port in0_I in module pmod_concat is either unconnected or has no load
WARNING: [Synth 8-7129] Port in1_I in module pmod_concat is either unconnected or has no load
WARNING: [Synth 8-7129] Port in_top_bus_O[3] in module pmod_concat is either unconnected or has no load
WARNING: [Synth 8-7129] Port in_top_bus_O[2] in module pmod_concat is either unconnected or has no load
WARNING: [Synth 8-7129] Port in_top_bus_O[1] in module pmod_concat is either unconnected or has no load
WARNING: [Synth 8-7129] Port in_top_bus_O[0] in module pmod_concat is either unconnected or has no load
WARNING: [Synth 8-7129] Port in_top_bus_T[3] in module pmod_concat is either unconnected or has no load
WARNING: [Synth 8-7129] Port in_top_bus_T[2] in module pmod_concat is either unconnected or has no load
WARNING: [Synth 8-7129] Port in_top_bus_T[1] in module pmod_concat is either unconnected or has no load
WARNING: [Synth 8-7129] Port in_top_bus_T[0] in module pmod_concat is either unconnected or has no load
WARNING: [Synth 8-7129] Port in_top_uart_gpio_bus_O[1] in module pmod_concat is either unconnected or has no load
WARNING: [Synth 8-7129] Port in_top_uart_gpio_bus_O[0] in module pmod_concat is either unconnected or has no load
WARNING: [Synth 8-7129] Port in_top_uart_gpio_bus_T[1] in module pmod_concat is either unconnected or has no load
WARNING: [Synth 8-7129] Port in_top_uart_gpio_bus_T[0] in module pmod_concat is either unconnected or has no load
WARNING: [Synth 8-7129] Port in_bottom_bus_O[3] in module pmod_concat is either unconnected or has no load
WARNING: [Synth 8-7129] Port in_bottom_bus_O[2] in module pmod_concat is either unconnected or has no load
WARNING: [Synth 8-7129] Port in_bottom_bus_O[1] in module pmod_concat is either unconnected or has no load
WARNING: [Synth 8-7129] Port in_bottom_bus_O[0] in module pmod_concat is either unconnected or has no load
WARNING: [Synth 8-7129] Port in_bottom_bus_T[3] in module pmod_concat is either unconnected or has no load
WARNING: [Synth 8-7129] Port in_bottom_bus_T[2] in module pmod_concat is either unconnected or has no load
WARNING: [Synth 8-7129] Port in_bottom_bus_T[1] in module pmod_concat is either unconnected or has no load
WARNING: [Synth 8-7129] Port in_bottom_bus_T[0] in module pmod_concat is either unconnected or has no load
WARNING: [Synth 8-7129] Port in_bottom_uart_gpio_bus_O[1] in module pmod_concat is either unconnected or has no load
WARNING: [Synth 8-7129] Port in_bottom_uart_gpio_bus_O[0] in module pmod_concat is either unconnected or has no load
WARNING: [Synth 8-7129] Port in_bottom_uart_gpio_bus_T[1] in module pmod_concat is either unconnected or has no load
WARNING: [Synth 8-7129] Port in_bottom_uart_gpio_bus_T[0] in module pmod_concat is either unconnected or has no load
WARNING: [Synth 8-7129] Port in_bottom_i2c_gpio_bus_O[1] in module pmod_concat is either unconnected or has no load
WARNING: [Synth 8-7129] Port in_bottom_i2c_gpio_bus_O[0] in module pmod_concat is either unconnected or has no load
WARNING: [Synth 8-7129] Port in_bottom_i2c_gpio_bus_T[1] in module pmod_concat is either unconnected or has no load
WARNING: [Synth 8-7129] Port in_bottom_i2c_gpio_bus_T[0] in module pmod_concat is either unconnected or has no load
WARNING: [Synth 8-7129] Port in0_O in module pmod_concat is either unconnected or has no load
WARNING: [Synth 8-7129] Port in1_O in module pmod_concat is either unconnected or has no load
WARNING: [Synth 8-7129] Port in0_T in module pmod_concat is either unconnected or has no load
WARNING: [Synth 8-7129] Port in1_T in module pmod_concat is either unconnected or has no load
WARNING: [Synth 8-7129] Port Cr[0] in module dynamic_master is either unconnected or has no load
WARNING: [Synth 8-7129] Port Cr[1] in module dynamic_master is either unconnected or has no load
WARNING: [Synth 8-7129] Port Cr[2] in module dynamic_master is either unconnected or has no load
WARNING: [Synth 8-7129] Port Cr[4] in module dynamic_master is either unconnected or has no load
WARNING: [Synth 8-7129] Port Cr[6] in module dynamic_master is either unconnected or has no load
WARNING: [Synth 8-7129] Port Cr[7] in module dynamic_master is either unconnected or has no load
WARNING: [Synth 8-7129] Port Adr[0] in module iic_control is either unconnected or has no load
WARNING: [Synth 8-7129] Port Ten_adr[7] in module iic_control is either unconnected or has no load
WARNING: [Synth 8-7129] Port Ten_adr[6] in module iic_control is either unconnected or has no load
WARNING: [Synth 8-7129] Port Ten_adr[5] in module iic_control is either unconnected or has no load
WARNING: [Synth 8-7129] Port prmry_aclk in module cdc_sync is either unconnected or has no load
WARNING: [Synth 8-7129] Port prmry_resetn in module cdc_sync is either unconnected or has no load
WARNING: [Synth 8-7129] Port prmry_vect_in[31] in module cdc_sync is either unconnected or has no load
WARNING: [Synth 8-7129] Port prmry_vect_in[30] in module cdc_sync is either unconnected or has no load
WARNING: [Synth 8-7129] Port prmry_vect_in[29] in module cdc_sync is either unconnected or has no load
WARNING: [Synth 8-7129] Port prmry_vect_in[28] in module cdc_sync is either unconnected or has no load
WARNING: [Synth 8-7129] Port prmry_vect_in[27] in module cdc_sync is either unconnected or has no load
WARNING: [Synth 8-7129] Port prmry_vect_in[26] in module cdc_sync is either unconnected or has no load
WARNING: [Synth 8-7129] Port prmry_vect_in[25] in module cdc_sync is either unconnected or has no load
WARNING: [Synth 8-7129] Port prmry_vect_in[24] in module cdc_sync is either unconnected or has no load
WARNING: [Synth 8-7129] Port prmry_vect_in[23] in module cdc_sync is either unconnected or has no load
WARNING: [Synth 8-7129] Port prmry_vect_in[22] in module cdc_sync is either unconnected or has no load
WARNING: [Synth 8-7129] Port prmry_vect_in[21] in module cdc_sync is either unconnected or has no load
WARNING: [Synth 8-7129] Port prmry_vect_in[20] in module cdc_sync is either unconnected or has no load
WARNING: [Synth 8-7129] Port prmry_vect_in[19] in module cdc_sync is either unconnected or has no load
WARNING: [Synth 8-7129] Port prmry_vect_in[18] in module cdc_sync is either unconnected or has no load
WARNING: [Synth 8-7129] Port prmry_vect_in[17] in module cdc_sync is either unconnected or has no load
WARNING: [Synth 8-7129] Port prmry_vect_in[16] in module cdc_sync is either unconnected or has no load
WARNING: [Synth 8-7129] Port prmry_vect_in[15] in module cdc_sync is either unconnected or has no load
WARNING: [Synth 8-7129] Port prmry_vect_in[14] in module cdc_sync is either unconnected or has no load
WARNING: [Synth 8-7129] Port prmry_vect_in[13] in module cdc_sync is either unconnected or has no load
WARNING: [Synth 8-7129] Port prmry_vect_in[12] in module cdc_sync is either unconnected or has no load
WARNING: [Synth 8-7129] Port prmry_vect_in[11] in module cdc_sync is either unconnected or has no load
WARNING: [Synth 8-7129] Port prmry_vect_in[10] in module cdc_sync is either unconnected or has no load
WARNING: [Synth 8-7129] Port prmry_vect_in[9] in module cdc_sync is either unconnected or has no load
WARNING: [Synth 8-7129] Port prmry_vect_in[8] in module cdc_sync is either unconnected or has no load
WARNING: [Synth 8-7129] Port prmry_vect_in[7] in module cdc_sync is either unconnected or has no load
WARNING: [Synth 8-7129] Port prmry_vect_in[6] in module cdc_sync is either unconnected or has no load
WARNING: [Synth 8-7129] Port prmry_vect_in[5] in module cdc_sync is either unconnected or has no load
WARNING: [Synth 8-7129] Port prmry_vect_in[4] in module cdc_sync is either unconnected or has no load
WARNING: [Synth 8-7129] Port prmry_vect_in[3] in module cdc_sync is either unconnected or has no load
WARNING: [Synth 8-7129] Port prmry_vect_in[2] in module cdc_sync is either unconnected or has no load
WARNING: [Synth 8-7129] Port prmry_vect_in[1] in module cdc_sync is either unconnected or has no load
WARNING: [Synth 8-7129] Port prmry_vect_in[0] in module cdc_sync is either unconnected or has no load
WARNING: [Synth 8-7129] Port scndry_resetn in module cdc_sync is either unconnected or has no load
WARNING: [Synth 8-7129] Port Rst in module debounce is either unconnected or has no load
WARNING: [Synth 8-7129] Port Stable in module debounce is either unconnected or has no load
WARNING: [Synth 8-7129] Port Bus2IIC_Addr[0] in module reg_interface is either unconnected or has no load
WARNING: [Synth 8-7129] Port Bus2IIC_Data[0] in module reg_interface is either unconnected or has no load
WARNING: [Synth 8-7129] Port Bus2IIC_Data[1] in module reg_interface is either unconnected or has no load
WARNING: [Synth 8-7129] Port Bus2IIC_Data[2] in module reg_interface is either unconnected or has no load
WARNING: [Synth 8-7129] Port Bus2IIC_Data[3] in module reg_interface is either unconnected or has no load
INFO: [Common 17-14] Message 'Synth 8-7129' appears 100 times and further instances of the messages will be disabled. Use the Tcl command set_msg_config to change the current settings.
---------------------------------------------------------------------------------
Finished RTL Elaboration : Time (s): cpu = 00:00:13 ; elapsed = 00:00:14 . Memory (MB): peak = 1433.598 ; gain = 526.465
---------------------------------------------------------------------------------
---------------------------------------------------------------------------------
Start Handling Custom Attributes
---------------------------------------------------------------------------------
---------------------------------------------------------------------------------
Finished Handling Custom Attributes : Time (s): cpu = 00:00:13 ; elapsed = 00:00:14 . Memory (MB): peak = 1433.598 ; gain = 526.465
---------------------------------------------------------------------------------
---------------------------------------------------------------------------------
Finished RTL Optimization Phase 1 : Time (s): cpu = 00:00:13 ; elapsed = 00:00:14 . Memory (MB): peak = 1433.598 ; gain = 526.465
---------------------------------------------------------------------------------
Netlist sorting complete. Time (s): cpu = 00:00:00 ; elapsed = 00:00:00.048 . Memory (MB): peak = 1433.598 ; gain = 0.000
INFO: [Netlist 29-17] Analyzing 44 Unisim elements for replacement
INFO: [Netlist 29-28] Unisim Transformation completed in 0 CPU seconds
INFO: [Project 1-570] Preparing netlist for logic optimization

Processing XDC Constraints
Initializing timing engine
Parsing XDC File [d:/Emphasis_B/project_1/project_1.gen/sources_1/bd/pmod_design_with_uart/ip/pmod_design_with_uart_PmodTMP3_0_0/src/PmodTMP3_ooc.xdc] for cell 'inst'
Finished Parsing XDC File [d:/Emphasis_B/project_1/project_1.gen/sources_1/bd/pmod_design_with_uart/ip/pmod_design_with_uart_PmodTMP3_0_0/src/PmodTMP3_ooc.xdc] for cell 'inst'
Parsing XDC File [d:/Emphasis_B/project_1/project_1.gen/sources_1/bd/pmod_design_with_uart/ip/pmod_design_with_uart_PmodTMP3_0_0/src/PmodTMP3_pmod_bridge_0_0/PmodTMP3_pmod_bridge_0_0_board.xdc] for cell 'inst/pmod_bridge_0/inst'
Finished Parsing XDC File [d:/Emphasis_B/project_1/project_1.gen/sources_1/bd/pmod_design_with_uart/ip/pmod_design_with_uart_PmodTMP3_0_0/src/PmodTMP3_pmod_bridge_0_0/PmodTMP3_pmod_bridge_0_0_board.xdc] for cell 'inst/pmod_bridge_0/inst'
Parsing XDC File [d:/Emphasis_B/project_1/project_1.gen/sources_1/bd/pmod_design_with_uart/ip/pmod_design_with_uart_PmodTMP3_0_0/src/PmodTMP3_axi_iic_0_0/PmodTMP3_axi_iic_0_0_board.xdc] for cell 'inst/axi_iic_0/U0'
Finished Parsing XDC File [d:/Emphasis_B/project_1/project_1.gen/sources_1/bd/pmod_design_with_uart/ip/pmod_design_with_uart_PmodTMP3_0_0/src/PmodTMP3_axi_iic_0_0/PmodTMP3_axi_iic_0_0_board.xdc] for cell 'inst/axi_iic_0/U0'
Parsing XDC File [d:/Emphasis_B/project_1/project_1.gen/sources_1/bd/pmod_design_with_uart/ip/pmod_design_with_uart_PmodTMP3_0_0/pmod_design_with_uart_PmodTMP3_0_0_board.xdc] for cell 'inst'
CRITICAL WARNING: [Common 17-69] Command failed: BOARD_PART_PIN cannot be assigned to more than one port [d:/Emphasis_B/project_1/project_1.gen/sources_1/bd/pmod_design_with_uart/ip/pmod_design_with_uart_PmodTMP3_0_0/pmod_design_with_uart_PmodTMP3_0_0_board.xdc:3]
CRITICAL WARNING: [Common 17-69] Command failed: BOARD_PART_PIN cannot be assigned to more than one port [d:/Emphasis_B/project_1/project_1.gen/sources_1/bd/pmod_design_with_uart/ip/pmod_design_with_uart_PmodTMP3_0_0/pmod_design_with_uart_PmodTMP3_0_0_board.xdc:4]
CRITICAL WARNING: [Common 17-69] Command failed: BOARD_PART_PIN cannot be assigned to more than one port [d:/Emphasis_B/project_1/project_1.gen/sources_1/bd/pmod_design_with_uart/ip/pmod_design_with_uart_PmodTMP3_0_0/pmod_design_with_uart_PmodTMP3_0_0_board.xdc:7]
CRITICAL WARNING: [Common 17-69] Command failed: BOARD_PART_PIN cannot be assigned to more than one port [d:/Emphasis_B/project_1/project_1.gen/sources_1/bd/pmod_design_with_uart/ip/pmod_design_with_uart_PmodTMP3_0_0/pmod_design_with_uart_PmodTMP3_0_0_board.xdc:8]
CRITICAL WARNING: [Common 17-69] Command failed: BOARD_PART_PIN cannot be assigned to more than one port [d:/Emphasis_B/project_1/project_1.gen/sources_1/bd/pmod_design_with_uart/ip/pmod_design_with_uart_PmodTMP3_0_0/pmod_design_with_uart_PmodTMP3_0_0_board.xdc:9]
CRITICAL WARNING: [Common 17-69] Command failed: BOARD_PART_PIN cannot be assigned to more than one port [d:/Emphasis_B/project_1/project_1.gen/sources_1/bd/pmod_design_with_uart/ip/pmod_design_with_uart_PmodTMP3_0_0/pmod_design_with_uart_PmodTMP3_0_0_board.xdc:10]
Finished Parsing XDC File [d:/Emphasis_B/project_1/project_1.gen/sources_1/bd/pmod_design_with_uart/ip/pmod_design_with_uart_PmodTMP3_0_0/pmod_design_with_uart_PmodTMP3_0_0_board.xdc] for cell 'inst'
Parsing XDC File [D:/Emphasis_B/project_1/project_1.runs/pmod_design_with_uart_PmodTMP3_0_0_synth_1/dont_touch.xdc]
Finished Parsing XDC File [D:/Emphasis_B/project_1/project_1.runs/pmod_design_with_uart_PmodTMP3_0_0_synth_1/dont_touch.xdc]
INFO: [Project 1-236] Implementation specific constraints were found while reading constraint file [D:/Emphasis_B/project_1/project_1.runs/pmod_design_with_uart_PmodTMP3_0_0_synth_1/dont_touch.xdc]. These constraints will be ignored for synthesis but will be used in implementation. Impacted constraints are listed in the file [.Xil/pmod_design_with_uart_PmodTMP3_0_0_propImpl.xdc].
Resolution: To avoid this warning, move constraints listed in [.Xil/pmod_design_with_uart_PmodTMP3_0_0_propImpl.xdc] to another XDC file and exclude this new file from synthesis with the used_in_synthesis property (File Properties dialog in GUI) and re-run elaboration/synthesis.
Completed Processing XDC Constraints

Netlist sorting complete. Time (s): cpu = 00:00:00 ; elapsed = 00:00:00.002 . Memory (MB): peak = 1534.285 ; gain = 0.000
INFO: [Project 1-111] Unisim Transformation Summary:
  A total of 32 instances were transformed.
  FDR => FDRE: 15 instances
  FDRSE => FDRSE (FDRE, LUT4, VCC): 5 instances
  MUXCY_L => MUXCY: 12 instances

Constraint Validation Runtime : Time (s): cpu = 00:00:00 ; elapsed = 00:00:00.043 . Memory (MB): peak = 1535.020 ; gain = 0.734
INFO: [Designutils 20-5008] Incremental synthesis strategy off
---------------------------------------------------------------------------------
Finished Constraint Validation : Time (s): cpu = 00:00:25 ; elapsed = 00:00:26 . Memory (MB): peak = 1535.020 ; gain = 627.887
---------------------------------------------------------------------------------
---------------------------------------------------------------------------------
Start Loading Part and Timing Information
---------------------------------------------------------------------------------
Loading part: xc7a100tcsg324-1
---------------------------------------------------------------------------------
Finished Loading Part and Timing Information : Time (s): cpu = 00:00:25 ; elapsed = 00:00:26 . Memory (MB): peak = 1535.020 ; gain = 627.887
---------------------------------------------------------------------------------
---------------------------------------------------------------------------------
Start Applying 'set_property' XDC Constraints
---------------------------------------------------------------------------------
Applied set_property KEEP_HIERARCHY = SOFT for inst/axi_iic_0/U0. (constraint file  D:/Emphasis_B/project_1/project_1.runs/pmod_design_with_uart_PmodTMP3_0_0_synth_1/dont_touch.xdc, line 17).
Applied set_property KEEP_HIERARCHY = SOFT for inst. (constraint file  D:/Emphasis_B/project_1/project_1.runs/pmod_design_with_uart_PmodTMP3_0_0_synth_1/dont_touch.xdc, line 23).
Applied set_property KEEP_HIERARCHY = SOFT for inst/pmod_bridge_0/inst. (constraint file  D:/Emphasis_B/project_1/project_1.runs/pmod_design_with_uart_PmodTMP3_0_0_synth_1/dont_touch.xdc, line 30).
Applied set_property KEEP_HIERARCHY = SOFT for inst/xlconstant_0. (constraint file  auto generated constraint).
Applied set_property KEEP_HIERARCHY = SOFT for inst/pmod_bridge_0. (constraint file  auto generated constraint).
Applied set_property KEEP_HIERARCHY = SOFT for inst/axi_iic_0. (constraint file  auto generated constraint).
Applied set_property KEEP = true for inst/axi_iic_0/U0/X_IIC/IIC_CONTROL_I/Scl_T. (constraint file  auto generated constraint).
Applied set_property KEEP = true for inst/axi_iic_0/U0/X_IIC/IIC_CONTROL_I/Sda_T. (constraint file  auto generated constraint).
---------------------------------------------------------------------------------
Finished applying 'set_property' XDC Constraints : Time (s): cpu = 00:00:25 ; elapsed = 00:00:26 . Memory (MB): peak = 1535.020 ; gain = 627.887
---------------------------------------------------------------------------------
INFO: [Synth 8-802] inferred FSM for state register 'state_reg' in module 'slave_attachment'
INFO: [Synth 8-802] inferred FSM for state register 'scl_state_reg' in module 'iic_control'
INFO: [Synth 8-802] inferred FSM for state register 'state_reg' in module 'iic_control'
---------------------------------------------------------------------------------------------------
                   State |                     New Encoding |                Previous Encoding 
---------------------------------------------------------------------------------------------------
                 iSTATE2 |                             0001 |                               00
                  iSTATE |                             0010 |                               01
                 iSTATE0 |                             0100 |                               10
                 iSTATE1 |                             1000 |                               11
---------------------------------------------------------------------------------------------------
INFO: [Synth 8-3354] encoded FSM with state register 'state_reg' using encoding 'one-hot' in module 'slave_attachment'
---------------------------------------------------------------------------------------------------
                   State |                     New Encoding |                Previous Encoding 
---------------------------------------------------------------------------------------------------
                    idle |                              000 |                              000
                  header |                              101 |                              001
              ack_header |                              110 |                              010
                rcv_data |                              100 |                              011
                ack_data |                              011 |                              100
               xmit_data |                              010 |                              101
                wait_ack |                              001 |                              110
---------------------------------------------------------------------------------------------------
INFO: [Synth 8-3354] encoded FSM with state register 'state_reg' using encoding 'sequential' in module 'iic_control'
---------------------------------------------------------------------------------------------------
                   State |                     New Encoding |                Previous Encoding 
---------------------------------------------------------------------------------------------------
                scl_idle |                       0000000001 |                             0000
              start_wait |                       0000000010 |                             0001
                   start |                       0000000100 |                             0010
              start_edge |                       0000001000 |                             0011
            scl_low_edge |                       0000010000 |                             0100
                 scl_low |                       0000100000 |                             0101
           scl_high_edge |                       0001000000 |                             0110
                scl_high |                       0010000000 |                             0111
               stop_edge |                       0100000000 |                             1000
               stop_wait |                       1000000000 |                             1001
---------------------------------------------------------------------------------------------------
INFO: [Synth 8-3354] encoded FSM with state register 'scl_state_reg' using encoding 'one-hot' in module 'iic_control'
---------------------------------------------------------------------------------
Finished RTL Optimization Phase 2 : Time (s): cpu = 00:00:26 ; elapsed = 00:00:28 . Memory (MB): peak = 1535.020 ; gain = 627.887
---------------------------------------------------------------------------------
---------------------------------------------------------------------------------
Start RTL Component Statistics 
---------------------------------------------------------------------------------
Detailed RTL Component Info : 
+---Adders : 
	   2 Input   10 Bit       Adders := 2     
	   2 Input    8 Bit       Adders := 1     
	   2 Input    4 Bit       Adders := 2     
+---XORs : 
	   2 Input      1 Bit         XORs := 20    
+---Registers : 
	               32 Bit    Registers := 1     
	               10 Bit    Registers := 10    
	                9 Bit    Registers := 2     
	                8 Bit    Registers := 8     
	                7 Bit    Registers := 1     
	                4 Bit    Registers := 3     
	                2 Bit    Registers := 4     
	                1 Bit    Registers := 142   
+---Muxes : 
	   2 Input   32 Bit        Muxes := 5     
	   2 Input   10 Bit        Muxes := 15    
	  10 Input   10 Bit        Muxes := 1     
	   2 Input    9 Bit        Muxes := 1     
	   3 Input    9 Bit        Muxes := 1     
	   2 Input    8 Bit        Muxes := 4     
	   4 Input    4 Bit        Muxes := 1     
	   2 Input    4 Bit        Muxes := 6     
	  21 Input    3 Bit        Muxes := 1     
	   2 Input    2 Bit        Muxes := 4     
	   3 Input    2 Bit        Muxes := 1     
	   4 Input    2 Bit        Muxes := 1     
	   2 Input    1 Bit        Muxes := 106   
	   4 Input    1 Bit        Muxes := 3     
	   7 Input    1 Bit        Muxes := 3     
	   3 Input    1 Bit        Muxes := 1     
	  10 Input    1 Bit        Muxes := 10    
---------------------------------------------------------------------------------
Finished RTL Component Statistics 
---------------------------------------------------------------------------------
---------------------------------------------------------------------------------
Start Part Resource Summary
---------------------------------------------------------------------------------
Part Resources:
DSPs: 240 (col length:80)
BRAMs: 270 (col length: RAMB18 80 RAMB36 40)
---------------------------------------------------------------------------------
Finished Part Resource Summary
---------------------------------------------------------------------------------
---------------------------------------------------------------------------------
Start Cross Boundary and Area Optimization
---------------------------------------------------------------------------------
WARNING: [Synth 8-7080] Parallel synthesis criteria is not met
INFO: [Synth 8-3332] Sequential element (X_IIC/FILTER_I/SCL_DEBOUNCE/INPUT_DOUBLE_REGS/GENERATE_LEVEL_P_S_CDC.SINGLE_BIT.CROSS_PLEVEL_IN2SCNDRY_s_level_out_d5) is unused and will be removed from module axi_iic.
INFO: [Synth 8-3332] Sequential element (X_IIC/FILTER_I/SCL_DEBOUNCE/INPUT_DOUBLE_REGS/GENERATE_LEVEL_P_S_CDC.SINGLE_BIT.CROSS_PLEVEL_IN2SCNDRY_s_level_out_d6) is unused and will be removed from module axi_iic.
INFO: [Synth 8-3332] Sequential element (X_IIC/FILTER_I/SDA_DEBOUNCE/INPUT_DOUBLE_REGS/GENERATE_LEVEL_P_S_CDC.SINGLE_BIT.CROSS_PLEVEL_IN2SCNDRY_s_level_out_d5) is unused and will be removed from module axi_iic.
INFO: [Synth 8-3332] Sequential element (X_IIC/FILTER_I/SDA_DEBOUNCE/INPUT_DOUBLE_REGS/GENERATE_LEVEL_P_S_CDC.SINGLE_BIT.CROSS_PLEVEL_IN2SCNDRY_s_level_out_d6) is unused and will be removed from module axi_iic.
---------------------------------------------------------------------------------
Finished Cross Boundary and Area Optimization : Time (s): cpu = 00:00:32 ; elapsed = 00:00:33 . Memory (MB): peak = 1535.020 ; gain = 627.887
---------------------------------------------------------------------------------
---------------------------------------------------------------------------------
Start Applying XDC Timing Constraints
---------------------------------------------------------------------------------
---------------------------------------------------------------------------------
Finished Applying XDC Timing Constraints : Time (s): cpu = 00:00:40 ; elapsed = 00:00:42 . Memory (MB): peak = 1535.020 ; gain = 627.887
---------------------------------------------------------------------------------
---------------------------------------------------------------------------------
Start Timing Optimization
---------------------------------------------------------------------------------
---------------------------------------------------------------------------------
Finished Timing Optimization : Time (s): cpu = 00:00:43 ; elapsed = 00:00:45 . Memory (MB): peak = 1535.020 ; gain = 627.887
---------------------------------------------------------------------------------
---------------------------------------------------------------------------------
Start Technology Mapping
---------------------------------------------------------------------------------
---------------------------------------------------------------------------------
Finished Technology Mapping : Time (s): cpu = 00:00:43 ; elapsed = 00:00:45 . Memory (MB): peak = 1535.020 ; gain = 627.887
---------------------------------------------------------------------------------
---------------------------------------------------------------------------------
Start IO Insertion
---------------------------------------------------------------------------------
---------------------------------------------------------------------------------
Start Flattening Before IO Insertion
---------------------------------------------------------------------------------
---------------------------------------------------------------------------------
Finished Flattening Before IO Insertion
---------------------------------------------------------------------------------
---------------------------------------------------------------------------------
Start Final Netlist Cleanup
---------------------------------------------------------------------------------
---------------------------------------------------------------------------------
Finished Final Netlist Cleanup
---------------------------------------------------------------------------------
---------------------------------------------------------------------------------
Finished IO Insertion : Time (s): cpu = 00:00:51 ; elapsed = 00:00:53 . Memory (MB): peak = 1535.020 ; gain = 627.887
---------------------------------------------------------------------------------
---------------------------------------------------------------------------------
Start Renaming Generated Instances
---------------------------------------------------------------------------------
---------------------------------------------------------------------------------
Finished Renaming Generated Instances : Time (s): cpu = 00:00:51 ; elapsed = 00:00:53 . Memory (MB): peak = 1535.020 ; gain = 627.887
---------------------------------------------------------------------------------
---------------------------------------------------------------------------------
Start Rebuilding User Hierarchy
---------------------------------------------------------------------------------
---------------------------------------------------------------------------------
Finished Rebuilding User Hierarchy : Time (s): cpu = 00:00:51 ; elapsed = 00:00:53 . Memory (MB): peak = 1535.020 ; gain = 627.887
---------------------------------------------------------------------------------
---------------------------------------------------------------------------------
Start Renaming Generated Ports
---------------------------------------------------------------------------------
---------------------------------------------------------------------------------
Finished Renaming Generated Ports : Time (s): cpu = 00:00:51 ; elapsed = 00:00:53 . Memory (MB): peak = 1535.020 ; gain = 627.887
---------------------------------------------------------------------------------
---------------------------------------------------------------------------------
Start Handling Custom Attributes
---------------------------------------------------------------------------------
---------------------------------------------------------------------------------
Finished Handling Custom Attributes : Time (s): cpu = 00:00:51 ; elapsed = 00:00:53 . Memory (MB): peak = 1535.020 ; gain = 627.887
---------------------------------------------------------------------------------
---------------------------------------------------------------------------------
Start Renaming Generated Nets
---------------------------------------------------------------------------------
---------------------------------------------------------------------------------
Finished Renaming Generated Nets : Time (s): cpu = 00:00:51 ; elapsed = 00:00:53 . Memory (MB): peak = 1535.020 ; gain = 627.887
---------------------------------------------------------------------------------
---------------------------------------------------------------------------------
Start Writing Synthesis Report
---------------------------------------------------------------------------------

Report BlackBoxes: 
+-+--------------+----------+
| |BlackBox name |Instances |
+-+--------------+----------+
+-+--------------+----------+

Report Cell Usage: 
+------+--------+------+
|      |Cell    |Count |
+------+--------+------+
|1     |CARRY4  |    10|
|2     |LUT1    |     7|
|3     |LUT2    |    55|
|4     |LUT3    |    51|
|5     |LUT4    |    85|
|6     |LUT5    |    70|
|7     |LUT6    |   190|
|8     |MUXCY_L |     9|
|9     |MUXF7   |     8|
|10    |MUXF8   |     4|
|11    |SRL16E  |    18|
|12    |XORCY   |    12|
|13    |FDR     |    11|
|14    |FDRE    |   314|
|15    |FDSE    |    50|
+------+--------+------+
---------------------------------------------------------------------------------
Finished Writing Synthesis Report : Time (s): cpu = 00:00:51 ; elapsed = 00:00:53 . Memory (MB): peak = 1535.020 ; gain = 627.887
---------------------------------------------------------------------------------
Synthesis finished with 0 errors, 0 critical warnings and 100 warnings.
Synthesis Optimization Runtime : Time (s): cpu = 00:00:35 ; elapsed = 00:00:50 . Memory (MB): peak = 1535.020 ; gain = 526.465
Synthesis Optimization Complete : Time (s): cpu = 00:00:51 ; elapsed = 00:00:53 . Memory (MB): peak = 1535.020 ; gain = 627.887
INFO: [Project 1-571] Translating synthesized netlist
Netlist sorting complete. Time (s): cpu = 00:00:00 ; elapsed = 00:00:00.047 . Memory (MB): peak = 1535.020 ; gain = 0.000
INFO: [Netlist 29-17] Analyzing 54 Unisim elements for replacement
INFO: [Netlist 29-28] Unisim Transformation completed in 0 CPU seconds
INFO: [Project 1-570] Preparing netlist for logic optimization
INFO: [Opt 31-138] Pushed 0 inverter(s) to 0 load pin(s).
Netlist sorting complete. Time (s): cpu = 00:00:00 ; elapsed = 00:00:00 . Memory (MB): peak = 1535.020 ; gain = 0.000
INFO: [Project 1-111] Unisim Transformation Summary:
  A total of 14 instances were transformed.
  (MUXCY,XORCY) => CARRY4: 3 instances
  FDR => FDRE: 11 instances

Synth Design complete | Checksum: 690ad058
INFO: [Common 17-83] Releasing license: Synthesis
218 Infos, 115 Warnings, 6 Critical Warnings and 0 Errors encountered.
synth_design completed successfully
synth_design: Time (s): cpu = 00:00:57 ; elapsed = 00:01:01 . Memory (MB): peak = 1535.020 ; gain = 1026.848
INFO: [Common 17-1381] The checkpoint 'D:/Emphasis_B/project_1/project_1.runs/pmod_design_with_uart_PmodTMP3_0_0_synth_1/pmod_design_with_uart_PmodTMP3_0_0.dcp' has been generated.
INFO: [runtcl-6] Synthesis results are not added to the cache due to CRITICAL_WARNING
INFO: [Coretcl 2-1174] Renamed 28 cell refs.
INFO: [Common 17-1381] The checkpoint 'D:/Emphasis_B/project_1/project_1.runs/pmod_design_with_uart_PmodTMP3_0_0_synth_1/pmod_design_with_uart_PmodTMP3_0_0.dcp' has been generated.
INFO: [runtcl-4] Executing : report_utilization -file pmod_design_with_uart_PmodTMP3_0_0_utilization_synth.rpt -pb pmod_design_with_uart_PmodTMP3_0_0_utilization_synth.pb
INFO: [Common 17-206] Exiting Vivado at Wed Jan 17 18:03:01 2024...
