21:12:51 DEBUG : Logs will be stored at 'D:/Emphasis_B/Labs/Lab_4/Lab_4_Exercise_2/IDE.log'.
21:13:23 INFO  : Registering command handlers for Vitis TCF services
21:13:23 INFO  : Launching XSCT server: xsct.bat -n  -interactive D:\Emphasis_B\Labs\Lab_4\Lab_4_Exercise_2\temp_xsdb_launch_script.tcl
21:13:23 INFO  : Platform repository initialization has completed.
21:13:27 INFO  : XSCT server has started successfully.
21:13:27 INFO  : Successfully done setting XSCT server connection channel  
21:13:31 INFO  : plnx-install-location is set to ''
21:13:31 INFO  : Successfully done setting workspace for the tool. 
21:13:31 INFO  : Successfully done query RDI_DATADIR 
21:14:00 INFO  : Result from executing command 'getProjects': platform_project
21:14:00 INFO  : Result from executing command 'getPlatforms': 
21:14:13 INFO  : Result from executing command 'getProjects': platform_project
21:14:13 INFO  : Result from executing command 'getPlatforms': platform_project|D:/Emphasis_B/Labs/Lab_4/Lab_4_Exercise_2/platform_project/export/platform_project/platform_project.xpfm
21:18:35 INFO  : Checking for BSP changes to sync application flags for project 'application_project'...
21:20:22 INFO  : Connected to target on host '127.0.0.1' and port '3121'.
21:20:22 INFO  : Jtag cable 'Digilent Nexys A7 -100T 210292B61C74A' is selected.
21:20:22 INFO  : 'jtag frequency' command is executed.
21:20:22 INFO  : 'targets -set -filter {jtag_cable_name =~ "Digilent Nexys A7 -100T 210292B61C74A" && level==0 && jtag_device_ctx=="jsn-Nexys A7 -100T-210292B61C74A-13631093-0"}' command is executed.
21:20:25 INFO  : Device configured successfully with "D:/Emphasis_B/Labs/Lab_4/Lab_4_Exercise_2/application_project/_ide/bitstream/lab_1_exercise_1_hardware_wrapper.bit"
21:20:25 INFO  : Context for processor 'microblaze_0' is selected.
21:20:25 INFO  : Hardware design and registers information is loaded from 'D:/Emphasis_B/Labs/Lab_4/Lab_4_Exercise_2/platform_project/export/platform_project/hw/lab_1_exercise_1_hardware_wrapper.xsa'.
21:20:25 INFO  : 'configparams mdm-detect-bscan-mask 2' command is executed.
21:20:25 INFO  : Context for processor 'microblaze_0' is selected.
21:20:25 INFO  : System reset is completed.
21:20:28 INFO  : 'after 3000' command is executed.
21:20:28 INFO  : Context for processor 'microblaze_0' is selected.
21:20:28 INFO  : The application 'D:/Emphasis_B/Labs/Lab_4/Lab_4_Exercise_2/application_project/Debug/application_project.elf' is downloaded to processor 'microblaze_0'.
21:20:28 INFO  : ----------------XSDB Script----------------
connect -url tcp:127.0.0.1:3121
targets -set -filter {jtag_cable_name =~ "Digilent Nexys A7 -100T 210292B61C74A" && level==0 && jtag_device_ctx=="jsn-Nexys A7 -100T-210292B61C74A-13631093-0"}
fpga -file D:/Emphasis_B/Labs/Lab_4/Lab_4_Exercise_2/application_project/_ide/bitstream/lab_1_exercise_1_hardware_wrapper.bit
targets -set -nocase -filter {name =~ "*microblaze*#0" && bscan=="USER2" }
loadhw -hw D:/Emphasis_B/Labs/Lab_4/Lab_4_Exercise_2/platform_project/export/platform_project/hw/lab_1_exercise_1_hardware_wrapper.xsa -regs
configparams mdm-detect-bscan-mask 2
targets -set -nocase -filter {name =~ "*microblaze*#0" && bscan=="USER2" }
rst -system
after 3000
targets -set -nocase -filter {name =~ "*microblaze*#0" && bscan=="USER2" }
dow D:/Emphasis_B/Labs/Lab_4/Lab_4_Exercise_2/application_project/Debug/application_project.elf
----------------End of Script----------------

21:20:28 INFO  : Context for processor 'microblaze_0' is selected.
21:20:28 INFO  : 'con' command is executed.
21:20:28 INFO  : ----------------XSDB Script (After Launch)----------------
targets -set -nocase -filter {name =~ "*microblaze*#0" && bscan=="USER2" }
con
----------------End of Script----------------

21:20:28 INFO  : Launch script is exported to file 'D:\Emphasis_B\Labs\Lab_4\Lab_4_Exercise_2\application_project_system\_ide\scripts\debugger_application_project-default.tcl'
21:25:28 INFO  : Disconnected from the channel tcfchan#2.
